#
# There is insufficient memory for the Java Runtime Environment to continue.
# Native memory allocation (malloc) failed to allocate 761136 bytes for Chunk::new
# Possible reasons:
#   The system is out of physical RAM or swap space
#   The process is running with CompressedOops enabled, and the Java Heap may be blocking the growth of the native heap
# Possible solutions:
#   Reduce memory load on the system
#   Increase physical memory or swap space
#   Check if swap backing store is full
#   Decrease Java heap size (-Xmx/-Xms)
#   Decrease number of Java threads
#   Decrease Java thread stack sizes (-Xss)
#   Set larger code cache with -XX:ReservedCodeCacheSize=
#   JVM is running with Unscaled Compressed Oops mode in which the Java heap is
#     placed in the first 4GB address space. The Java Heap base address is the
#     maximum limit for the native heap growth. Please use -XX:HeapBaseMinAddress
#     to set the Java Heap base and to place the Java Heap above 4GB virtual address.
# This output file may be truncated or incomplete.
#
#  Out of Memory Error (t:/workspace/open/src/hotspot/share/memory/arena.cpp:196), pid=4836, tid=7524
#
# JRE version: Java(TM) SE Runtime Environment (13.0.1+9) (build 13.0.1+9)
# Java VM: Java HotSpot(TM) 64-Bit Server VM (13.0.1+9, mixed mode, sharing, tiered, compressed oops, g1 gc, windows-amd64)
# No core dump will be written. Minidumps are not enabled by default on client versions of Windows
#

---------------  S U M M A R Y ------------

Command Line: --add-modules=ALL-SYSTEM --add-opens=java.base/java.util=ALL-UNNAMED --add-opens=java.base/java.lang=ALL-UNNAMED -Declipse.application=org.eclipse.jdt.ls.core.id1 -Dosgi.bundles.defaultStartLevel=4 -Declipse.product=org.eclipse.jdt.ls.core.product -Dfile.encoding=utf8 -DwatchParentProcess=false -Xverify:none -Xmx1G -XX:+UseG1GC -XX:+UseStringDeduplication c:\Users\samda\.vscode\extensions\redhat.java-0.55.1\server\plugins\org.eclipse.equinox.launcher_1.5.600.v20191014-2022.jar -configuration c:\Users\samda\.vscode\extensions\redhat.java-0.55.1\server\config_win -data c:\Users\samda\AppData\Roaming\Code\User\workspaceStorage\07c03c04871282faabae7c1f4f40eecc\redhat.java\jdt_ws

Host: AMD A6-9220e RADEON R4, 5 COMPUTE CORES 2C+3G  , 2 cores, 3G,  Windows 10 , 64 bit Build 18362 (10.0.18362.329)
Time: Wed Jan 15 20:36:00 2020 Mountain Standard Time elapsed time: 487 seconds (0d 0h 8m 7s)

---------------  T H R E A D  ---------------

Current thread (0x000001d773dba800):  JavaThread "C2 CompilerThread0" daemon [_thread_in_native, id=7524, stack(0x0000002666200000,0x0000002666300000)]


Current CompileTask:
C2: 487033 6474   !   4       java.util.zip.ZipFile::getInputStream (327 bytes)

Stack: [0x0000002666200000,0x0000002666300000]
Native frames: (J=compiled Java code, j=interpreted, Vv=VM code, C=native code)
V  [jvm.dll+0x626eca]
V  [jvm.dll+0x772c6a]
V  [jvm.dll+0x77441f]
V  [jvm.dll+0x774a23]
V  [jvm.dll+0x24da58]
V  [jvm.dll+0xc3ae7]
V  [jvm.dll+0xc406c]
V  [jvm.dll+0x35de18]
V  [jvm.dll+0x329593]
V  [jvm.dll+0x32896a]
V  [jvm.dll+0x2078c7]
V  [jvm.dll+0x206adf]
V  [jvm.dll+0x18b94c]
V  [jvm.dll+0x2159bd]
V  [jvm.dll+0x213e6b]
V  [jvm.dll+0x738b16]
V  [jvm.dll+0x731c0a]
V  [jvm.dll+0x6260c6]
C  [ucrtbase.dll+0x20e72]
C  [KERNEL32.DLL+0x17bd4]
C  [ntdll.dll+0x6ced1]


---------------  P R O C E S S  ---------------

Threads class SMR info:
_java_thread_list=0x000001d779544a10, length=30, elements={
0x000001d75812e000, 0x000001d7581fe000, 0x000001d773d96800, 0x000001d773db7800,
0x000001d773db9800, 0x000001d773dba800, 0x000001d773e20000, 0x000001d773e2d000,
0x000001d7747e7000, 0x000001d77490c000, 0x000001d774ff1800, 0x000001d77506f800,
0x000001d775070800, 0x000001d77483b000, 0x000001d7757b6800, 0x000001d7748bc000,
0x000001d77488c000, 0x000001d774a60000, 0x000001d773e24800, 0x000001d77526a800,
0x000001d775268000, 0x000001d775268800, 0x000001d77526b000, 0x000001d775269800,
0x000001d77526c000, 0x000001d775266000, 0x000001d77526d000, 0x000001d777676800,
0x000001d777679000, 0x000001d777677800
}

Java Threads: ( => current thread )
  0x000001d75812e000 JavaThread "main" [_thread_blocked, id=5972, stack(0x0000002665600000,0x0000002665700000)]
  0x000001d7581fe000 JavaThread "Reference Handler" daemon [_thread_blocked, id=1816, stack(0x0000002665e00000,0x0000002665f00000)]
  0x000001d773d96800 JavaThread "Finalizer" daemon [_thread_blocked, id=2100, stack(0x0000002665f00000,0x0000002666000000)]
  0x000001d773db7800 JavaThread "Signal Dispatcher" daemon [_thread_blocked, id=6860, stack(0x0000002666000000,0x0000002666100000)]
  0x000001d773db9800 JavaThread "Attach Listener" daemon [_thread_blocked, id=7028, stack(0x0000002666100000,0x0000002666200000)]
=>0x000001d773dba800 JavaThread "C2 CompilerThread0" daemon [_thread_in_native, id=7524, stack(0x0000002666200000,0x0000002666300000)]
  0x000001d773e20000 JavaThread "C1 CompilerThread0" daemon [_thread_blocked, id=7912, stack(0x0000002666300000,0x0000002666400000)]
  0x000001d773e2d000 JavaThread "Sweeper thread" daemon [_thread_blocked, id=4080, stack(0x0000002666400000,0x0000002666500000)]
  0x000001d7747e7000 JavaThread "Common-Cleaner" daemon [_thread_blocked, id=7528, stack(0x0000002666500000,0x0000002666600000)]
  0x000001d77490c000 JavaThread "Service Thread" daemon [_thread_blocked, id=4816, stack(0x0000002666600000,0x0000002666700000)]
  0x000001d774ff1800 JavaThread "Active Thread: Equinox Container: 914bfe5c-6bf3-428e-9ea0-39a11b740268" [_thread_blocked, id=1952, stack(0x0000002666900000,0x0000002666a00000)]
  0x000001d77506f800 JavaThread "Framework Event Dispatcher: Equinox Container: 914bfe5c-6bf3-428e-9ea0-39a11b740268" daemon [_thread_blocked, id=5772, stack(0x0000002666a00000,0x0000002666b00000)]
  0x000001d775070800 JavaThread "Start Level: Equinox Container: 914bfe5c-6bf3-428e-9ea0-39a11b740268" daemon [_thread_blocked, id=3480, stack(0x0000002666b00000,0x0000002666c00000)]
  0x000001d77483b000 JavaThread "Bundle File Closer" daemon [_thread_blocked, id=7192, stack(0x0000002666c00000,0x0000002666d00000)]
  0x000001d7757b6800 JavaThread "Worker-JM" [_thread_blocked, id=5852, stack(0x0000002666d00000,0x0000002666e00000)]
  0x000001d7748bc000 JavaThread "Worker-0: Synchronize Gradle projects with workspace" [_thread_in_native, id=2304, stack(0x0000002666e00000,0x0000002666f00000)]
  0x000001d77488c000 JavaThread "Worker-1" [_thread_blocked, id=2528, stack(0x0000002666f00000,0x0000002667000000)]
  0x000001d774a60000 JavaThread "Worker-2" [_thread_blocked, id=6316, stack(0x0000002667000000,0x0000002667100000)]
  0x000001d773e24800 JavaThread "Java indexing" daemon [_thread_in_Java, id=7932, stack(0x0000002667100000,0x0000002667200000)]
  0x000001d77526a800 JavaThread "pool-1-thread-1" [_thread_in_vm, id=6328, stack(0x0000002667400000,0x0000002667500000)]
  0x000001d775268000 JavaThread "Worker-3" [_thread_blocked, id=412, stack(0x0000002667500000,0x0000002667600000)]
  0x000001d775268800 JavaThread "Timer-0" [_thread_blocked, id=8228, stack(0x0000002665400000,0x0000002665500000)]
  0x000001d77526b000 JavaThread "Timer-1" [_thread_blocked, id=9100, stack(0x0000002665500000,0x0000002665600000)]
  0x000001d775269800 JavaThread "Worker-6" [_thread_blocked, id=6800, stack(0x0000002667200000,0x0000002667300000)]
  0x000001d77526c000 JavaThread "Timer-2" [_thread_blocked, id=8136, stack(0x0000002667300000,0x0000002667400000)]
  0x000001d775266000 JavaThread "Worker-7: Initialize workspace" [_thread_blocked, id=7572, stack(0x0000002667600000,0x0000002667700000)]
  0x000001d77526d000 JavaThread "Timer-3" [_thread_blocked, id=3836, stack(0x0000002667700000,0x0000002667800000)]
  0x000001d777676800 JavaThread "Worker-8" [_thread_blocked, id=8580, stack(0x0000002667900000,0x0000002667a00000)]
  0x000001d777679000 JavaThread "Worker-9" [_thread_blocked, id=5860, stack(0x0000002667a00000,0x0000002667b00000)]
  0x000001d777677800 JavaThread "Timer-4" [_thread_blocked, id=6124, stack(0x0000002667800000,0x0000002667900000)]

Other Threads:
  0x000001d773d91000 VMThread "VM Thread" [stack: 0x0000002665d00000,0x0000002665e00000] [id=2952]
  0x000001d77490e000 WatcherThread [stack: 0x0000002666700000,0x0000002666800000] [id=3028]
  0x000001d75815e800 GCTaskThread "GC Thread#0" [stack: 0x0000002665700000,0x0000002665800000] [id=6508]
  0x000001d774a28000 GCTaskThread "GC Thread#1" [stack: 0x0000002666800000,0x0000002666900000] [id=3476]
  0x000001d758168000 ConcurrentGCThread "G1 Main Marker" [stack: 0x0000002665800000,0x0000002665900000] [id=4932]
  0x000001d75816b000 ConcurrentGCThread "G1 Conc#0" [stack: 0x0000002665900000,0x0000002665a00000] [id=1240]
  0x000001d7581b7800 ConcurrentGCThread "G1 Refine#0" [stack: 0x0000002665a00000,0x0000002665b00000] [id=7220]
  0x000001d7581b8800 ConcurrentGCThread "G1 Young RemSet Sampling" [stack: 0x0000002665b00000,0x0000002665c00000] [id=3364]
  0x000001d7581bd800 ConcurrentGCThread "StrDedup" [stack: 0x0000002665c00000,0x0000002665d00000] [id=5836]

Threads with active compile tasks:
C2 CompilerThread0   487256 6474   !   4       java.util.zip.ZipFile::getInputStream (327 bytes)

VM state:not at safepoint (normal execution)

VM Mutex/Monitor currently owned by a thread:  ([mutex/lock_event])
[0x000001d758129500] MetaspaceExpand_lock - owner thread: 0x000001d77526a800

Heap address: 0x00000000c0000000, size: 1024 MB, Compressed Oops mode: 32-bit
Narrow klass base: 0x0000000800000000, Narrow klass shift: 3
Compressed class space size: 1073741824 Address: 0x0000000800b40000

Heap:
 garbage-first heap   total 174080K, used 122368K [0x00000000c0000000, 0x0000000100000000)
  region size 1024K, 57 young (58368K), 6 survivors (6144K)
 Metaspace       used 50257K, capacity 52719K, committed 52784K, reserved 1099776K
  class space    used 5879K, capacity 6770K, committed 6784K, reserved 1048576K
Heap Regions: E=young(eden), S=young(survivor), O=old, HS=humongous(starts), HC=humongous(continues), CS=collection set, F=free, A=archive, TAMS=top-at-mark-start (previous, next)
|   0|0x00000000c0000000, 0x00000000c0100000, 0x00000000c0100000|100%| O|  |TAMS 0x00000000c0100000, 0x00000000c0000000| Untracked 
|   1|0x00000000c0100000, 0x00000000c0200000, 0x00000000c0200000|100%| O|  |TAMS 0x00000000c0200000, 0x00000000c0100000| Untracked 
|   2|0x00000000c0200000, 0x00000000c0300000, 0x00000000c0300000|100%| O|  |TAMS 0x00000000c0300000, 0x00000000c0200000| Untracked 
|   3|0x00000000c0300000, 0x00000000c0400000, 0x00000000c0400000|100%| O|  |TAMS 0x00000000c0400000, 0x00000000c0300000| Untracked 
|   4|0x00000000c0400000, 0x00000000c0500000, 0x00000000c0500000|100%| O|  |TAMS 0x00000000c0500000, 0x00000000c0400000| Untracked 
|   5|0x00000000c0500000, 0x00000000c0600000, 0x00000000c0600000|100%| O|  |TAMS 0x00000000c0600000, 0x00000000c0500000| Untracked 
|   6|0x00000000c0600000, 0x00000000c0700000, 0x00000000c0700000|100%| O|  |TAMS 0x00000000c0700000, 0x00000000c0600000| Untracked 
|   7|0x00000000c0700000, 0x00000000c0800000, 0x00000000c0800000|100%| O|  |TAMS 0x00000000c0800000, 0x00000000c0700000| Untracked 
|   8|0x00000000c0800000, 0x00000000c0900000, 0x00000000c0900000|100%| O|  |TAMS 0x00000000c0900000, 0x00000000c0800000| Untracked 
|   9|0x00000000c0900000, 0x00000000c0a00000, 0x00000000c0a00000|100%| O|  |TAMS 0x00000000c0a00000, 0x00000000c0900000| Untracked 
|  10|0x00000000c0a00000, 0x00000000c0b00000, 0x00000000c0b00000|100%| O|  |TAMS 0x00000000c0b00000, 0x00000000c0a00000| Untracked 
|  11|0x00000000c0b00000, 0x00000000c0c00000, 0x00000000c0c00000|100%| O|  |TAMS 0x00000000c0c00000, 0x00000000c0b00000| Untracked 
|  12|0x00000000c0c00000, 0x00000000c0d00000, 0x00000000c0d00000|100%| O|  |TAMS 0x00000000c0d00000, 0x00000000c0c00000| Untracked 
|  13|0x00000000c0d00000, 0x00000000c0e00000, 0x00000000c0e00000|100%| O|  |TAMS 0x00000000c0e00000, 0x00000000c0d00000| Untracked 
|  14|0x00000000c0e00000, 0x00000000c0f00000, 0x00000000c0f00000|100%| O|  |TAMS 0x00000000c0f00000, 0x00000000c0e00000| Untracked 
|  15|0x00000000c0f00000, 0x00000000c1000000, 0x00000000c1000000|100%| O|  |TAMS 0x00000000c1000000, 0x00000000c0f00000| Untracked 
|  16|0x00000000c1000000, 0x00000000c1100000, 0x00000000c1100000|100%| O|  |TAMS 0x00000000c1100000, 0x00000000c1000000| Untracked 
|  17|0x00000000c1100000, 0x00000000c1200000, 0x00000000c1200000|100%| O|  |TAMS 0x00000000c1200000, 0x00000000c1100000| Untracked 
|  18|0x00000000c1200000, 0x00000000c1300000, 0x00000000c1300000|100%| O|  |TAMS 0x00000000c1300000, 0x00000000c1200000| Untracked 
|  19|0x00000000c1300000, 0x00000000c1400000, 0x00000000c1400000|100%|HS|  |TAMS 0x00000000c1400000, 0x00000000c1300000| Complete 
|  20|0x00000000c1400000, 0x00000000c1500000, 0x00000000c1500000|100%| O|  |TAMS 0x00000000c1500000, 0x00000000c1400000| Untracked 
|  21|0x00000000c1500000, 0x00000000c1600000, 0x00000000c1600000|100%| O|  |TAMS 0x00000000c1600000, 0x00000000c1500000| Untracked 
|  22|0x00000000c1600000, 0x00000000c1700000, 0x00000000c1700000|100%| O|  |TAMS 0x00000000c1700000, 0x00000000c1600000| Untracked 
|  23|0x00000000c1700000, 0x00000000c1800000, 0x00000000c1800000|100%| O|  |TAMS 0x00000000c1800000, 0x00000000c1700000| Untracked 
|  24|0x00000000c1800000, 0x00000000c1900000, 0x00000000c1900000|100%| O|  |TAMS 0x00000000c1900000, 0x00000000c1800000| Untracked 
|  25|0x00000000c1900000, 0x00000000c1a00000, 0x00000000c1a00000|100%| O|  |TAMS 0x00000000c1a00000, 0x00000000c1900000| Untracked 
|  26|0x00000000c1a00000, 0x00000000c1b00000, 0x00000000c1b00000|100%| O|  |TAMS 0x00000000c1b00000, 0x00000000c1a00000| Untracked 
|  27|0x00000000c1b00000, 0x00000000c1c00000, 0x00000000c1c00000|100%| O|  |TAMS 0x00000000c1c00000, 0x00000000c1b00000| Untracked 
|  28|0x00000000c1c00000, 0x00000000c1d00000, 0x00000000c1d00000|100%| O|  |TAMS 0x00000000c1d00000, 0x00000000c1c00000| Untracked 
|  29|0x00000000c1d00000, 0x00000000c1e00000, 0x00000000c1e00000|100%| O|  |TAMS 0x00000000c1e00000, 0x00000000c1d00000| Untracked 
|  30|0x00000000c1e00000, 0x00000000c1f00000, 0x00000000c1f00000|100%| O|  |TAMS 0x00000000c1f00000, 0x00000000c1e00000| Untracked 
|  31|0x00000000c1f00000, 0x00000000c2000000, 0x00000000c2000000|100%| O|  |TAMS 0x00000000c2000000, 0x00000000c1f00000| Untracked 
|  32|0x00000000c2000000, 0x00000000c2100000, 0x00000000c2100000|100%|HS|  |TAMS 0x00000000c2100000, 0x00000000c2000000| Complete 
|  33|0x00000000c2100000, 0x00000000c2200000, 0x00000000c2200000|100%|HS|  |TAMS 0x00000000c2200000, 0x00000000c2100000| Complete 
|  34|0x00000000c2200000, 0x00000000c2300000, 0x00000000c2300000|100%|HC|  |TAMS 0x00000000c2300000, 0x00000000c2200000| Complete 
|  35|0x00000000c2300000, 0x00000000c2400000, 0x00000000c2400000|100%| O|  |TAMS 0x00000000c2400000, 0x00000000c2300000| Untracked 
|  36|0x00000000c2400000, 0x00000000c2500000, 0x00000000c2500000|100%| O|  |TAMS 0x00000000c2500000, 0x00000000c2400000| Untracked 
|  37|0x00000000c2500000, 0x00000000c2600000, 0x00000000c2600000|100%| O|  |TAMS 0x00000000c2600000, 0x00000000c2500000| Untracked 
|  38|0x00000000c2600000, 0x00000000c2700000, 0x00000000c2700000|100%| O|  |TAMS 0x00000000c2700000, 0x00000000c2600000| Untracked 
|  39|0x00000000c2700000, 0x00000000c2800000, 0x00000000c2800000|100%| O|  |TAMS 0x00000000c2800000, 0x00000000c2700000| Untracked 
|  40|0x00000000c2800000, 0x00000000c2900000, 0x00000000c2900000|100%| O|  |TAMS 0x00000000c2900000, 0x00000000c2800000| Untracked 
|  41|0x00000000c2900000, 0x00000000c2a00000, 0x00000000c2a00000|100%| O|  |TAMS 0x00000000c29a4c00, 0x00000000c2900000| Untracked 
|  42|0x00000000c2a00000, 0x00000000c2b00000, 0x00000000c2b00000|100%| O|  |TAMS 0x00000000c2a00000, 0x00000000c2a00000| Untracked 
|  43|0x00000000c2b00000, 0x00000000c2c00000, 0x00000000c2c00000|100%| O|  |TAMS 0x00000000c2b00000, 0x00000000c2b00000| Untracked 
|  44|0x00000000c2c00000, 0x00000000c2d00000, 0x00000000c2d00000|100%| O|  |TAMS 0x00000000c2c00000, 0x00000000c2c00000| Untracked 
|  45|0x00000000c2d00000, 0x00000000c2e00000, 0x00000000c2e00000|100%| O|  |TAMS 0x00000000c2d00000, 0x00000000c2d00000| Untracked 
|  46|0x00000000c2e00000, 0x00000000c2f00000, 0x00000000c2f00000|100%| O|  |TAMS 0x00000000c2e00000, 0x00000000c2e00000| Untracked 
|  47|0x00000000c2f00000, 0x00000000c3000000, 0x00000000c3000000|100%| O|  |TAMS 0x00000000c2f00000, 0x00000000c2f00000| Untracked 
|  48|0x00000000c3000000, 0x00000000c3100000, 0x00000000c3100000|100%| O|  |TAMS 0x00000000c3000000, 0x00000000c3000000| Untracked 
|  49|0x00000000c3100000, 0x00000000c3200000, 0x00000000c3200000|100%| O|  |TAMS 0x00000000c3100000, 0x00000000c3100000| Untracked 
|  50|0x00000000c3200000, 0x00000000c3300000, 0x00000000c3300000|100%| O|  |TAMS 0x00000000c3200000, 0x00000000c3200000| Untracked 
|  51|0x00000000c3300000, 0x00000000c3400000, 0x00000000c3400000|100%| O|  |TAMS 0x00000000c3300000, 0x00000000c3300000| Untracked 
|  52|0x00000000c3400000, 0x00000000c3500000, 0x00000000c3500000|100%| O|  |TAMS 0x00000000c3400000, 0x00000000c3400000| Untracked 
|  53|0x00000000c3500000, 0x00000000c3600000, 0x00000000c3600000|100%| O|  |TAMS 0x00000000c3500000, 0x00000000c3500000| Untracked 
|  54|0x00000000c3600000, 0x00000000c3700000, 0x00000000c3700000|100%| O|  |TAMS 0x00000000c3600000, 0x00000000c3600000| Untracked 
|  55|0x00000000c3700000, 0x00000000c3800000, 0x00000000c3800000|100%| O|  |TAMS 0x00000000c3700000, 0x00000000c3700000| Untracked 
|  56|0x00000000c3800000, 0x00000000c3900000, 0x00000000c3900000|100%| O|  |TAMS 0x00000000c3800000, 0x00000000c3800000| Untracked 
|  57|0x00000000c3900000, 0x00000000c3a00000, 0x00000000c3a00000|100%| O|  |TAMS 0x00000000c3900000, 0x00000000c3900000| Untracked 
|  58|0x00000000c3a00000, 0x00000000c3b00000, 0x00000000c3b00000|100%|HS|  |TAMS 0x00000000c3a00000, 0x00000000c3a00000| Complete 
|  59|0x00000000c3b00000, 0x00000000c3c00000, 0x00000000c3c00000|100%| O|  |TAMS 0x00000000c3b00000, 0x00000000c3b00000| Untracked 
|  60|0x00000000c3c00000, 0x00000000c3d00000, 0x00000000c3d00000|100%| O|  |TAMS 0x00000000c3c00000, 0x00000000c3c00000| Untracked 
|  61|0x00000000c3d00000, 0x00000000c3e00000, 0x00000000c3e00000|100%| O|  |TAMS 0x00000000c3d00000, 0x00000000c3d00000| Untracked 
|  62|0x00000000c3e00000, 0x00000000c3f00000, 0x00000000c3f00000|100%| O|  |TAMS 0x00000000c3e00000, 0x00000000c3e00000| Untracked 
|  63|0x00000000c3f00000, 0x00000000c4000000, 0x00000000c4000000|100%| O|  |TAMS 0x00000000c3f00000, 0x00000000c3f00000| Untracked 
|  64|0x00000000c4000000, 0x00000000c4080000, 0x00000000c4100000| 50%| O|  |TAMS 0x00000000c4000000, 0x00000000c4000000| Untracked 
|  65|0x00000000c4100000, 0x00000000c4100000, 0x00000000c4200000|  0%| F|  |TAMS 0x00000000c4100000, 0x00000000c4100000| Untracked 
|  66|0x00000000c4200000, 0x00000000c4200000, 0x00000000c4300000|  0%| F|  |TAMS 0x00000000c4200000, 0x00000000c4200000| Untracked 
|  67|0x00000000c4300000, 0x00000000c4300000, 0x00000000c4400000|  0%| F|  |TAMS 0x00000000c4300000, 0x00000000c4300000| Untracked 
|  68|0x00000000c4400000, 0x00000000c4400000, 0x00000000c4500000|  0%| F|  |TAMS 0x00000000c4400000, 0x00000000c4400000| Untracked 
|  69|0x00000000c4500000, 0x00000000c4500000, 0x00000000c4600000|  0%| F|  |TAMS 0x00000000c4500000, 0x00000000c4500000| Untracked 
|  70|0x00000000c4600000, 0x00000000c4600000, 0x00000000c4700000|  0%| F|  |TAMS 0x00000000c4600000, 0x00000000c4600000| Untracked 
|  71|0x00000000c4700000, 0x00000000c4700000, 0x00000000c4800000|  0%| F|  |TAMS 0x00000000c4700000, 0x00000000c4700000| Untracked 
|  72|0x00000000c4800000, 0x00000000c4800000, 0x00000000c4900000|  0%| F|  |TAMS 0x00000000c4800000, 0x00000000c4800000| Untracked 
|  73|0x00000000c4900000, 0x00000000c4900000, 0x00000000c4a00000|  0%| F|  |TAMS 0x00000000c4900000, 0x00000000c4900000| Untracked 
|  74|0x00000000c4a00000, 0x00000000c4a00000, 0x00000000c4b00000|  0%| F|  |TAMS 0x00000000c4a00000, 0x00000000c4a00000| Untracked 
|  75|0x00000000c4b00000, 0x00000000c4b00000, 0x00000000c4c00000|  0%| F|  |TAMS 0x00000000c4b00000, 0x00000000c4b00000| Untracked 
|  76|0x00000000c4c00000, 0x00000000c4c00000, 0x00000000c4d00000|  0%| F|  |TAMS 0x00000000c4c00000, 0x00000000c4c00000| Untracked 
|  77|0x00000000c4d00000, 0x00000000c4d00000, 0x00000000c4e00000|  0%| F|  |TAMS 0x00000000c4d00000, 0x00000000c4d00000| Untracked 
|  78|0x00000000c4e00000, 0x00000000c4e00000, 0x00000000c4f00000|  0%| F|  |TAMS 0x00000000c4e00000, 0x00000000c4e00000| Untracked 
|  79|0x00000000c4f00000, 0x00000000c4f00000, 0x00000000c5000000|  0%| F|  |TAMS 0x00000000c4f00000, 0x00000000c4f00000| Untracked 
|  80|0x00000000c5000000, 0x00000000c5000000, 0x00000000c5100000|  0%| F|  |TAMS 0x00000000c5000000, 0x00000000c5000000| Untracked 
|  81|0x00000000c5100000, 0x00000000c5100000, 0x00000000c5200000|  0%| F|  |TAMS 0x00000000c5100000, 0x00000000c5100000| Untracked 
|  82|0x00000000c5200000, 0x00000000c5200000, 0x00000000c5300000|  0%| F|  |TAMS 0x00000000c5200000, 0x00000000c5200000| Untracked 
|  83|0x00000000c5300000, 0x00000000c5300000, 0x00000000c5400000|  0%| F|  |TAMS 0x00000000c5300000, 0x00000000c5300000| Untracked 
|  84|0x00000000c5400000, 0x00000000c5400000, 0x00000000c5500000|  0%| F|  |TAMS 0x00000000c5400000, 0x00000000c5400000| Untracked 
|  85|0x00000000c5500000, 0x00000000c5500000, 0x00000000c5600000|  0%| F|  |TAMS 0x00000000c5500000, 0x00000000c5500000| Untracked 
|  86|0x00000000c5600000, 0x00000000c5600000, 0x00000000c5700000|  0%| F|  |TAMS 0x00000000c5600000, 0x00000000c5600000| Untracked 
|  87|0x00000000c5700000, 0x00000000c5700000, 0x00000000c5800000|  0%| F|  |TAMS 0x00000000c5700000, 0x00000000c5700000| Untracked 
|  88|0x00000000c5800000, 0x00000000c5800000, 0x00000000c5900000|  0%| F|  |TAMS 0x00000000c5800000, 0x00000000c5800000| Untracked 
|  89|0x00000000c5900000, 0x00000000c5900000, 0x00000000c5a00000|  0%| F|  |TAMS 0x00000000c5900000, 0x00000000c5900000| Untracked 
|  90|0x00000000c5a00000, 0x00000000c5a00000, 0x00000000c5b00000|  0%| F|  |TAMS 0x00000000c5a00000, 0x00000000c5a00000| Untracked 
|  91|0x00000000c5b00000, 0x00000000c5b00000, 0x00000000c5c00000|  0%| F|  |TAMS 0x00000000c5b00000, 0x00000000c5b00000| Untracked 
|  92|0x00000000c5c00000, 0x00000000c5c00000, 0x00000000c5d00000|  0%| F|  |TAMS 0x00000000c5c00000, 0x00000000c5c00000| Untracked 
|  93|0x00000000c5d00000, 0x00000000c5d00000, 0x00000000c5e00000|  0%| F|  |TAMS 0x00000000c5d00000, 0x00000000c5d00000| Untracked 
|  94|0x00000000c5e00000, 0x00000000c5e00000, 0x00000000c5f00000|  0%| F|  |TAMS 0x00000000c5e00000, 0x00000000c5e00000| Untracked 
|  95|0x00000000c5f00000, 0x00000000c5f00000, 0x00000000c6000000|  0%| F|  |TAMS 0x00000000c5f00000, 0x00000000c5f00000| Untracked 
|  96|0x00000000c6000000, 0x00000000c6000000, 0x00000000c6100000|  0%| F|  |TAMS 0x00000000c6000000, 0x00000000c6000000| Untracked 
|  97|0x00000000c6100000, 0x00000000c6100000, 0x00000000c6200000|  0%| F|  |TAMS 0x00000000c6100000, 0x00000000c6100000| Untracked 
|  98|0x00000000c6200000, 0x00000000c6200000, 0x00000000c6300000|  0%| F|  |TAMS 0x00000000c6200000, 0x00000000c6200000| Untracked 
|  99|0x00000000c6300000, 0x00000000c6300000, 0x00000000c6400000|  0%| F|  |TAMS 0x00000000c6300000, 0x00000000c6300000| Untracked 
| 100|0x00000000c6400000, 0x00000000c6500000, 0x00000000c6500000|100%| S|CS|TAMS 0x00000000c6400000, 0x00000000c6400000| Complete 
| 101|0x00000000c6500000, 0x00000000c6600000, 0x00000000c6600000|100%| S|CS|TAMS 0x00000000c6500000, 0x00000000c6500000| Complete 
| 102|0x00000000c6600000, 0x00000000c6700000, 0x00000000c6700000|100%| S|CS|TAMS 0x00000000c6600000, 0x00000000c6600000| Complete 
| 103|0x00000000c6700000, 0x00000000c6800000, 0x00000000c6800000|100%| S|CS|TAMS 0x00000000c6700000, 0x00000000c6700000| Complete 
| 104|0x00000000c6800000, 0x00000000c6900000, 0x00000000c6900000|100%| S|CS|TAMS 0x00000000c6800000, 0x00000000c6800000| Complete 
| 105|0x00000000c6900000, 0x00000000c6a00000, 0x00000000c6a00000|100%| S|CS|TAMS 0x00000000c6900000, 0x00000000c6900000| Complete 
| 106|0x00000000c6a00000, 0x00000000c6a00000, 0x00000000c6b00000|  0%| F|  |TAMS 0x00000000c6a00000, 0x00000000c6a00000| Untracked 
| 107|0x00000000c6b00000, 0x00000000c6b00000, 0x00000000c6c00000|  0%| F|  |TAMS 0x00000000c6b00000, 0x00000000c6b00000| Untracked 
| 108|0x00000000c6c00000, 0x00000000c6c00000, 0x00000000c6d00000|  0%| F|  |TAMS 0x00000000c6c00000, 0x00000000c6c00000| Untracked 
| 109|0x00000000c6d00000, 0x00000000c6d00000, 0x00000000c6e00000|  0%| F|  |TAMS 0x00000000c6d00000, 0x00000000c6d00000| Untracked 
| 110|0x00000000c6e00000, 0x00000000c6e00000, 0x00000000c6f00000|  0%| F|  |TAMS 0x00000000c6e00000, 0x00000000c6e00000| Untracked 
| 111|0x00000000c6f00000, 0x00000000c6f00000, 0x00000000c7000000|  0%| F|  |TAMS 0x00000000c6f00000, 0x00000000c6f00000| Untracked 
| 112|0x00000000c7000000, 0x00000000c7000000, 0x00000000c7100000|  0%| F|  |TAMS 0x00000000c7000000, 0x00000000c7000000| Untracked 
| 113|0x00000000c7100000, 0x00000000c7100000, 0x00000000c7200000|  0%| F|  |TAMS 0x00000000c7100000, 0x00000000c7100000| Untracked 
| 114|0x00000000c7200000, 0x00000000c7200000, 0x00000000c7300000|  0%| F|  |TAMS 0x00000000c7200000, 0x00000000c7200000| Untracked 
| 115|0x00000000c7300000, 0x00000000c7300000, 0x00000000c7400000|  0%| F|  |TAMS 0x00000000c7300000, 0x00000000c7300000| Untracked 
| 116|0x00000000c7400000, 0x00000000c7400000, 0x00000000c7500000|  0%| F|  |TAMS 0x00000000c7400000, 0x00000000c7400000| Untracked 
| 117|0x00000000c7500000, 0x00000000c7500000, 0x00000000c7600000|  0%| F|  |TAMS 0x00000000c7500000, 0x00000000c7500000| Untracked 
| 118|0x00000000c7600000, 0x00000000c7600000, 0x00000000c7700000|  0%| F|  |TAMS 0x00000000c7600000, 0x00000000c7600000| Untracked 
| 119|0x00000000c7700000, 0x00000000c7800000, 0x00000000c7800000|100%| E|  |TAMS 0x00000000c7700000, 0x00000000c7700000| Complete 
| 120|0x00000000c7800000, 0x00000000c7900000, 0x00000000c7900000|100%| E|CS|TAMS 0x00000000c7800000, 0x00000000c7800000| Complete 
| 121|0x00000000c7900000, 0x00000000c7a00000, 0x00000000c7a00000|100%| E|CS|TAMS 0x00000000c7900000, 0x00000000c7900000| Complete 
| 122|0x00000000c7a00000, 0x00000000c7b00000, 0x00000000c7b00000|100%| E|CS|TAMS 0x00000000c7a00000, 0x00000000c7a00000| Complete 
| 123|0x00000000c7b00000, 0x00000000c7c00000, 0x00000000c7c00000|100%| E|CS|TAMS 0x00000000c7b00000, 0x00000000c7b00000| Complete 
| 124|0x00000000c7c00000, 0x00000000c7d00000, 0x00000000c7d00000|100%| E|CS|TAMS 0x00000000c7c00000, 0x00000000c7c00000| Complete 
| 125|0x00000000c7d00000, 0x00000000c7e00000, 0x00000000c7e00000|100%| E|CS|TAMS 0x00000000c7d00000, 0x00000000c7d00000| Complete 
| 126|0x00000000c7e00000, 0x00000000c7f00000, 0x00000000c7f00000|100%| E|  |TAMS 0x00000000c7e00000, 0x00000000c7e00000| Complete 
| 127|0x00000000c7f00000, 0x00000000c8000000, 0x00000000c8000000|100%| E|CS|TAMS 0x00000000c7f00000, 0x00000000c7f00000| Complete 
| 128|0x00000000c8000000, 0x00000000c8100000, 0x00000000c8100000|100%| E|CS|TAMS 0x00000000c8000000, 0x00000000c8000000| Complete 
| 129|0x00000000c8100000, 0x00000000c8200000, 0x00000000c8200000|100%| E|CS|TAMS 0x00000000c8100000, 0x00000000c8100000| Complete 
| 130|0x00000000c8200000, 0x00000000c8300000, 0x00000000c8300000|100%| E|CS|TAMS 0x00000000c8200000, 0x00000000c8200000| Complete 
| 131|0x00000000c8300000, 0x00000000c8400000, 0x00000000c8400000|100%| E|CS|TAMS 0x00000000c8300000, 0x00000000c8300000| Complete 
| 132|0x00000000c8400000, 0x00000000c8500000, 0x00000000c8500000|100%| E|CS|TAMS 0x00000000c8400000, 0x00000000c8400000| Complete 
| 133|0x00000000c8500000, 0x00000000c8600000, 0x00000000c8600000|100%| E|CS|TAMS 0x00000000c8500000, 0x00000000c8500000| Complete 
| 134|0x00000000c8600000, 0x00000000c8700000, 0x00000000c8700000|100%| E|CS|TAMS 0x00000000c8600000, 0x00000000c8600000| Complete 
| 135|0x00000000c8700000, 0x00000000c8800000, 0x00000000c8800000|100%| E|CS|TAMS 0x00000000c8700000, 0x00000000c8700000| Complete 
| 136|0x00000000c8800000, 0x00000000c8900000, 0x00000000c8900000|100%| E|CS|TAMS 0x00000000c8800000, 0x00000000c8800000| Complete 
| 137|0x00000000c8900000, 0x00000000c8a00000, 0x00000000c8a00000|100%| E|CS|TAMS 0x00000000c8900000, 0x00000000c8900000| Complete 
| 138|0x00000000c8a00000, 0x00000000c8b00000, 0x00000000c8b00000|100%| E|CS|TAMS 0x00000000c8a00000, 0x00000000c8a00000| Complete 
| 139|0x00000000c8b00000, 0x00000000c8c00000, 0x00000000c8c00000|100%| E|CS|TAMS 0x00000000c8b00000, 0x00000000c8b00000| Complete 
| 140|0x00000000c8c00000, 0x00000000c8d00000, 0x00000000c8d00000|100%| E|CS|TAMS 0x00000000c8c00000, 0x00000000c8c00000| Complete 
| 141|0x00000000c8d00000, 0x00000000c8e00000, 0x00000000c8e00000|100%| E|CS|TAMS 0x00000000c8d00000, 0x00000000c8d00000| Complete 
| 142|0x00000000c8e00000, 0x00000000c8f00000, 0x00000000c8f00000|100%| E|CS|TAMS 0x00000000c8e00000, 0x00000000c8e00000| Complete 
| 143|0x00000000c8f00000, 0x00000000c9000000, 0x00000000c9000000|100%| E|CS|TAMS 0x00000000c8f00000, 0x00000000c8f00000| Complete 
| 144|0x00000000c9000000, 0x00000000c9100000, 0x00000000c9100000|100%| E|CS|TAMS 0x00000000c9000000, 0x00000000c9000000| Complete 
| 145|0x00000000c9100000, 0x00000000c9200000, 0x00000000c9200000|100%| E|CS|TAMS 0x00000000c9100000, 0x00000000c9100000| Complete 
| 146|0x00000000c9200000, 0x00000000c9300000, 0x00000000c9300000|100%| E|CS|TAMS 0x00000000c9200000, 0x00000000c9200000| Complete 
| 147|0x00000000c9300000, 0x00000000c9400000, 0x00000000c9400000|100%| E|CS|TAMS 0x00000000c9300000, 0x00000000c9300000| Complete 
| 148|0x00000000c9400000, 0x00000000c9500000, 0x00000000c9500000|100%| E|CS|TAMS 0x00000000c9400000, 0x00000000c9400000| Complete 
| 149|0x00000000c9500000, 0x00000000c9600000, 0x00000000c9600000|100%| E|CS|TAMS 0x00000000c9500000, 0x00000000c9500000| Complete 
| 150|0x00000000c9600000, 0x00000000c9700000, 0x00000000c9700000|100%| E|CS|TAMS 0x00000000c9600000, 0x00000000c9600000| Complete 
| 151|0x00000000c9700000, 0x00000000c9800000, 0x00000000c9800000|100%| E|CS|TAMS 0x00000000c9700000, 0x00000000c9700000| Complete 
| 152|0x00000000c9800000, 0x00000000c9900000, 0x00000000c9900000|100%| E|CS|TAMS 0x00000000c9800000, 0x00000000c9800000| Complete 
| 153|0x00000000c9900000, 0x00000000c9a00000, 0x00000000c9a00000|100%| E|CS|TAMS 0x00000000c9900000, 0x00000000c9900000| Complete 
| 154|0x00000000c9a00000, 0x00000000c9b00000, 0x00000000c9b00000|100%| E|CS|TAMS 0x00000000c9a00000, 0x00000000c9a00000| Complete 
| 155|0x00000000c9b00000, 0x00000000c9c00000, 0x00000000c9c00000|100%| E|CS|TAMS 0x00000000c9b00000, 0x00000000c9b00000| Complete 
| 156|0x00000000c9c00000, 0x00000000c9d00000, 0x00000000c9d00000|100%| E|CS|TAMS 0x00000000c9c00000, 0x00000000c9c00000| Complete 
| 157|0x00000000c9d00000, 0x00000000c9e00000, 0x00000000c9e00000|100%| E|CS|TAMS 0x00000000c9d00000, 0x00000000c9d00000| Complete 
| 158|0x00000000c9e00000, 0x00000000c9f00000, 0x00000000c9f00000|100%| E|CS|TAMS 0x00000000c9e00000, 0x00000000c9e00000| Complete 
| 159|0x00000000c9f00000, 0x00000000ca000000, 0x00000000ca000000|100%| E|CS|TAMS 0x00000000c9f00000, 0x00000000c9f00000| Complete 
| 160|0x00000000ca000000, 0x00000000ca100000, 0x00000000ca100000|100%| E|CS|TAMS 0x00000000ca000000, 0x00000000ca000000| Complete 
| 161|0x00000000ca100000, 0x00000000ca200000, 0x00000000ca200000|100%| E|CS|TAMS 0x00000000ca100000, 0x00000000ca100000| Complete 
| 162|0x00000000ca200000, 0x00000000ca300000, 0x00000000ca300000|100%| E|CS|TAMS 0x00000000ca200000, 0x00000000ca200000| Complete 
| 163|0x00000000ca300000, 0x00000000ca400000, 0x00000000ca400000|100%| E|CS|TAMS 0x00000000ca300000, 0x00000000ca300000| Complete 
| 164|0x00000000ca400000, 0x00000000ca500000, 0x00000000ca500000|100%| E|CS|TAMS 0x00000000ca400000, 0x00000000ca400000| Complete 
| 165|0x00000000ca500000, 0x00000000ca600000, 0x00000000ca600000|100%| E|CS|TAMS 0x00000000ca500000, 0x00000000ca500000| Complete 
| 166|0x00000000ca600000, 0x00000000ca700000, 0x00000000ca700000|100%| E|CS|TAMS 0x00000000ca600000, 0x00000000ca600000| Complete 
| 167|0x00000000ca700000, 0x00000000ca800000, 0x00000000ca800000|100%| E|CS|TAMS 0x00000000ca700000, 0x00000000ca700000| Complete 
| 168|0x00000000ca800000, 0x00000000ca900000, 0x00000000ca900000|100%| E|CS|TAMS 0x00000000ca800000, 0x00000000ca800000| Complete 
| 169|0x00000000ca900000, 0x00000000caa00000, 0x00000000caa00000|100%| E|CS|TAMS 0x00000000ca900000, 0x00000000ca900000| Complete 

Card table byte_map: [0x000001d76f630000,0x000001d76f830000] _byte_map_base: 0x000001d76f030000

Marking Bits (Prev, Next): (CMBitMap*) 0x000001d75815f1d8, (CMBitMap*) 0x000001d75815f218
 Prev Bits: [0x000001d76fa30000, 0x000001d770a30000)
 Next Bits: [0x000001d770a30000, 0x000001d771a30000)

Polling page: 0x000001d7562d0000

Metaspace:

Usage:
  Non-class:     44.87 MB capacity,    43.34 MB ( 97%) used,     1.44 MB (  3%) free+waste,    94.38 KB ( <1%) overhead. 
      Class:      6.61 MB capacity,     5.74 MB ( 87%) used,   844.32 KB ( 12%) free+waste,    46.06 KB ( <1%) overhead. 
       Both:     51.48 MB capacity,    49.08 MB ( 95%) used,     2.27 MB (  4%) free+waste,   140.44 KB ( <1%) overhead. 

Virtual space:
  Non-class space:       50.00 MB reserved,      44.92 MB ( 90%) committed 
      Class space:        1.00 GB reserved,       6.63 MB ( <1%) committed 
             Both:        1.05 GB reserved,      51.55 MB (  5%) committed 

Chunk freelists:
   Non-Class:  51.00 KB
       Class:  14.00 KB
        Both:  65.00 KB

MaxMetaspaceSize: 17179869184.00 GB
CompressedClassSpaceSize: 1.00 GB

CodeHeap 'non-profiled nmethods': size=120064Kb used=4214Kb max_used=4214Kb free=115850Kb
 bounds [0x000001d7680f0000, 0x000001d768510000, 0x000001d76f630000]
CodeHeap 'profiled nmethods': size=120000Kb used=13185Kb max_used=13185Kb free=106814Kb
 bounds [0x000001d760bc0000, 0x000001d7618b0000, 0x000001d7680f0000]
CodeHeap 'non-nmethods': size=5696Kb used=1342Kb max_used=1399Kb free=4353Kb
 bounds [0x000001d760630000, 0x000001d7608a0000, 0x000001d760bc0000]
 total_blobs=9231 nmethods=5539 adapters=545
 compilation: enabled
              stopped_count=0, restarted_count=0
 full_count=0

Compilation events (20 events):
Event: 486.929 Thread 0x000001d773e20000 6478       3       java.util.stream.ReduceOps$3ReducingSink::accept (15 bytes)
Event: 486.929 Thread 0x000001d773e20000 nmethod 6478 0x000001d761888c10 code [0x000001d761888dc0, 0x000001d761889030]
Event: 486.930 Thread 0x000001d773e20000 6479       3       java.io.ObjectStreamField::getClassSignature (27 bytes)
Event: 486.931 Thread 0x000001d773e20000 nmethod 6479 0x000001d761889110 code [0x000001d761889340, 0x000001d761889a90]
Event: 486.934 Thread 0x000001d773e20000 6481       3       java.io.ObjectInputStream$BlockDataInputStream::read (138 bytes)
Event: 486.935 Thread 0x000001d773e20000 nmethod 6481 0x000001d761889d10 code [0x000001d761889f20, 0x000001d76188a650]
Event: 486.936 Thread 0x000001d773dba800 nmethod 6473 0x000001d768509890 code [0x000001d768509a40, 0x000001d76850a1b8]
Event: 486.936 Thread 0x000001d773dba800 6480  s    4       java.io.ByteArrayInputStream::read (73 bytes)
Event: 486.936 Thread 0x000001d773e20000 6482   !   3       java.io.ObjectStreamClass::lookup (334 bytes)
Event: 486.942 Thread 0x000001d773e20000 nmethod 6482 0x000001d76188a890 code [0x000001d76188ade0, 0x000001d76188e4f0]
Event: 486.943 Thread 0x000001d773dba800 nmethod 6480 0x000001d76850a710 code [0x000001d76850a8a0, 0x000001d76850ad38]
Event: 486.943 Thread 0x000001d773dba800 6474   !   4       java.util.zip.ZipFile::getInputStream (327 bytes)
Event: 486.945 Thread 0x000001d773e20000 6483       3       java.io.ObjectInputStream::readUTF (8 bytes)
Event: 486.945 Thread 0x000001d773e20000 nmethod 6483 0x000001d76188f290 code [0x000001d76188f460, 0x000001d76188f6c0]
Event: 486.945 Thread 0x000001d773e20000 6484       3       java.io.ObjectInputStream::readByte (8 bytes)
Event: 486.946 Thread 0x000001d773e20000 nmethod 6484 0x000001d76188f810 code [0x000001d76188f9e0, 0x000001d76188fd20]
Event: 486.960 Thread 0x000001d773e20000 6485       3       org.gradle.internal.serialize.ExceptionPlaceholder$2::transform (14 bytes)
Event: 486.960 Thread 0x000001d773e20000 nmethod 6485 0x000001d76188fe90 code [0x000001d761890040, 0x000001d761890318]
Event: 486.961 Thread 0x000001d773e20000 6486       3       org.eclipse.core.internal.resources.ResourceInfo::getMarkers (31 bytes)
Event: 486.962 Thread 0x000001d773e20000 nmethod 6486 0x000001d761890390 code [0x000001d7618905a0, 0x000001d761890d20]

GC Heap History (20 events):
Event: 439.347 GC heap before
{Heap before GC invocations=39 (full 0):
 garbage-first heap   total 93184K, used 60334K [0x00000000c0000000, 0x0000000100000000)
  region size 1024K, 25 young (25600K), 2 survivors (2048K)
 Metaspace       used 37567K, capacity 39849K, committed 40112K, reserved 1085440K
  class space    used 3983K, capacity 4832K, committed 4864K, reserved 1048576K
}
Event: 439.378 GC heap after
{Heap after GC invocations=40 (full 0):
 garbage-first heap   total 93184K, used 42580K [0x00000000c0000000, 0x0000000100000000)
  region size 1024K, 4 young (4096K), 4 survivors (4096K)
 Metaspace       used 37567K, capacity 39849K, committed 40112K, reserved 1085440K
  class space    used 3983K, capacity 4832K, committed 4864K, reserved 1048576K
}
Event: 440.616 GC heap before
{Heap before GC invocations=40 (full 0):
 garbage-first heap   total 93184K, used 64084K [0x00000000c0000000, 0x0000000100000000)
  region size 1024K, 25 young (25600K), 4 survivors (4096K)
 Metaspace       used 39188K, capacity 41459K, committed 41648K, reserved 1085440K
  class space    used 4231K, capacity 5094K, committed 5120K, reserved 1048576K
}
Event: 440.634 GC heap after
{Heap after GC invocations=41 (full 0):
 garbage-first heap   total 93184K, used 43667K [0x00000000c0000000, 0x0000000100000000)
  region size 1024K, 1 young (1024K), 1 survivors (1024K)
 Metaspace       used 39188K, capacity 41459K, committed 41648K, reserved 1085440K
  class space    used 4231K, capacity 5094K, committed 5120K, reserved 1048576K
}
Event: 441.394 GC heap before
{Heap before GC invocations=41 (full 0):
 garbage-first heap   total 93184K, used 64147K [0x00000000c0000000, 0x0000000100000000)
  region size 1024K, 22 young (22528K), 1 survivors (1024K)
 Metaspace       used 39307K, capacity 41707K, committed 42032K, reserved 1085440K
  class space    used 4251K, capacity 5134K, committed 5248K, reserved 1048576K
}
Event: 441.411 GC heap after
{Heap after GC invocations=42 (full 0):
 garbage-first heap   total 93184K, used 48128K [0x00000000c0000000, 0x0000000100000000)
  region size 1024K, 3 young (3072K), 3 survivors (3072K)
 Metaspace       used 39307K, capacity 41707K, committed 42032K, reserved 1085440K
  class space    used 4251K, capacity 5134K, committed 5248K, reserved 1048576K
}
Event: 442.089 GC heap before
{Heap before GC invocations=43 (full 0):
 garbage-first heap   total 93184K, used 67584K [0x00000000c0000000, 0x0000000100000000)
  region size 1024K, 23 young (23552K), 3 survivors (3072K)
 Metaspace       used 40883K, capacity 43198K, committed 43440K, reserved 1087488K
  class space    used 4451K, capacity 5334K, committed 5376K, reserved 1048576K
}
Event: 442.107 GC heap after
{Heap after GC invocations=44 (full 0):
 garbage-first heap   total 144384K, used 49727K [0x00000000c0000000, 0x0000000100000000)
  region size 1024K, 2 young (2048K), 2 survivors (2048K)
 Metaspace       used 40883K, capacity 43198K, committed 43440K, reserved 1087488K
  class space    used 4451K, capacity 5334K, committed 5376K, reserved 1048576K
}
Event: 442.292 GC heap before
{Heap before GC invocations=44 (full 0):
 garbage-first heap   total 144384K, used 53823K [0x00000000c0000000, 0x0000000100000000)
  region size 1024K, 7 young (7168K), 2 survivors (2048K)
 Metaspace       used 42078K, capacity 44414K, committed 44592K, reserved 1089536K
  class space    used 4574K, capacity 5462K, committed 5504K, reserved 1048576K
}
Event: 442.309 GC heap after
{Heap after GC invocations=45 (full 0):
 garbage-first heap   total 144384K, used 50147K [0x00000000c0000000, 0x0000000100000000)
  region size 1024K, 1 young (1024K), 1 survivors (1024K)
 Metaspace       used 42078K, capacity 44414K, committed 44592K, reserved 1089536K
  class space    used 4574K, capacity 5462K, committed 5504K, reserved 1048576K
}
Event: 444.064 GC heap before
{Heap before GC invocations=45 (full 0):
 garbage-first heap   total 144384K, used 83939K [0x00000000c0000000, 0x0000000100000000)
  region size 1024K, 35 young (35840K), 1 survivors (1024K)
 Metaspace       used 46316K, capacity 48613K, committed 48688K, reserved 1091584K
  class space    used 5327K, capacity 6263K, committed 6272K, reserved 1048576K
}
Event: 444.086 GC heap after
{Heap after GC invocations=46 (full 0):
 garbage-first heap   total 144384K, used 51004K [0x00000000c0000000, 0x0000000100000000)
  region size 1024K, 2 young (2048K), 2 survivors (2048K)
 Metaspace       used 46316K, capacity 48613K, committed 48688K, reserved 1091584K
  class space    used 5327K, capacity 6263K, committed 6272K, reserved 1048576K
}
Event: 447.733 GC heap before
{Heap before GC invocations=46 (full 0):
 garbage-first heap   total 144384K, used 91964K [0x00000000c0000000, 0x0000000100000000)
  region size 1024K, 43 young (44032K), 2 survivors (2048K)
 Metaspace       used 47918K, capacity 50220K, committed 50352K, reserved 1093632K
  class space    used 5624K, capacity 6534K, committed 6656K, reserved 1048576K
}
Event: 447.757 GC heap after
{Heap after GC invocations=47 (full 0):
 garbage-first heap   total 144384K, used 53627K [0x00000000c0000000, 0x0000000100000000)
  region size 1024K, 4 young (4096K), 4 survivors (4096K)
 Metaspace       used 47918K, capacity 50220K, committed 50352K, reserved 1093632K
  class space    used 5624K, capacity 6534K, committed 6656K, reserved 1048576K
}
Event: 454.417 GC heap before
{Heap before GC invocations=47 (full 0):
 garbage-first heap   total 144384K, used 101755K [0x00000000c0000000, 0x0000000100000000)
  region size 1024K, 51 young (52224K), 4 survivors (4096K)
 Metaspace       used 48219K, capacity 50596K, committed 50864K, reserved 1093632K
  class space    used 5653K, capacity 6576K, committed 6656K, reserved 1048576K
}
Event: 454.454 GC heap after
{Heap after GC invocations=48 (full 0):
 garbage-first heap   total 174080K, used 58946K [0x00000000c0000000, 0x0000000100000000)
  region size 1024K, 7 young (7168K), 7 survivors (7168K)
 Metaspace       used 48219K, capacity 50596K, committed 50864K, reserved 1093632K
  class space    used 5653K, capacity 6576K, committed 6656K, reserved 1048576K
}
Event: 460.727 GC heap before
{Heap before GC invocations=48 (full 0):
 garbage-first heap   total 174080K, used 115266K [0x00000000c0000000, 0x0000000100000000)
  region size 1024K, 62 young (63488K), 7 survivors (7168K)
 Metaspace       used 48611K, capacity 50989K, committed 51120K, reserved 1093632K
  class space    used 5700K, capacity 6643K, committed 6656K, reserved 1048576K
}
Event: 460.777 GC heap after
{Heap after GC invocations=49 (full 0):
 garbage-first heap   total 174080K, used 65157K [0x00000000c0000000, 0x0000000100000000)
  region size 1024K, 6 young (6144K), 6 survivors (6144K)
 Metaspace       used 48611K, capacity 50989K, committed 51120K, reserved 1093632K
  class space    used 5700K, capacity 6643K, committed 6656K, reserved 1048576K
}
Event: 477.237 GC heap before
{Heap before GC invocations=49 (full 0):
 garbage-first heap   total 174080K, used 125573K [0x00000000c0000000, 0x0000000100000000)
  region size 1024K, 64 young (65536K), 6 survivors (6144K)
 Metaspace       used 49393K, capacity 51906K, committed 52016K, reserved 1095680K
  class space    used 5794K, capacity 6708K, committed 6784K, reserved 1048576K
}
Event: 477.284 GC heap after
{Heap after GC invocations=50 (full 0):
 garbage-first heap   total 174080K, used 72192K [0x00000000c0000000, 0x0000000100000000)
  region size 1024K, 6 young (6144K), 6 survivors (6144K)
 Metaspace       used 49393K, capacity 51906K, committed 52016K, reserved 1095680K
  class space    used 5794K, capacity 6708K, committed 6784K, reserved 1048576K
}

Deoptimization events (20 events):
Event: 486.437 Thread 0x000001d777675000 DEOPT PACKING pc=0x000001d76183199e sp=0x0000002667bfd200
Event: 486.437 Thread 0x000001d777675000 DEOPT UNPACKING pc=0x000001d76067994e sp=0x0000002667bfc6c0 mode 0
Event: 486.437 Thread 0x000001d777675000 DEOPT PACKING pc=0x000001d76183199e sp=0x0000002667bfd4b0
Event: 486.438 Thread 0x000001d777675000 DEOPT UNPACKING pc=0x000001d76067994e sp=0x0000002667bfc970 mode 0
Event: 486.438 Thread 0x000001d777675000 DEOPT PACKING pc=0x000001d76183199e sp=0x0000002667bfd4b0
Event: 486.438 Thread 0x000001d777675000 DEOPT UNPACKING pc=0x000001d76067994e sp=0x0000002667bfc970 mode 0
Event: 486.438 Thread 0x000001d777675000 DEOPT PACKING pc=0x000001d76183199e sp=0x0000002667bfd4b0
Event: 486.438 Thread 0x000001d777675000 DEOPT UNPACKING pc=0x000001d76067994e sp=0x0000002667bfc970 mode 0
Event: 486.439 Thread 0x000001d777675000 DEOPT PACKING pc=0x000001d76183199e sp=0x0000002667bfd4b0
Event: 486.439 Thread 0x000001d777675000 DEOPT UNPACKING pc=0x000001d76067994e sp=0x0000002667bfc970 mode 0
Event: 486.441 Thread 0x000001d777675000 DEOPT PACKING pc=0x000001d76183199e sp=0x0000002667bfd4b0
Event: 486.441 Thread 0x000001d777675000 DEOPT UNPACKING pc=0x000001d76067994e sp=0x0000002667bfc970 mode 0
Event: 486.931 Thread 0x000001d777675000 Uncommon trap: trap_request=0xffffffbe fr.pc=0x000001d7684ff64c relative=0x000000000000162c
Event: 486.931 Thread 0x000001d777675000 Uncommon trap: reason=profile_predicate action=maybe_recompile pc=0x000001d7684ff64c method=java.util.TimSort.reverseRange([Ljava/lang/Object;II)V @ 5 c2
Event: 486.931 Thread 0x000001d777675000 DEOPT PACKING pc=0x000001d7684ff64c sp=0x0000002667bfd450
Event: 486.931 Thread 0x000001d777675000 DEOPT UNPACKING pc=0x000001d76067942f sp=0x0000002667bfd2a8 mode 2
Event: 486.931 Thread 0x000001d777675000 Uncommon trap: trap_request=0xffffffbe fr.pc=0x000001d7684ff64c relative=0x000000000000162c
Event: 486.931 Thread 0x000001d777675000 Uncommon trap: reason=profile_predicate action=maybe_recompile pc=0x000001d7684ff64c method=java.util.TimSort.reverseRange([Ljava/lang/Object;II)V @ 5 c2
Event: 486.931 Thread 0x000001d777675000 DEOPT PACKING pc=0x000001d7684ff64c sp=0x0000002667bfd450
Event: 486.931 Thread 0x000001d777675000 DEOPT UNPACKING pc=0x000001d76067942f sp=0x0000002667bfd2a8 mode 2

Classes unloaded (0 events):
No events

Classes redefined (0 events):
No events

Internal exceptions (20 events):
Event: 460.922 Thread 0x000001d77767a800 Exception <a 'java/lang/NoSuchMethodError'{0x00000000ca4be910}: static Lorg/gradle/api/internal/StartParameterInternal;.<clinit>()V> (0x00000000ca4be910) 
thrown [t:/workspace/open/src/hotspot/share/prims/jni.cpp, line 1347]
Event: 460.945 Thread 0x000001d77767a800 Exception <a 'java/lang/NoSuchMethodError'{0x00000000ca3adb18}: static Lorg/gradle/internal/logging/DefaultLoggingConfiguration;.<clinit>()V> (0x00000000ca3adb18) 
thrown [t:/workspace/open/src/hotspot/share/prims/jni.cpp, line 1347]
Event: 460.951 Thread 0x000001d77767a800 Exception <a 'java/lang/NoSuchMethodError'{0x00000000ca3c2048}: static Lorg/gradle/internal/deprecation/LoggingDeprecatable;.<clinit>()V> (0x00000000ca3c2048) 
thrown [t:/workspace/open/src/hotspot/share/prims/jni.cpp, line 1347]
Event: 465.699 Thread 0x000001d77767a800 Exception <a 'java/lang/NoSuchMethodError'{0x00000000c91ec1a8}: static Lorg/gradle/tooling/internal/provider/events/AbstractProgressEvent;.<clinit>()V> (0x00000000c91ec1a8) 
thrown [t:/workspace/open/src/hotspot/share/prims/jni.cpp, line 1347]
Event: 465.701 Thread 0x000001d77767a800 Exception <a 'java/lang/NoSuchMethodError'{0x00000000c91f5400}: static Lorg/gradle/tooling/internal/provider/events/DefaultOperationStartedProgressEvent;.<clinit>()V> (0x00000000c91f5400) 
thrown [t:/workspace/open/src/hotspot/share/prims/jni.cpp, line 1347]
Event: 465.708 Thread 0x000001d77767a800 Exception <a 'java/lang/NoSuchMethodError'{0x00000000c9003c20}: static Lorg/gradle/tooling/internal/provider/events/DefaultOperationDescriptor;.<clinit>()V> (0x00000000c9003c20) 
thrown [t:/workspace/open/src/hotspot/share/prims/jni.cpp, line 1347]
Event: 465.709 Thread 0x000001d77767a800 Exception <a 'java/lang/NoSuchMethodError'{0x00000000c900c810}: static Lorg/gradle/internal/operations/OperationIdentifier;.<clinit>()V> (0x00000000c900c810) 
thrown [t:/workspace/open/src/hotspot/share/prims/jni.cpp, line 1347]
Event: 465.782 Thread 0x000001d77767a800 Exception <a 'sun/net/ConnectionResetException'{0x00000000c901a278}: Connection reset> (0x00000000c901a278) 
thrown [t:/workspace/open/src/hotspot/share/prims/jni.cpp, line 619]
Event: 465.815 Thread 0x000001d774a60000 Exception <a 'java/lang/ClassNotFoundException'{0x00000000c90b08a0}: sun/misc/SharedSecrets> (0x00000000c90b08a0) 
thrown [t:/workspace/open/src/hotspot/share/classfile/systemDictionary.cpp, line 232]
Event: 465.860 Thread 0x000001d774a60000 Exception <a 'sun/nio/fs/WindowsException'{0x00000000c8fc7178}> (0x00000000c8fc7178) 
thrown [t:/workspace/open/src/hotspot/share/prims/jni.cpp, line 598]
Event: 466.331 Thread 0x000001d77526a800 Exception <a 'sun/nio/fs/WindowsException'{0x00000000c8d35330}> (0x00000000c8d35330) 
thrown [t:/workspace/open/src/hotspot/share/prims/jni.cpp, line 598]
Event: 466.397 Thread 0x000001d77526a800 Exception <a 'sun/nio/fs/WindowsException'{0x00000000c8d4c550}> (0x00000000c8d4c550) 
thrown [t:/workspace/open/src/hotspot/share/prims/jni.cpp, line 598]
Event: 486.329 Thread 0x000001d777675000 Exception <a 'java/lang/NoSuchMethodError'{0x00000000c8f01368}: static Lorg/gradle/tooling/internal/provider/events/DefaultOperationFinishedProgressEvent;.<clinit>()V> (0x00000000c8f01368) 
thrown [t:/workspace/open/src/hotspot/share/prims/jni.cpp, line 1347]
Event: 486.333 Thread 0x000001d777675000 Exception <a 'java/lang/NoSuchMethodError'{0x00000000c8f10e40}: static Lorg/gradle/tooling/internal/provider/events/AbstractResult;.<clinit>()V> (0x00000000c8f10e40) 
thrown [t:/workspace/open/src/hotspot/share/prims/jni.cpp, line 1347]
Event: 486.334 Thread 0x000001d777675000 Exception <a 'java/lang/NoSuchMethodError'{0x00000000c8f1a1b0}: static Lorg/gradle/tooling/internal/provider/events/AbstractOperationResult;.<clinit>()V> (0x00000000c8f1a1b0) 
thrown [t:/workspace/open/src/hotspot/share/prims/jni.cpp, line 1347]
Event: 486.336 Thread 0x000001d777675000 Exception <a 'java/lang/NoSuchMethodError'{0x00000000c8f24390}: static Lorg/gradle/tooling/internal/provider/events/DefaultFailureResult;.<clinit>()V> (0x00000000c8f24390) 
thrown [t:/workspace/open/src/hotspot/share/prims/jni.cpp, line 1347]
Event: 486.344 Thread 0x000001d777675000 Exception <a 'java/lang/NoSuchMethodError'{0x00000000c8f3c6d8}: static Lorg/gradle/tooling/internal/provider/events/DefaultFailure;.<clinit>()V> (0x00000000c8f3c6d8) 
thrown [t:/workspace/open/src/hotspot/share/prims/jni.cpp, line 1347]
Event: 486.927 Thread 0x000001d777675000 Exception <a 'java/lang/NoSuchMethodError'{0x00000000c87c1c70}: static Lorg/gradle/api/GradleException;.<clinit>()V> (0x00000000c87c1c70) 
thrown [t:/workspace/open/src/hotspot/share/prims/jni.cpp, line 1347]
Event: 486.931 Thread 0x000001d777675000 Exception <a 'java/lang/NoSuchMethodError'{0x00000000c87d1ea0}: static Lorg/gradle/internal/exceptions/LocationAwareException;.<clinit>()V> (0x00000000c87d1ea0) 
thrown [t:/workspace/open/src/hotspot/share/prims/jni.cpp, line 1347]
Event: 486.944 Thread 0x000001d777675000 Exception <a 'java/lang/NoSuchMethodError'{0x00000000c87f5040}: static Lorg/gradle/initialization/ReportedException;.<clinit>()V> (0x00000000c87f5040) 
thrown [t:/workspace/open/src/hotspot/share/prims/jni.cpp, line 1347]

Events (20 events):
Event: 486.918 loading class org/gradle/internal/exceptions/FailureResolutionAware
Event: 486.918 loading class org/gradle/internal/exceptions/FailureResolutionAware done
Event: 486.928 loading class org/gradle/util/TreeVisitor
Event: 486.928 loading class org/gradle/util/TreeVisitor done
Event: 486.932 loading class org/gradle/internal/serialize/CausePlaceholder
Event: 486.932 loading class org/gradle/internal/serialize/CausePlaceholder done
Event: 486.959 Executing VM operation: RevokeBias done
Event: 486.959 Executing VM operation: RevokeBias
Event: 486.977 loading class org/gradle/launcher/daemon/server/api/DaemonStoppedException
Event: 486.977 loading class org/gradle/launcher/daemon/server/api/DaemonStoppedException done
Event: 486.980 loading class org/gradle/tooling/internal/protocol/test/InternalTestExecutionException
Event: 486.980 loading class org/gradle/tooling/internal/protocol/test/InternalTestExecutionException done
Event: 486.980 loading class org/gradle/api/BuildCancelledException
Event: 486.980 loading class org/gradle/api/BuildCancelledException done
Event: 486.981 loading class org/gradle/tooling/internal/protocol/BuildExceptionVersion1
Event: 486.981 loading class org/gradle/tooling/internal/protocol/BuildExceptionVersion1 done
Event: 486.981 loading class org/apache/commons/lang/text/StrBuilder
Event: 486.981 loading class org/apache/commons/lang/text/StrBuilder done
Event: 487.011 Executing VM operation: RevokeBias done
Event: 487.011 Executing VM operation: RevokeBias


Dynamic libraries:
0x00007ff7025a0000 - 0x00007ff7025af000 	F:\Programs\JDK\bin\java.exe
0x00007ff8d2060000 - 0x00007ff8d2250000 	C:\Windows\SYSTEM32\ntdll.dll
0x00007ff8d08c0000 - 0x00007ff8d0972000 	C:\Windows\System32\KERNEL32.DLL
0x00007ff8cfa70000 - 0x00007ff8cfd13000 	C:\Windows\System32\KERNELBASE.dll
0x00007ff8cf8c0000 - 0x00007ff8cf9ba000 	C:\Windows\System32\ucrtbase.dll
0x00007ff8c0a30000 - 0x00007ff8c0a48000 	F:\Programs\JDK\bin\jli.dll
0x00007ff8d1190000 - 0x00007ff8d1233000 	C:\Windows\System32\ADVAPI32.dll
0x00007ff8d0b70000 - 0x00007ff8d0c0e000 	C:\Windows\System32\msvcrt.dll
0x00007ff8d0ed0000 - 0x00007ff8d0f67000 	C:\Windows\System32\sechost.dll
0x00007ff8d0980000 - 0x00007ff8d0aa0000 	C:\Windows\System32\RPCRT4.dll
0x00007ff8d0d30000 - 0x00007ff8d0ec4000 	C:\Windows\System32\USER32.dll
0x00007ff8cfa10000 - 0x00007ff8cfa31000 	C:\Windows\System32\win32u.dll
0x00007ff8d18d0000 - 0x00007ff8d18f6000 	C:\Windows\System32\GDI32.dll
0x00007ff8cfe20000 - 0x00007ff8cffb4000 	C:\Windows\System32\gdi32full.dll
0x00007ff8d0070000 - 0x00007ff8d010e000 	C:\Windows\System32\msvcp_win.dll
0x00007ff8c1010000 - 0x00007ff8c1025000 	F:\Programs\JDK\bin\VCRUNTIME140.dll
0x00007ff8c0d70000 - 0x00007ff8c0ff5000 	C:\Windows\WinSxS\amd64_microsoft.windows.common-controls_6595b64144ccf1df_6.0.18362.592_none_e6c0b1911312be02\COMCTL32.dll
0x00007ff8d1b30000 - 0x00007ff8d1e66000 	C:\Windows\System32\combase.dll
0x00007ff8cfda0000 - 0x00007ff8cfe20000 	C:\Windows\System32\bcryptPrimitives.dll
0x00007ff8c6df0000 - 0x00007ff8c6dfa000 	C:\Windows\SYSTEM32\VERSION.dll
0x00007ff8d1900000 - 0x00007ff8d192e000 	C:\Windows\System32\IMM32.DLL
0x00007ff8ba6d0000 - 0x00007ff8ba76b000 	F:\Programs\JDK\bin\msvcp140.dll
0x00007ff8947f0000 - 0x00007ff895356000 	F:\Programs\JDK\bin\server\jvm.dll
0x00007ff8d2010000 - 0x00007ff8d2018000 	C:\Windows\System32\PSAPI.DLL
0x00007ff8bd050000 - 0x00007ff8bd059000 	C:\Windows\SYSTEM32\WSOCK32.dll
0x00007ff8d0c10000 - 0x00007ff8d0c7f000 	C:\Windows\System32\WS2_32.dll
0x00007ff8cd090000 - 0x00007ff8cd0b4000 	C:\Windows\SYSTEM32\WINMM.dll
0x00007ff8cd060000 - 0x00007ff8cd08d000 	C:\Windows\SYSTEM32\WINMMBASE.dll
0x00007ff8cf9c0000 - 0x00007ff8cfa0a000 	C:\Windows\System32\cfgmgr32.dll
0x00007ff8cef40000 - 0x00007ff8cef51000 	C:\Windows\System32\kernel.appcore.dll
0x00007ff8c7110000 - 0x00007ff8c7120000 	F:\Programs\JDK\bin\verify.dll
0x00007ff8bdd30000 - 0x00007ff8bdf24000 	C:\Windows\SYSTEM32\DBGHELP.DLL
0x00007ff8bdfa0000 - 0x00007ff8bdfca000 	C:\Windows\SYSTEM32\dbgcore.DLL
0x00007ff8c0a00000 - 0x00007ff8c0a26000 	F:\Programs\JDK\bin\java.dll
0x00007ff8c09e0000 - 0x00007ff8c09f7000 	F:\Programs\JDK\bin\zip.dll
0x00007ff8c1090000 - 0x00007ff8c109a000 	F:\Programs\JDK\bin\jimage.dll
0x00007ff8d01d0000 - 0x00007ff8d08b5000 	C:\Windows\System32\SHELL32.dll
0x00007ff8d0c80000 - 0x00007ff8d0d29000 	C:\Windows\System32\shcore.dll
0x00007ff8cf140000 - 0x00007ff8cf8bf000 	C:\Windows\System32\windows.storage.dll
0x00007ff8cef60000 - 0x00007ff8cef7f000 	C:\Windows\System32\profapi.dll
0x00007ff8cefa0000 - 0x00007ff8cefea000 	C:\Windows\System32\powrprof.dll
0x00007ff8cef30000 - 0x00007ff8cef40000 	C:\Windows\System32\UMPDC.dll
0x00007ff8d0170000 - 0x00007ff8d01c2000 	C:\Windows\System32\shlwapi.dll
0x00007ff8cfd80000 - 0x00007ff8cfd97000 	C:\Windows\System32\cryptsp.dll
0x00007ff8c09b0000 - 0x00007ff8c09c9000 	F:\Programs\JDK\bin\net.dll
0x00007ff8c27e0000 - 0x00007ff8c28d0000 	C:\Windows\SYSTEM32\WINHTTP.dll
0x00007ff8ce740000 - 0x00007ff8ce7a7000 	C:\Windows\system32\mswsock.dll
0x00007ff8c0990000 - 0x00007ff8c09a3000 	F:\Programs\JDK\bin\nio.dll
0x00007ff8ce2b0000 - 0x00007ff8ce2e3000 	C:\Windows\system32\rsaenh.dll
0x00007ff8cfa40000 - 0x00007ff8cfa66000 	C:\Windows\System32\bcrypt.dll
0x00007ff8cee50000 - 0x00007ff8cee75000 	C:\Windows\SYSTEM32\USERENV.dll
0x00007ff8ce910000 - 0x00007ff8ce91c000 	C:\Windows\SYSTEM32\CRYPTBASE.dll
0x00007ff8ce450000 - 0x00007ff8ce48a000 	C:\Windows\SYSTEM32\IPHLPAPI.DLL
0x00007ff8d1240000 - 0x00007ff8d1248000 	C:\Windows\System32\NSI.dll
0x00007ff8c55a0000 - 0x00007ff8c55b6000 	C:\Windows\SYSTEM32\dhcpcsvc6.DLL
0x00007ff8c5700000 - 0x00007ff8c571c000 	C:\Windows\SYSTEM32\dhcpcsvc.DLL
0x00007ff8ce490000 - 0x00007ff8ce55a000 	C:\Windows\SYSTEM32\DNSAPI.dll
0x00007ff8ba900000 - 0x00007ff8ba929000 	C:\Users\samda\.vscode\extensions\redhat.java-0.55.1\server\config_win\org.eclipse.equinox.launcher\org.eclipse.equinox.launcher.win32.win32.x86_64_1.1.1100.v20190907-0426\eclipse_1902.dll
0x00007ff8bfa40000 - 0x00007ff8bfa51000 	C:\Users\samda\.vscode\extensions\redhat.java-0.55.1\server\config_win\org.eclipse.osgi\20\0\.cp\jWinHttp-1.0.0.dll
0x00007ff8d1260000 - 0x00007ff8d13b6000 	C:\Windows\System32\ole32.dll
0x00007ff8c25f0000 - 0x00007ff8c25f9000 	F:\Programs\JDK\bin\management.dll
0x00007ff8c0840000 - 0x00007ff8c084b000 	F:\Programs\JDK\bin\management_ext.dll
0x00007ff8bb070000 - 0x00007ff8bb08e000 	C:\Users\samda\.gradle\native\25\windows-amd64\native-platform.dll

dbghelp: loaded successfully - version: 4.0.5 - missing functions: none
symbol engine: initialized successfully - sym options: 0x614 - pdb path: .;F:\Programs\JDK\bin;C:\Windows\SYSTEM32;C:\Windows\WinSxS\amd64_microsoft.windows.common-controls_6595b64144ccf1df_6.0.18362.592_none_e6c0b1911312be02;F:\Programs\JDK\bin\server;C:\Users\samda\.vscode\extensions\redhat.java-0.55.1\server\config_win\org.eclipse.equinox.launcher\org.eclipse.equinox.launcher.win32.win32.x86_64_1.1.1100.v20190907-0426;C:\Users\samda\.vscode\extensions\redhat.java-0.55.1\server\config_win\org.eclipse.osgi\20\0\.cp;C:\Users\samda\.gradle\native\25\windows-amd64

VM Arguments:
jvm_args: --add-modules=ALL-SYSTEM --add-opens=java.base/java.util=ALL-UNNAMED --add-opens=java.base/java.lang=ALL-UNNAMED -Declipse.application=org.eclipse.jdt.ls.core.id1 -Dosgi.bundles.defaultStartLevel=4 -Declipse.product=org.eclipse.jdt.ls.core.product -Dfile.encoding=utf8 -DwatchParentProcess=false -Xverify:none -Xmx1G -XX:+UseG1GC -XX:+UseStringDeduplication 
java_command: c:\Users\samda\.vscode\extensions\redhat.java-0.55.1\server\plugins\org.eclipse.equinox.launcher_1.5.600.v20191014-2022.jar -configuration c:\Users\samda\.vscode\extensions\redhat.java-0.55.1\server\config_win -data c:\Users\samda\AppData\Roaming\Code\User\workspaceStorage\07c03c04871282faabae7c1f4f40eecc\redhat.java\jdt_ws
java_class_path (initial): c:\Users\samda\.vscode\extensions\redhat.java-0.55.1\server\plugins\org.eclipse.equinox.launcher_1.5.600.v20191014-2022.jar
Launcher Type: SUN_STANDARD

[Global flags]
     intx CICompilerCount                          = 2                                         {product} {ergonomic}
     uint ConcGCThreads                            = 1                                         {product} {ergonomic}
     uint G1ConcRefinementThreads                  = 2                                         {product} {ergonomic}
   size_t G1HeapRegionSize                         = 1048576                                   {product} {ergonomic}
    uintx GCDrainStackTargetSize                   = 64                                        {product} {ergonomic}
   size_t InitialHeapSize                          = 67108864                                  {product} {ergonomic}
   size_t MarkStackSize                            = 4194304                                   {product} {ergonomic}
   size_t MaxHeapSize                              = 1073741824                                {product} {command line}
   size_t MaxNewSize                               = 643825664                                 {product} {ergonomic}
   size_t MinHeapDeltaBytes                        = 1048576                                   {product} {ergonomic}
   size_t MinHeapSize                              = 8388608                                   {product} {ergonomic}
    uintx NonNMethodCodeHeapSize                   = 5825164                                {pd product} {ergonomic}
    uintx NonProfiledCodeHeapSize                  = 122916538                              {pd product} {ergonomic}
    uintx ProfiledCodeHeapSize                     = 122916538                              {pd product} {ergonomic}
    uintx ReservedCodeCacheSize                    = 251658240                              {pd product} {ergonomic}
     bool SegmentedCodeCache                       = true                                      {product} {ergonomic}
   size_t SoftMaxHeapSize                          = 1073741824                             {manageable} {ergonomic}
     bool UseCompressedClassPointers               = true                                 {lp64_product} {ergonomic}
     bool UseCompressedOops                        = true                                 {lp64_product} {ergonomic}
     bool UseG1GC                                  = true                                      {product} {command line}
     bool UseLargePagesIndividualAllocation        = false                                  {pd product} {ergonomic}
     bool UseStringDeduplication                   = true                                      {product} {command line}

Logging:
Log output configuration:
 #0: stdout all=warning uptime,level,tags
 #1: stderr all=off uptime,level,tags

Environment Variables:
PATH=C:\Program Files\National Instruments\Shared\OpenVINO\;C:\Program Files (x86)\Common Files\Oracle\Java\javapath;C:\Windows\system32;C:\Windows;C:\Windows\System32\Wbem;C:\Windows\System32\WindowsPowerShell\v1.0\;C:\Windows\System32\OpenSSH\;C:\Program Files\Java\jdk-12.0.2\bin;F:\Programs\Microsoft VS Code\bin;F:\Programs\Git\cmd;C:\Users\samda\AppData\Local\Microsoft\WindowsApps;C:\Program Files\Java\jdk-12.0.2\bin;
USERNAME=samda
OS=Windows_NT
PROCESSOR_IDENTIFIER=AMD64 Family 21 Model 112 Stepping 0, AuthenticAMD



---------------  S Y S T E M  ---------------

OS: Windows 10 , 64 bit Build 18362 (10.0.18362.329)

CPU:total 2 (initial active 2) (2 cores per cpu, 1 threads per core) family 21 model 112 stepping 0, cmov, cx8, fxsr, mmx, sse, sse2, sse3, ssse3, sse4.1, sse4.2, popcnt, avx, avx2, aes, clmul, mmxext, 3dnowpref, lzcnt, sse4a, tsc, tscinvbit, tscinv, bmi1, bmi2, fma

Memory: 4k page, system-wide physical 3974M (585M free)
TotalPageFile size 4400M (AvailPageFile size 5M)
current process WorkingSet (physical memory assigned to process): 348M, peak: 361M
current process commit charge ("private bytes"): 358M, peak: 389M

vm_info: Java HotSpot(TM) 64-Bit Server VM (13.0.1+9) for windows-amd64 JRE (13.0.1+9), built on Oct  6 2019 12:37:49 by "mach5one" with unknown MS VC++:1916

END.
