#
# There is insufficient memory for the Java Runtime Environment to continue.
# Native memory allocation (mmap) failed to map 30408704 bytes for Failed to commit area from 0x00000000d0900000 to 0x00000000d2600000 of length 30408704.
# Possible reasons:
#   The system is out of physical RAM or swap space
#   The process is running with CompressedOops enabled, and the Java Heap may be blocking the growth of the native heap
# Possible solutions:
#   Reduce memory load on the system
#   Increase physical memory or swap space
#   Check if swap backing store is full
#   Decrease Java heap size (-Xmx/-Xms)
#   Decrease number of Java threads
#   Decrease Java thread stack sizes (-Xss)
#   Set larger code cache with -XX:ReservedCodeCacheSize=
#   JVM is running with Unscaled Compressed Oops mode in which the Java heap is
#     placed in the first 4GB address space. The Java Heap base address is the
#     maximum limit for the native heap growth. Please use -XX:HeapBaseMinAddress
#     to set the Java Heap base and to place the Java Heap above 4GB virtual address.
# This output file may be truncated or incomplete.
#
#  Out of Memory Error (t:/workspace/open/src/hotspot/os/windows/os_windows.cpp:3301), pid=3476, tid=1280
#
# JRE version: Java(TM) SE Runtime Environment (13.0.1+9) (build 13.0.1+9)
# Java VM: Java HotSpot(TM) 64-Bit Server VM (13.0.1+9, mixed mode, sharing, tiered, compressed oops, g1 gc, windows-amd64)
# No core dump will be written. Minidumps are not enabled by default on client versions of Windows
#

---------------  S U M M A R Y ------------

Command Line: --add-modules=ALL-SYSTEM --add-opens=java.base/java.util=ALL-UNNAMED --add-opens=java.base/java.lang=ALL-UNNAMED -Declipse.application=org.eclipse.jdt.ls.core.id1 -Dosgi.bundles.defaultStartLevel=4 -Declipse.product=org.eclipse.jdt.ls.core.product -Dfile.encoding=utf8 -DwatchParentProcess=false -Xverify:none -Xmx1G -XX:+UseG1GC -XX:+UseStringDeduplication c:\Users\samda\.vscode\extensions\redhat.java-0.55.1\server\plugins\org.eclipse.equinox.launcher_1.5.600.v20191014-2022.jar -configuration c:\Users\samda\.vscode\extensions\redhat.java-0.55.1\server\config_win -data c:\Users\samda\AppData\Roaming\Code\User\workspaceStorage\07c03c04871282faabae7c1f4f40eecc\redhat.java\jdt_ws

Host: AMD A6-9220e RADEON R4, 5 COMPUTE CORES 2C+3G  , 2 cores, 3G,  Windows 10 , 64 bit Build 18362 (10.0.18362.329)
Time: Wed Jan 15 20:19:39 2020 Mountain Standard Time elapsed time: 257 seconds (0d 0h 4m 17s)

---------------  T H R E A D  ---------------

Current thread (0x0000026cb67af000):  VMThread "VM Thread" [stack: 0x0000009095500000,0x0000009095600000] [id=1280]

Stack: [0x0000009095500000,0x0000009095600000]
[error occurred during error reporting (printing stack bounds), id 0xc0000005, EXCEPTION_ACCESS_VIOLATION (0xc0000005) at pc=0x0000026ca30510ad]

Native frames: (J=compiled Java code, j=interpreted, Vv=VM code, C=native code)
V  [jvm.dll+0x626eca]
V  [jvm.dll+0x772c6a]
V  [jvm.dll+0x77441f]
V  [jvm.dll+0x774985]
V  [jvm.dll+0x77493b]
V  [jvm.dll+0x6266ff]
C  [ntdll.dll+0x78636]
C  [ntdll.dll+0x6a0d6]
C  [ntdll.dll+0x9fe6e]
C  0x0000026ca30510ad

VM_Operation (0x00000090950ff810): G1Concurrent, mode: safepoint, requested by thread 0x0000026c9ab86800


---------------  P R O C E S S  ---------------

Threads class SMR info:
_java_thread_list=0x0000026cb86386f0, length=29, elements={
0x0000026c9ab4e000, 0x0000026cb67b5800, 0x0000026cb67b6800, 0x0000026cb67dc000,
0x0000026cb67de000, 0x0000026cb67df000, 0x0000026cb67e2000, 0x0000026cb6851800,
0x0000026cb720b000, 0x0000026cb725e000, 0x0000026cb7bd1800, 0x0000026cb7a2c000,
0x0000026cb7a62000, 0x0000026cb8222000, 0x0000026cb7533800, 0x0000026cb8117800,
0x0000026cb837b800, 0x0000026cb7a84000, 0x0000026cb7426800, 0x0000026cba11d800,
0x0000026cba11b000, 0x0000026cba11f000, 0x0000026cba11e000, 0x0000026cba119800,
0x0000026cba11b800, 0x0000026cba120000, 0x0000026cba11a000, 0x0000026cba11c800,
0x0000026cb9f94000
}

Java Threads: ( => current thread )
  0x0000026c9ab4e000 JavaThread "main" [_thread_blocked, id=924, stack(0x0000009094e00000,0x0000009094f00000)]
  0x0000026cb67b5800 JavaThread "Reference Handler" daemon [_thread_blocked, id=2356, stack(0x0000009095600000,0x0000009095700000)]
  0x0000026cb67b6800 JavaThread "Finalizer" daemon [_thread_blocked, id=7852, stack(0x0000009095700000,0x0000009095800000)]
  0x0000026cb67dc000 JavaThread "Signal Dispatcher" daemon [_thread_blocked, id=2032, stack(0x0000009095800000,0x0000009095900000)]
  0x0000026cb67de000 JavaThread "Attach Listener" daemon [_thread_blocked, id=3660, stack(0x0000009095900000,0x0000009095a00000)]
  0x0000026cb67df000 JavaThread "C2 CompilerThread0" daemon [_thread_blocked, id=2232, stack(0x0000009095a00000,0x0000009095b00000)]
  0x0000026cb67e2000 JavaThread "C1 CompilerThread0" daemon [_thread_blocked, id=6596, stack(0x0000009095b00000,0x0000009095c00000)]
  0x0000026cb6851800 JavaThread "Sweeper thread" daemon [_thread_blocked, id=7480, stack(0x0000009095c00000,0x0000009095d00000)]
  0x0000026cb720b000 JavaThread "Common-Cleaner" daemon [_thread_blocked, id=8036, stack(0x0000009095d00000,0x0000009095e00000)]
  0x0000026cb725e000 JavaThread "Service Thread" daemon [_thread_blocked, id=2828, stack(0x0000009095e00000,0x0000009095f00000)]
  0x0000026cb7bd1800 JavaThread "Active Thread: Equinox Container: 217e1a14-9479-40e7-91c1-1f077c293deb" [_thread_blocked, id=368, stack(0x0000009096100000,0x0000009096200000)]
  0x0000026cb7a2c000 JavaThread "Framework Event Dispatcher: Equinox Container: 217e1a14-9479-40e7-91c1-1f077c293deb" daemon [_thread_blocked, id=2156, stack(0x0000009096200000,0x0000009096300000)]
  0x0000026cb7a62000 JavaThread "Start Level: Equinox Container: 217e1a14-9479-40e7-91c1-1f077c293deb" daemon [_thread_blocked, id=972, stack(0x0000009096300000,0x0000009096400000)]
  0x0000026cb8222000 JavaThread "Bundle File Closer" daemon [_thread_blocked, id=1644, stack(0x0000009096600000,0x0000009096700000)]
  0x0000026cb7533800 JavaThread "Worker-JM" [_thread_blocked, id=4100, stack(0x0000009096700000,0x0000009096800000)]
  0x0000026cb8117800 JavaThread "Worker-0: Update Installed JREs" [_thread_blocked, id=2348, stack(0x0000009096800000,0x0000009096900000)]
  0x0000026cb837b800 JavaThread "Worker-1" [_thread_blocked, id=4308, stack(0x0000009096900000,0x0000009096a00000)]
  0x0000026cb7a84000 JavaThread "Java indexing" daemon [_thread_blocked, id=5660, stack(0x0000009096a00000,0x0000009096b00000)]
  0x0000026cb7426800 JavaThread "Worker-2: Initialize Workspace" [_thread_blocked, id=3836, stack(0x0000009094c00000,0x0000009094d00000)]
  0x0000026cba11d800 JavaThread "pool-1-thread-1" [_thread_blocked, id=3112, stack(0x0000009094d00000,0x0000009094e00000)]
  0x0000026cba11b000 JavaThread "Worker-3: Synchronize Gradle projects with workspace" [_thread_blocked, id=5228, stack(0x0000009096c00000,0x0000009096d00000)]
  0x0000026cba11f000 JavaThread "Worker-4: Synchronizing projects" [_thread_blocked, id=2136, stack(0x0000009096d00000,0x0000009096e00000)]
  0x0000026cba11e000 JavaThread "Timer-0" [_thread_blocked, id=7040, stack(0x0000009096e00000,0x0000009096f00000)]
  0x0000026cba119800 JavaThread "Timer-1" [_thread_blocked, id=6860, stack(0x0000009096f00000,0x0000009097000000)]
  0x0000026cba11b800 JavaThread "Timer-2" [_thread_blocked, id=2520, stack(0x0000009097000000,0x0000009097100000)]
  0x0000026cba120000 JavaThread "Worker-5: Java indexing... " [_thread_blocked, id=6368, stack(0x0000009097100000,0x0000009097200000)]
  0x0000026cba11a000 JavaThread "Timer-3" [_thread_blocked, id=2580, stack(0x0000009097200000,0x0000009097300000)]
  0x0000026cba11c800 JavaThread "Connection worker" [_thread_blocked, id=7076, stack(0x0000009097300000,0x0000009097400000)]
  0x0000026cb9f94000 JavaThread "Worker-6" [_thread_blocked, id=6156, stack(0x0000009097600000,0x0000009097700000)]

Other Threads:
=>0x0000026cb67af000 VMThread "VM Thread" [stack: 0x0000009095500000,0x0000009095600000] [id=1280]
  0x0000026cb7290000 WatcherThread [stack: 0x0000009095f00000,0x0000009096000000] [id=6424]
  0x0000026c9ab7d000 GCTaskThread "GC Thread#0" [stack: 0x0000009094f00000,0x0000009095000000] [id=2128]
  0x0000026cb71a7800 GCTaskThread "GC Thread#1" [stack: 0x0000009096000000,0x0000009096100000] [id=1724]
  0x0000026c9ab86800 ConcurrentGCThread "G1 Main Marker" [stack: 0x0000009095000000,0x0000009095100000] [id=5680]
  0x0000026c9ab8a000 ConcurrentGCThread "G1 Conc#0" [stack: 0x0000009095100000,0x0000009095200000] [id=3252]
  0x0000026c9abd6800 ConcurrentGCThread "G1 Refine#0" [stack: 0x0000009095200000,0x0000009095300000] [id=7060]
  0x0000026c9abd8800 ConcurrentGCThread "G1 Young RemSet Sampling" [stack: 0x0000009095300000,0x0000009095400000] [id=2568]
  0x0000026c9abde800 ConcurrentGCThread "StrDedup" [stack: 0x0000009095400000,0x0000009095500000] [id=6568]

Threads with active compile tasks:

VM state:at safepoint (normal execution)

VM Mutex/Monitor currently owned by a thread:  ([mutex/lock_event])
[0x0000026c9ab4a0c0] Threads_lock - owner thread: 0x0000026cb67af000
[0x0000026c9ab4b500] Heap_lock - owner thread: 0x0000026c9ab86800

Heap address: 0x00000000c0000000, size: 1024 MB, Compressed Oops mode: 32-bit
Narrow klass base: 0x0000000800000000, Narrow klass shift: 3
Compressed class space size: 1073741824 Address: 0x0000000800b40000

Heap:
 garbage-first heap   total 301056K, used 178496K [0x00000000c0000000, 0x0000000100000000)
  region size 1024K, 9 young (9216K), 8 survivors (8192K)
 Metaspace       used 42366K, capacity 44518K, committed 44720K, reserved 1089536K
  class space    used 4489K, capacity 5341K, committed 5376K, reserved 1048576K
Heap Regions: E=young(eden), S=young(survivor), O=old, HS=humongous(starts), HC=humongous(continues), CS=collection set, F=free, A=archive, TAMS=top-at-mark-start (previous, next)
|   0|0x00000000c0000000, 0x00000000c0100000, 0x00000000c0100000|100%| O|  |TAMS 0x00000000c0100000, 0x00000000c0000000| Updating 
|   1|0x00000000c0100000, 0x00000000c0200000, 0x00000000c0200000|100%| O|  |TAMS 0x00000000c0200000, 0x00000000c0100000| Updating 
|   2|0x00000000c0200000, 0x00000000c0300000, 0x00000000c0300000|100%| O|  |TAMS 0x00000000c0300000, 0x00000000c0200000| Updating 
|   3|0x00000000c0300000, 0x00000000c0400000, 0x00000000c0400000|100%| O|  |TAMS 0x00000000c0400000, 0x00000000c0300000| Updating 
|   4|0x00000000c0400000, 0x00000000c0500000, 0x00000000c0500000|100%| O|  |TAMS 0x00000000c0500000, 0x00000000c0400000| Updating 
|   5|0x00000000c0500000, 0x00000000c0600000, 0x00000000c0600000|100%| O|  |TAMS 0x00000000c0600000, 0x00000000c0500000| Updating 
|   6|0x00000000c0600000, 0x00000000c0700000, 0x00000000c0700000|100%| O|  |TAMS 0x00000000c0700000, 0x00000000c0600000| Updating 
|   7|0x00000000c0700000, 0x00000000c0800000, 0x00000000c0800000|100%| O|  |TAMS 0x00000000c0800000, 0x00000000c0700000| Updating 
|   8|0x00000000c0800000, 0x00000000c0900000, 0x00000000c0900000|100%|HS|  |TAMS 0x00000000c0900000, 0x00000000c0800000| Complete 
|   9|0x00000000c0900000, 0x00000000c0a00000, 0x00000000c0a00000|100%| O|  |TAMS 0x00000000c0a00000, 0x00000000c0900000| Updating 
|  10|0x00000000c0a00000, 0x00000000c0b00000, 0x00000000c0b00000|100%| O|  |TAMS 0x00000000c0b00000, 0x00000000c0a00000| Updating 
|  11|0x00000000c0b00000, 0x00000000c0c00000, 0x00000000c0c00000|100%| O|  |TAMS 0x00000000c0c00000, 0x00000000c0b00000| Updating 
|  12|0x00000000c0c00000, 0x00000000c0d00000, 0x00000000c0d00000|100%| O|  |TAMS 0x00000000c0d00000, 0x00000000c0c00000| Updating 
|  13|0x00000000c0d00000, 0x00000000c0e00000, 0x00000000c0e00000|100%| O|  |TAMS 0x00000000c0e00000, 0x00000000c0d00000| Updating 
|  14|0x00000000c0e00000, 0x00000000c0f00000, 0x00000000c0f00000|100%| O|  |TAMS 0x00000000c0f00000, 0x00000000c0e00000| Updating 
|  15|0x00000000c0f00000, 0x00000000c1000000, 0x00000000c1000000|100%| O|  |TAMS 0x00000000c1000000, 0x00000000c0f00000| Updating 
|  16|0x00000000c1000000, 0x00000000c1100000, 0x00000000c1100000|100%| O|  |TAMS 0x00000000c1100000, 0x00000000c1000000| Updating 
|  17|0x00000000c1100000, 0x00000000c1200000, 0x00000000c1200000|100%| O|  |TAMS 0x00000000c1200000, 0x00000000c1100000| Updating 
|  18|0x00000000c1200000, 0x00000000c1300000, 0x00000000c1300000|100%| O|  |TAMS 0x00000000c1300000, 0x00000000c1200000| Updating 
|  19|0x00000000c1300000, 0x00000000c1400000, 0x00000000c1400000|100%| O|  |TAMS 0x00000000c1400000, 0x00000000c1300000| Updating 
|  20|0x00000000c1400000, 0x00000000c1500000, 0x00000000c1500000|100%| O|  |TAMS 0x00000000c1500000, 0x00000000c1400000| Updating 
|  21|0x00000000c1500000, 0x00000000c1600000, 0x00000000c1600000|100%| O|  |TAMS 0x00000000c1600000, 0x00000000c1500000| Updating 
|  22|0x00000000c1600000, 0x00000000c1700000, 0x00000000c1700000|100%| O|  |TAMS 0x00000000c1700000, 0x00000000c1600000| Updating 
|  23|0x00000000c1700000, 0x00000000c1800000, 0x00000000c1800000|100%| O|  |TAMS 0x00000000c1800000, 0x00000000c1700000| Updating 
|  24|0x00000000c1800000, 0x00000000c1900000, 0x00000000c1900000|100%| O|  |TAMS 0x00000000c1900000, 0x00000000c1800000| Updating 
|  25|0x00000000c1900000, 0x00000000c1a00000, 0x00000000c1a00000|100%| O|  |TAMS 0x00000000c1a00000, 0x00000000c1900000| Updating 
|  26|0x00000000c1a00000, 0x00000000c1b00000, 0x00000000c1b00000|100%| O|  |TAMS 0x00000000c1b00000, 0x00000000c1a00000| Updating 
|  27|0x00000000c1b00000, 0x00000000c1c00000, 0x00000000c1c00000|100%| O|  |TAMS 0x00000000c1c00000, 0x00000000c1b00000| Updating 
|  28|0x00000000c1c00000, 0x00000000c1d00000, 0x00000000c1d00000|100%| O|  |TAMS 0x00000000c1d00000, 0x00000000c1c00000| Updating 
|  29|0x00000000c1d00000, 0x00000000c1e00000, 0x00000000c1e00000|100%| O|  |TAMS 0x00000000c1e00000, 0x00000000c1d00000| Updating 
|  30|0x00000000c1e00000, 0x00000000c1f00000, 0x00000000c1f00000|100%| O|  |TAMS 0x00000000c1f00000, 0x00000000c1e00000| Updating 
|  31|0x00000000c1f00000, 0x00000000c2000000, 0x00000000c2000000|100%| O|  |TAMS 0x00000000c2000000, 0x00000000c1f00000| Updating 
|  32|0x00000000c2000000, 0x00000000c2100000, 0x00000000c2100000|100%| O|  |TAMS 0x00000000c2100000, 0x00000000c2000000| Updating 
|  33|0x00000000c2100000, 0x00000000c2200000, 0x00000000c2200000|100%| O|  |TAMS 0x00000000c2200000, 0x00000000c2100000| Updating 
|  34|0x00000000c2200000, 0x00000000c2300000, 0x00000000c2300000|100%| O|  |TAMS 0x00000000c2300000, 0x00000000c2200000| Updating 
|  35|0x00000000c2300000, 0x00000000c2400000, 0x00000000c2400000|100%| O|  |TAMS 0x00000000c2400000, 0x00000000c2300000| Updating 
|  36|0x00000000c2400000, 0x00000000c2500000, 0x00000000c2500000|100%| O|  |TAMS 0x00000000c2500000, 0x00000000c2400000| Updating 
|  37|0x00000000c2500000, 0x00000000c2600000, 0x00000000c2600000|100%| O|  |TAMS 0x00000000c2600000, 0x00000000c2500000| Updating 
|  38|0x00000000c2600000, 0x00000000c2700000, 0x00000000c2700000|100%| O|  |TAMS 0x00000000c2700000, 0x00000000c2600000| Updating 
|  39|0x00000000c2700000, 0x00000000c2800000, 0x00000000c2800000|100%| O|  |TAMS 0x00000000c2800000, 0x00000000c2700000| Updating 
|  40|0x00000000c2800000, 0x00000000c2900000, 0x00000000c2900000|100%| O|  |TAMS 0x00000000c2900000, 0x00000000c2800000| Updating 
|  41|0x00000000c2900000, 0x00000000c2a00000, 0x00000000c2a00000|100%| O|  |TAMS 0x00000000c2a00000, 0x00000000c2900000| Updating 
|  42|0x00000000c2a00000, 0x00000000c2b00000, 0x00000000c2b00000|100%| O|  |TAMS 0x00000000c2b00000, 0x00000000c2a00000| Updating 
|  43|0x00000000c2b00000, 0x00000000c2c00000, 0x00000000c2c00000|100%| O|  |TAMS 0x00000000c2c00000, 0x00000000c2b00000| Updating 
|  44|0x00000000c2c00000, 0x00000000c2d00000, 0x00000000c2d00000|100%| O|  |TAMS 0x00000000c2d00000, 0x00000000c2c00000| Updating 
|  45|0x00000000c2d00000, 0x00000000c2e00000, 0x00000000c2e00000|100%| O|  |TAMS 0x00000000c2e00000, 0x00000000c2d00000| Updating 
|  46|0x00000000c2e00000, 0x00000000c2f00000, 0x00000000c2f00000|100%| O|  |TAMS 0x00000000c2f00000, 0x00000000c2e00000| Updating 
|  47|0x00000000c2f00000, 0x00000000c3000000, 0x00000000c3000000|100%| O|  |TAMS 0x00000000c3000000, 0x00000000c2f00000| Updating 
|  48|0x00000000c3000000, 0x00000000c3100000, 0x00000000c3100000|100%| O|  |TAMS 0x00000000c3100000, 0x00000000c3000000| Updating 
|  49|0x00000000c3100000, 0x00000000c3200000, 0x00000000c3200000|100%| O|  |TAMS 0x00000000c3200000, 0x00000000c3100000| Updating 
|  50|0x00000000c3200000, 0x00000000c3300000, 0x00000000c3300000|100%| O|  |TAMS 0x00000000c3300000, 0x00000000c3200000| Updating 
|  51|0x00000000c3300000, 0x00000000c3400000, 0x00000000c3400000|100%| O|  |TAMS 0x00000000c3400000, 0x00000000c3300000| Updating 
|  52|0x00000000c3400000, 0x00000000c3500000, 0x00000000c3500000|100%| O|  |TAMS 0x00000000c3500000, 0x00000000c3400000| Updating 
|  53|0x00000000c3500000, 0x00000000c3600000, 0x00000000c3600000|100%| O|  |TAMS 0x00000000c3600000, 0x00000000c3500000| Updating 
|  54|0x00000000c3600000, 0x00000000c3700000, 0x00000000c3700000|100%| O|  |TAMS 0x00000000c3700000, 0x00000000c3600000| Updating 
|  55|0x00000000c3700000, 0x00000000c3800000, 0x00000000c3800000|100%| O|  |TAMS 0x00000000c3800000, 0x00000000c3700000| Updating 
|  56|0x00000000c3800000, 0x00000000c3900000, 0x00000000c3900000|100%| O|  |TAMS 0x00000000c3900000, 0x00000000c3800000| Updating 
|  57|0x00000000c3900000, 0x00000000c3a00000, 0x00000000c3a00000|100%| O|  |TAMS 0x00000000c3a00000, 0x00000000c3900000| Updating 
|  58|0x00000000c3a00000, 0x00000000c3b00000, 0x00000000c3b00000|100%| O|  |TAMS 0x00000000c3b00000, 0x00000000c3a00000| Updating 
|  59|0x00000000c3b00000, 0x00000000c3c00000, 0x00000000c3c00000|100%| O|  |TAMS 0x00000000c3c00000, 0x00000000c3b00000| Updating 
|  60|0x00000000c3c00000, 0x00000000c3d00000, 0x00000000c3d00000|100%| O|  |TAMS 0x00000000c3d00000, 0x00000000c3c00000| Updating 
|  61|0x00000000c3d00000, 0x00000000c3e00000, 0x00000000c3e00000|100%| O|  |TAMS 0x00000000c3e00000, 0x00000000c3d00000| Updating 
|  62|0x00000000c3e00000, 0x00000000c3f00000, 0x00000000c3f00000|100%| O|  |TAMS 0x00000000c3f00000, 0x00000000c3e00000| Updating 
|  63|0x00000000c3f00000, 0x00000000c4000000, 0x00000000c4000000|100%| O|  |TAMS 0x00000000c4000000, 0x00000000c3f00000| Updating 
|  64|0x00000000c4000000, 0x00000000c4100000, 0x00000000c4100000|100%| O|  |TAMS 0x00000000c4100000, 0x00000000c4000000| Updating 
|  65|0x00000000c4100000, 0x00000000c4200000, 0x00000000c4200000|100%| O|  |TAMS 0x00000000c4200000, 0x00000000c4100000| Updating 
|  66|0x00000000c4200000, 0x00000000c4300000, 0x00000000c4300000|100%| O|  |TAMS 0x00000000c4300000, 0x00000000c4200000| Updating 
|  67|0x00000000c4300000, 0x00000000c4400000, 0x00000000c4400000|100%| O|  |TAMS 0x00000000c4400000, 0x00000000c4300000| Updating 
|  68|0x00000000c4400000, 0x00000000c4500000, 0x00000000c4500000|100%| O|  |TAMS 0x00000000c4500000, 0x00000000c4400000| Updating 
|  69|0x00000000c4500000, 0x00000000c4600000, 0x00000000c4600000|100%| O|  |TAMS 0x00000000c4600000, 0x00000000c4500000| Updating 
|  70|0x00000000c4600000, 0x00000000c4700000, 0x00000000c4700000|100%| O|  |TAMS 0x00000000c4700000, 0x00000000c4600000| Updating 
|  71|0x00000000c4700000, 0x00000000c4800000, 0x00000000c4800000|100%| O|  |TAMS 0x00000000c4800000, 0x00000000c4700000| Updating 
|  72|0x00000000c4800000, 0x00000000c4900000, 0x00000000c4900000|100%| O|  |TAMS 0x00000000c4900000, 0x00000000c4800000| Updating 
|  73|0x00000000c4900000, 0x00000000c4a00000, 0x00000000c4a00000|100%| O|  |TAMS 0x00000000c4a00000, 0x00000000c4900000| Updating 
|  74|0x00000000c4a00000, 0x00000000c4b00000, 0x00000000c4b00000|100%| O|  |TAMS 0x00000000c4b00000, 0x00000000c4a00000| Updating 
|  75|0x00000000c4b00000, 0x00000000c4c00000, 0x00000000c4c00000|100%| O|  |TAMS 0x00000000c4c00000, 0x00000000c4b00000| Updating 
|  76|0x00000000c4c00000, 0x00000000c4d00000, 0x00000000c4d00000|100%| O|  |TAMS 0x00000000c4d00000, 0x00000000c4c00000| Updating 
|  77|0x00000000c4d00000, 0x00000000c4e00000, 0x00000000c4e00000|100%| O|  |TAMS 0x00000000c4e00000, 0x00000000c4d00000| Updating 
|  78|0x00000000c4e00000, 0x00000000c4f00000, 0x00000000c4f00000|100%| O|  |TAMS 0x00000000c4f00000, 0x00000000c4e00000| Updating 
|  79|0x00000000c4f00000, 0x00000000c5000000, 0x00000000c5000000|100%| O|  |TAMS 0x00000000c5000000, 0x00000000c4f00000| Updating 
|  80|0x00000000c5000000, 0x00000000c5100000, 0x00000000c5100000|100%| O|  |TAMS 0x00000000c5100000, 0x00000000c5000000| Updating 
|  81|0x00000000c5100000, 0x00000000c5200000, 0x00000000c5200000|100%| O|  |TAMS 0x00000000c5200000, 0x00000000c5100000| Updating 
|  82|0x00000000c5200000, 0x00000000c5300000, 0x00000000c5300000|100%| O|  |TAMS 0x00000000c5300000, 0x00000000c5200000| Updating 
|  83|0x00000000c5300000, 0x00000000c5400000, 0x00000000c5400000|100%| O|  |TAMS 0x00000000c5400000, 0x00000000c5300000| Updating 
|  84|0x00000000c5400000, 0x00000000c5500000, 0x00000000c5500000|100%| O|  |TAMS 0x00000000c5500000, 0x00000000c5400000| Updating 
|  85|0x00000000c5500000, 0x00000000c5600000, 0x00000000c5600000|100%| O|  |TAMS 0x00000000c5600000, 0x00000000c5500000| Updating 
|  86|0x00000000c5600000, 0x00000000c5700000, 0x00000000c5700000|100%| O|  |TAMS 0x00000000c5700000, 0x00000000c5600000| Updating 
|  87|0x00000000c5700000, 0x00000000c5800000, 0x00000000c5800000|100%| O|  |TAMS 0x00000000c5800000, 0x00000000c5700000| Updating 
|  88|0x00000000c5800000, 0x00000000c5900000, 0x00000000c5900000|100%| O|  |TAMS 0x00000000c5900000, 0x00000000c5800000| Updating 
|  89|0x00000000c5900000, 0x00000000c5a00000, 0x00000000c5a00000|100%| O|  |TAMS 0x00000000c5a00000, 0x00000000c5900000| Updating 
|  90|0x00000000c5a00000, 0x00000000c5b00000, 0x00000000c5b00000|100%| O|  |TAMS 0x00000000c5b00000, 0x00000000c5a00000| Updating 
|  91|0x00000000c5b00000, 0x00000000c5c00000, 0x00000000c5c00000|100%| O|  |TAMS 0x00000000c5c00000, 0x00000000c5b00000| Updating 
|  92|0x00000000c5c00000, 0x00000000c5d00000, 0x00000000c5d00000|100%| O|  |TAMS 0x00000000c5d00000, 0x00000000c5c00000| Updating 
|  93|0x00000000c5d00000, 0x00000000c5e00000, 0x00000000c5e00000|100%| O|  |TAMS 0x00000000c5e00000, 0x00000000c5d00000| Updating 
|  94|0x00000000c5e00000, 0x00000000c5f00000, 0x00000000c5f00000|100%| O|  |TAMS 0x00000000c5f00000, 0x00000000c5e00000| Updating 
|  95|0x00000000c5f00000, 0x00000000c6000000, 0x00000000c6000000|100%| O|  |TAMS 0x00000000c6000000, 0x00000000c5f00000| Updating 
|  96|0x00000000c6000000, 0x00000000c6100000, 0x00000000c6100000|100%| O|  |TAMS 0x00000000c6100000, 0x00000000c6000000| Updating 
|  97|0x00000000c6100000, 0x00000000c6200000, 0x00000000c6200000|100%| O|  |TAMS 0x00000000c6200000, 0x00000000c6100000| Updating 
|  98|0x00000000c6200000, 0x00000000c6300000, 0x00000000c6300000|100%| O|  |TAMS 0x00000000c6300000, 0x00000000c6200000| Updating 
|  99|0x00000000c6300000, 0x00000000c6400000, 0x00000000c6400000|100%| O|  |TAMS 0x00000000c6400000, 0x00000000c6300000| Updating 
| 100|0x00000000c6400000, 0x00000000c6500000, 0x00000000c6500000|100%| O|  |TAMS 0x00000000c6500000, 0x00000000c6400000| Updating 
| 101|0x00000000c6500000, 0x00000000c6600000, 0x00000000c6600000|100%| O|  |TAMS 0x00000000c6600000, 0x00000000c6500000| Updating 
| 102|0x00000000c6600000, 0x00000000c6700000, 0x00000000c6700000|100%| O|  |TAMS 0x00000000c6700000, 0x00000000c6600000| Updating 
| 103|0x00000000c6700000, 0x00000000c6800000, 0x00000000c6800000|100%| O|  |TAMS 0x00000000c6800000, 0x00000000c6700000| Updating 
| 104|0x00000000c6800000, 0x00000000c6900000, 0x00000000c6900000|100%| O|  |TAMS 0x00000000c6900000, 0x00000000c6800000| Updating 
| 105|0x00000000c6900000, 0x00000000c6a00000, 0x00000000c6a00000|100%|HS|  |TAMS 0x00000000c6a00000, 0x00000000c6900000| Complete 
| 106|0x00000000c6a00000, 0x00000000c6b00000, 0x00000000c6b00000|100%|HC|  |TAMS 0x00000000c6b00000, 0x00000000c6a00000| Complete 
| 107|0x00000000c6b00000, 0x00000000c6c00000, 0x00000000c6c00000|100%|HC|  |TAMS 0x00000000c6c00000, 0x00000000c6b00000| Complete 
| 108|0x00000000c6c00000, 0x00000000c6d00000, 0x00000000c6d00000|100%|HC|  |TAMS 0x00000000c6d00000, 0x00000000c6c00000| Complete 
| 109|0x00000000c6d00000, 0x00000000c6e00000, 0x00000000c6e00000|100%| O|  |TAMS 0x00000000c6e00000, 0x00000000c6d00000| Updating 
| 110|0x00000000c6e00000, 0x00000000c6f00000, 0x00000000c6f00000|100%| O|  |TAMS 0x00000000c6f00000, 0x00000000c6e00000| Updating 
| 111|0x00000000c6f00000, 0x00000000c7000000, 0x00000000c7000000|100%| O|  |TAMS 0x00000000c7000000, 0x00000000c6f00000| Updating 
| 112|0x00000000c7000000, 0x00000000c7100000, 0x00000000c7100000|100%| O|  |TAMS 0x00000000c7100000, 0x00000000c7000000| Updating 
| 113|0x00000000c7100000, 0x00000000c7200000, 0x00000000c7200000|100%| O|  |TAMS 0x00000000c7200000, 0x00000000c7100000| Updating 
| 114|0x00000000c7200000, 0x00000000c7300000, 0x00000000c7300000|100%| O|  |TAMS 0x00000000c7300000, 0x00000000c7200000| Updating 
| 115|0x00000000c7300000, 0x00000000c7400000, 0x00000000c7400000|100%| O|  |TAMS 0x00000000c7400000, 0x00000000c7300000| Updating 
| 116|0x00000000c7400000, 0x00000000c7500000, 0x00000000c7500000|100%| O|  |TAMS 0x00000000c7500000, 0x00000000c7400000| Updating 
| 117|0x00000000c7500000, 0x00000000c7600000, 0x00000000c7600000|100%| O|  |TAMS 0x00000000c7600000, 0x00000000c7500000| Updating 
| 118|0x00000000c7600000, 0x00000000c7700000, 0x00000000c7700000|100%| O|  |TAMS 0x00000000c7700000, 0x00000000c7600000| Updating 
| 119|0x00000000c7700000, 0x00000000c7800000, 0x00000000c7800000|100%| O|  |TAMS 0x00000000c7800000, 0x00000000c7700000| Updating 
| 120|0x00000000c7800000, 0x00000000c7900000, 0x00000000c7900000|100%| O|  |TAMS 0x00000000c7900000, 0x00000000c7800000| Updating 
| 121|0x00000000c7900000, 0x00000000c7a00000, 0x00000000c7a00000|100%| O|  |TAMS 0x00000000c7a00000, 0x00000000c7900000| Updating 
| 122|0x00000000c7a00000, 0x00000000c7b00000, 0x00000000c7b00000|100%| O|  |TAMS 0x00000000c7b00000, 0x00000000c7a00000| Updating 
| 123|0x00000000c7b00000, 0x00000000c7c00000, 0x00000000c7c00000|100%| O|  |TAMS 0x00000000c7c00000, 0x00000000c7b00000| Updating 
| 124|0x00000000c7c00000, 0x00000000c7d00000, 0x00000000c7d00000|100%| O|  |TAMS 0x00000000c7d00000, 0x00000000c7c00000| Updating 
| 125|0x00000000c7d00000, 0x00000000c7e00000, 0x00000000c7e00000|100%| O|  |TAMS 0x00000000c7e00000, 0x00000000c7d00000| Updating 
| 126|0x00000000c7e00000, 0x00000000c7f00000, 0x00000000c7f00000|100%| O|  |TAMS 0x00000000c7f00000, 0x00000000c7e00000| Updating 
| 127|0x00000000c7f00000, 0x00000000c8000000, 0x00000000c8000000|100%| O|  |TAMS 0x00000000c8000000, 0x00000000c7f00000| Updating 
| 128|0x00000000c8000000, 0x00000000c8100000, 0x00000000c8100000|100%| O|  |TAMS 0x00000000c8100000, 0x00000000c8000000| Updating 
| 129|0x00000000c8100000, 0x00000000c8200000, 0x00000000c8200000|100%| O|  |TAMS 0x00000000c8200000, 0x00000000c8100000| Updating 
| 130|0x00000000c8200000, 0x00000000c8300000, 0x00000000c8300000|100%| O|  |TAMS 0x00000000c8300000, 0x00000000c8200000| Updating 
| 131|0x00000000c8300000, 0x00000000c8400000, 0x00000000c8400000|100%| O|  |TAMS 0x00000000c8400000, 0x00000000c8300000| Updating 
| 132|0x00000000c8400000, 0x00000000c8500000, 0x00000000c8500000|100%| O|  |TAMS 0x00000000c8500000, 0x00000000c8400000| Updating 
| 133|0x00000000c8500000, 0x00000000c8600000, 0x00000000c8600000|100%| O|  |TAMS 0x00000000c8600000, 0x00000000c8500000| Updating 
| 134|0x00000000c8600000, 0x00000000c8700000, 0x00000000c8700000|100%| O|  |TAMS 0x00000000c8700000, 0x00000000c8600000| Updating 
| 135|0x00000000c8700000, 0x00000000c8800000, 0x00000000c8800000|100%| O|  |TAMS 0x00000000c8800000, 0x00000000c8700000| Updating 
| 136|0x00000000c8800000, 0x00000000c8900000, 0x00000000c8900000|100%| O|  |TAMS 0x00000000c8900000, 0x00000000c8800000| Updating 
| 137|0x00000000c8900000, 0x00000000c8a00000, 0x00000000c8a00000|100%| O|  |TAMS 0x00000000c8a00000, 0x00000000c8900000| Updating 
| 138|0x00000000c8a00000, 0x00000000c8b00000, 0x00000000c8b00000|100%| O|  |TAMS 0x00000000c8b00000, 0x00000000c8a00000| Updating 
| 139|0x00000000c8b00000, 0x00000000c8c00000, 0x00000000c8c00000|100%| O|  |TAMS 0x00000000c8c00000, 0x00000000c8b00000| Updating 
| 140|0x00000000c8c00000, 0x00000000c8d00000, 0x00000000c8d00000|100%| O|  |TAMS 0x00000000c8d00000, 0x00000000c8c00000| Updating 
| 141|0x00000000c8d00000, 0x00000000c8e00000, 0x00000000c8e00000|100%| O|  |TAMS 0x00000000c8e00000, 0x00000000c8d00000| Updating 
| 142|0x00000000c8e00000, 0x00000000c8f00000, 0x00000000c8f00000|100%| O|  |TAMS 0x00000000c8f00000, 0x00000000c8e00000| Updating 
| 143|0x00000000c8f00000, 0x00000000c9000000, 0x00000000c9000000|100%| O|  |TAMS 0x00000000c9000000, 0x00000000c8f00000| Updating 
| 144|0x00000000c9000000, 0x00000000c9100000, 0x00000000c9100000|100%| O|  |TAMS 0x00000000c9100000, 0x00000000c9000000| Updating 
| 145|0x00000000c9100000, 0x00000000c9200000, 0x00000000c9200000|100%| O|  |TAMS 0x00000000c9200000, 0x00000000c9100000| Updating 
| 146|0x00000000c9200000, 0x00000000c9300000, 0x00000000c9300000|100%| O|  |TAMS 0x00000000c9300000, 0x00000000c9200000| Updating 
| 147|0x00000000c9300000, 0x00000000c9400000, 0x00000000c9400000|100%| O|  |TAMS 0x00000000c9400000, 0x00000000c9300000| Updating 
| 148|0x00000000c9400000, 0x00000000c9500000, 0x00000000c9500000|100%| O|  |TAMS 0x00000000c9500000, 0x00000000c9400000| Updating 
| 149|0x00000000c9500000, 0x00000000c9600000, 0x00000000c9600000|100%| O|  |TAMS 0x00000000c9600000, 0x00000000c9500000| Updating 
| 150|0x00000000c9600000, 0x00000000c9700000, 0x00000000c9700000|100%| O|  |TAMS 0x00000000c9700000, 0x00000000c9600000| Updating 
| 151|0x00000000c9700000, 0x00000000c9800000, 0x00000000c9800000|100%| O|  |TAMS 0x00000000c9800000, 0x00000000c9700000| Updating 
| 152|0x00000000c9800000, 0x00000000c9900000, 0x00000000c9900000|100%| O|  |TAMS 0x00000000c9900000, 0x00000000c9800000| Updating 
| 153|0x00000000c9900000, 0x00000000c9a00000, 0x00000000c9a00000|100%| O|  |TAMS 0x00000000c9a00000, 0x00000000c9900000| Updating 
| 154|0x00000000c9a00000, 0x00000000c9b00000, 0x00000000c9b00000|100%| O|  |TAMS 0x00000000c9b00000, 0x00000000c9a00000| Updating 
| 155|0x00000000c9b00000, 0x00000000c9c00000, 0x00000000c9c00000|100%| O|  |TAMS 0x00000000c9c00000, 0x00000000c9b00000| Updating 
| 156|0x00000000c9c00000, 0x00000000c9d00000, 0x00000000c9d00000|100%| O|  |TAMS 0x00000000c9c80000, 0x00000000c9c00000| Updating 
| 157|0x00000000c9d00000, 0x00000000c9e00000, 0x00000000c9e00000|100%| O|  |TAMS 0x00000000c9d00000, 0x00000000c9d00000| Untracked 
| 158|0x00000000c9e00000, 0x00000000c9f00000, 0x00000000c9f00000|100%| O|  |TAMS 0x00000000c9e00000, 0x00000000c9e00000| Untracked 
| 159|0x00000000c9f00000, 0x00000000ca000000, 0x00000000ca000000|100%| O|  |TAMS 0x00000000c9f00000, 0x00000000c9f00000| Untracked 
| 160|0x00000000ca000000, 0x00000000ca100000, 0x00000000ca100000|100%| O|  |TAMS 0x00000000ca000000, 0x00000000ca000000| Untracked 
| 161|0x00000000ca100000, 0x00000000ca200000, 0x00000000ca200000|100%| O|  |TAMS 0x00000000ca100000, 0x00000000ca100000| Untracked 
| 162|0x00000000ca200000, 0x00000000ca300000, 0x00000000ca300000|100%| O|  |TAMS 0x00000000ca200000, 0x00000000ca200000| Untracked 
| 163|0x00000000ca300000, 0x00000000ca400000, 0x00000000ca400000|100%| O|  |TAMS 0x00000000ca300000, 0x00000000ca300000| Untracked 
| 164|0x00000000ca400000, 0x00000000ca450200, 0x00000000ca500000| 31%| O|  |TAMS 0x00000000ca400000, 0x00000000ca400000| Updating 
| 165|0x00000000ca500000, 0x00000000ca600000, 0x00000000ca600000|100%|HS|  |TAMS 0x00000000ca500000, 0x00000000ca500000| Complete 
| 166|0x00000000ca600000, 0x00000000ca700000, 0x00000000ca700000|100%|HS|  |TAMS 0x00000000ca600000, 0x00000000ca600000| Complete 
| 167|0x00000000ca700000, 0x00000000ca700000, 0x00000000ca800000|  0%| F|  |TAMS 0x00000000ca700000, 0x00000000ca700000| Untracked 
| 168|0x00000000ca800000, 0x00000000ca800000, 0x00000000ca900000|  0%| F|  |TAMS 0x00000000ca800000, 0x00000000ca800000| Untracked 
| 169|0x00000000ca900000, 0x00000000ca900000, 0x00000000caa00000|  0%| F|  |TAMS 0x00000000ca900000, 0x00000000ca900000| Untracked 
| 170|0x00000000caa00000, 0x00000000caa00000, 0x00000000cab00000|  0%| F|  |TAMS 0x00000000caa00000, 0x00000000caa00000| Untracked 
| 171|0x00000000cab00000, 0x00000000cab00000, 0x00000000cac00000|  0%| F|  |TAMS 0x00000000cab00000, 0x00000000cab00000| Untracked 
| 172|0x00000000cac00000, 0x00000000cac00000, 0x00000000cad00000|  0%| F|  |TAMS 0x00000000cac00000, 0x00000000cac00000| Untracked 
| 173|0x00000000cad00000, 0x00000000cad00000, 0x00000000cae00000|  0%| F|  |TAMS 0x00000000cad00000, 0x00000000cad00000| Untracked 
| 174|0x00000000cae00000, 0x00000000cae00000, 0x00000000caf00000|  0%| F|  |TAMS 0x00000000cae00000, 0x00000000cae00000| Untracked 
| 175|0x00000000caf00000, 0x00000000caf00000, 0x00000000cb000000|  0%| F|  |TAMS 0x00000000caf00000, 0x00000000caf00000| Untracked 
| 176|0x00000000cb000000, 0x00000000cb000000, 0x00000000cb100000|  0%| F|  |TAMS 0x00000000cb000000, 0x00000000cb000000| Untracked 
| 177|0x00000000cb100000, 0x00000000cb100000, 0x00000000cb200000|  0%| F|  |TAMS 0x00000000cb100000, 0x00000000cb100000| Untracked 
| 178|0x00000000cb200000, 0x00000000cb200000, 0x00000000cb300000|  0%| F|  |TAMS 0x00000000cb200000, 0x00000000cb200000| Untracked 
| 179|0x00000000cb300000, 0x00000000cb300000, 0x00000000cb400000|  0%| F|  |TAMS 0x00000000cb300000, 0x00000000cb300000| Untracked 
| 180|0x00000000cb400000, 0x00000000cb400000, 0x00000000cb500000|  0%| F|  |TAMS 0x00000000cb400000, 0x00000000cb400000| Untracked 
| 181|0x00000000cb500000, 0x00000000cb500000, 0x00000000cb600000|  0%| F|  |TAMS 0x00000000cb500000, 0x00000000cb500000| Untracked 
| 182|0x00000000cb600000, 0x00000000cb600000, 0x00000000cb700000|  0%| F|  |TAMS 0x00000000cb600000, 0x00000000cb600000| Untracked 
| 183|0x00000000cb700000, 0x00000000cb700000, 0x00000000cb800000|  0%| F|  |TAMS 0x00000000cb700000, 0x00000000cb700000| Untracked 
| 184|0x00000000cb800000, 0x00000000cb800000, 0x00000000cb900000|  0%| F|  |TAMS 0x00000000cb800000, 0x00000000cb800000| Untracked 
| 185|0x00000000cb900000, 0x00000000cb900000, 0x00000000cba00000|  0%| F|  |TAMS 0x00000000cb900000, 0x00000000cb900000| Untracked 
| 186|0x00000000cba00000, 0x00000000cba00000, 0x00000000cbb00000|  0%| F|  |TAMS 0x00000000cba00000, 0x00000000cba00000| Untracked 
| 187|0x00000000cbb00000, 0x00000000cbb00000, 0x00000000cbc00000|  0%| F|  |TAMS 0x00000000cbb00000, 0x00000000cbb00000| Untracked 
| 188|0x00000000cbc00000, 0x00000000cbc00000, 0x00000000cbd00000|  0%| F|  |TAMS 0x00000000cbc00000, 0x00000000cbc00000| Untracked 
| 189|0x00000000cbd00000, 0x00000000cbd00000, 0x00000000cbe00000|  0%| F|  |TAMS 0x00000000cbd00000, 0x00000000cbd00000| Untracked 
| 190|0x00000000cbe00000, 0x00000000cbe00000, 0x00000000cbf00000|  0%| F|  |TAMS 0x00000000cbe00000, 0x00000000cbe00000| Untracked 
| 191|0x00000000cbf00000, 0x00000000cbf00000, 0x00000000cc000000|  0%| F|  |TAMS 0x00000000cbf00000, 0x00000000cbf00000| Untracked 
| 192|0x00000000cc000000, 0x00000000cc000000, 0x00000000cc100000|  0%| F|  |TAMS 0x00000000cc000000, 0x00000000cc000000| Untracked 
| 193|0x00000000cc100000, 0x00000000cc100000, 0x00000000cc200000|  0%| F|  |TAMS 0x00000000cc100000, 0x00000000cc100000| Untracked 
| 194|0x00000000cc200000, 0x00000000cc200000, 0x00000000cc300000|  0%| F|  |TAMS 0x00000000cc200000, 0x00000000cc200000| Untracked 
| 195|0x00000000cc300000, 0x00000000cc300000, 0x00000000cc400000|  0%| F|  |TAMS 0x00000000cc300000, 0x00000000cc300000| Untracked 
| 196|0x00000000cc400000, 0x00000000cc400000, 0x00000000cc500000|  0%| F|  |TAMS 0x00000000cc400000, 0x00000000cc400000| Untracked 
| 197|0x00000000cc500000, 0x00000000cc500000, 0x00000000cc600000|  0%| F|  |TAMS 0x00000000cc500000, 0x00000000cc500000| Untracked 
| 198|0x00000000cc600000, 0x00000000cc600000, 0x00000000cc700000|  0%| F|  |TAMS 0x00000000cc600000, 0x00000000cc600000| Untracked 
| 199|0x00000000cc700000, 0x00000000cc700000, 0x00000000cc800000|  0%| F|  |TAMS 0x00000000cc700000, 0x00000000cc700000| Untracked 
| 200|0x00000000cc800000, 0x00000000cc800000, 0x00000000cc900000|  0%| F|  |TAMS 0x00000000cc800000, 0x00000000cc800000| Untracked 
| 201|0x00000000cc900000, 0x00000000cc900000, 0x00000000cca00000|  0%| F|  |TAMS 0x00000000cc900000, 0x00000000cc900000| Untracked 
| 202|0x00000000cca00000, 0x00000000cca00000, 0x00000000ccb00000|  0%| F|  |TAMS 0x00000000cca00000, 0x00000000cca00000| Untracked 
| 203|0x00000000ccb00000, 0x00000000ccb00000, 0x00000000ccc00000|  0%| F|  |TAMS 0x00000000ccb00000, 0x00000000ccb00000| Untracked 
| 204|0x00000000ccc00000, 0x00000000ccc00000, 0x00000000ccd00000|  0%| F|  |TAMS 0x00000000ccc00000, 0x00000000ccc00000| Untracked 
| 205|0x00000000ccd00000, 0x00000000ccd00000, 0x00000000cce00000|  0%| F|  |TAMS 0x00000000ccd00000, 0x00000000ccd00000| Untracked 
| 206|0x00000000cce00000, 0x00000000cce00000, 0x00000000ccf00000|  0%| F|  |TAMS 0x00000000cce00000, 0x00000000cce00000| Untracked 
| 207|0x00000000ccf00000, 0x00000000ccf00000, 0x00000000cd000000|  0%| F|  |TAMS 0x00000000ccf00000, 0x00000000ccf00000| Untracked 
| 208|0x00000000cd000000, 0x00000000cd000000, 0x00000000cd100000|  0%| F|  |TAMS 0x00000000cd000000, 0x00000000cd000000| Untracked 
| 209|0x00000000cd100000, 0x00000000cd100000, 0x00000000cd200000|  0%| F|  |TAMS 0x00000000cd100000, 0x00000000cd100000| Untracked 
| 210|0x00000000cd200000, 0x00000000cd200000, 0x00000000cd300000|  0%| F|  |TAMS 0x00000000cd200000, 0x00000000cd200000| Untracked 
| 211|0x00000000cd300000, 0x00000000cd300000, 0x00000000cd400000|  0%| F|  |TAMS 0x00000000cd300000, 0x00000000cd300000| Untracked 
| 212|0x00000000cd400000, 0x00000000cd400000, 0x00000000cd500000|  0%| F|  |TAMS 0x00000000cd400000, 0x00000000cd400000| Untracked 
| 213|0x00000000cd500000, 0x00000000cd500000, 0x00000000cd600000|  0%| F|  |TAMS 0x00000000cd500000, 0x00000000cd500000| Untracked 
| 214|0x00000000cd600000, 0x00000000cd600000, 0x00000000cd700000|  0%| F|  |TAMS 0x00000000cd600000, 0x00000000cd600000| Untracked 
| 215|0x00000000cd700000, 0x00000000cd700000, 0x00000000cd800000|  0%| F|  |TAMS 0x00000000cd700000, 0x00000000cd700000| Untracked 
| 216|0x00000000cd800000, 0x00000000cd800000, 0x00000000cd900000|  0%| F|  |TAMS 0x00000000cd800000, 0x00000000cd800000| Untracked 
| 217|0x00000000cd900000, 0x00000000cd900000, 0x00000000cda00000|  0%| F|  |TAMS 0x00000000cd900000, 0x00000000cd900000| Untracked 
| 218|0x00000000cda00000, 0x00000000cda00000, 0x00000000cdb00000|  0%| F|  |TAMS 0x00000000cda00000, 0x00000000cda00000| Untracked 
| 219|0x00000000cdb00000, 0x00000000cdb00000, 0x00000000cdc00000|  0%| F|  |TAMS 0x00000000cdb00000, 0x00000000cdb00000| Untracked 
| 220|0x00000000cdc00000, 0x00000000cdc00000, 0x00000000cdd00000|  0%| F|  |TAMS 0x00000000cdc00000, 0x00000000cdc00000| Untracked 
| 221|0x00000000cdd00000, 0x00000000cdd00000, 0x00000000cde00000|  0%| F|  |TAMS 0x00000000cdd00000, 0x00000000cdd00000| Untracked 
| 222|0x00000000cde00000, 0x00000000cde00000, 0x00000000cdf00000|  0%| F|  |TAMS 0x00000000cde00000, 0x00000000cde00000| Untracked 
| 223|0x00000000cdf00000, 0x00000000cdf00000, 0x00000000ce000000|  0%| F|  |TAMS 0x00000000cdf00000, 0x00000000cdf00000| Untracked 
| 224|0x00000000ce000000, 0x00000000ce000000, 0x00000000ce100000|  0%| F|  |TAMS 0x00000000ce000000, 0x00000000ce000000| Untracked 
| 225|0x00000000ce100000, 0x00000000ce100000, 0x00000000ce200000|  0%| F|  |TAMS 0x00000000ce100000, 0x00000000ce100000| Untracked 
| 226|0x00000000ce200000, 0x00000000ce200000, 0x00000000ce300000|  0%| F|  |TAMS 0x00000000ce200000, 0x00000000ce200000| Untracked 
| 227|0x00000000ce300000, 0x00000000ce300000, 0x00000000ce400000|  0%| F|  |TAMS 0x00000000ce300000, 0x00000000ce300000| Untracked 
| 228|0x00000000ce400000, 0x00000000ce400000, 0x00000000ce500000|  0%| F|  |TAMS 0x00000000ce400000, 0x00000000ce400000| Untracked 
| 229|0x00000000ce500000, 0x00000000ce500000, 0x00000000ce600000|  0%| F|  |TAMS 0x00000000ce500000, 0x00000000ce500000| Untracked 
| 230|0x00000000ce600000, 0x00000000ce600000, 0x00000000ce700000|  0%| F|  |TAMS 0x00000000ce600000, 0x00000000ce600000| Untracked 
| 231|0x00000000ce700000, 0x00000000ce700000, 0x00000000ce800000|  0%| F|  |TAMS 0x00000000ce700000, 0x00000000ce700000| Untracked 
| 232|0x00000000ce800000, 0x00000000ce800000, 0x00000000ce900000|  0%| F|  |TAMS 0x00000000ce800000, 0x00000000ce800000| Untracked 
| 233|0x00000000ce900000, 0x00000000ce900000, 0x00000000cea00000|  0%| F|  |TAMS 0x00000000ce900000, 0x00000000ce900000| Untracked 
| 234|0x00000000cea00000, 0x00000000cea00000, 0x00000000ceb00000|  0%| F|  |TAMS 0x00000000cea00000, 0x00000000cea00000| Untracked 
| 235|0x00000000ceb00000, 0x00000000ceb00000, 0x00000000cec00000|  0%| F|  |TAMS 0x00000000ceb00000, 0x00000000ceb00000| Untracked 
| 236|0x00000000cec00000, 0x00000000cec00000, 0x00000000ced00000|  0%| F|  |TAMS 0x00000000cec00000, 0x00000000cec00000| Untracked 
| 237|0x00000000ced00000, 0x00000000ced00000, 0x00000000cee00000|  0%| F|  |TAMS 0x00000000ced00000, 0x00000000ced00000| Untracked 
| 238|0x00000000cee00000, 0x00000000cee00000, 0x00000000cef00000|  0%| F|  |TAMS 0x00000000cee00000, 0x00000000cee00000| Untracked 
| 239|0x00000000cef00000, 0x00000000cef00000, 0x00000000cf000000|  0%| F|  |TAMS 0x00000000cef00000, 0x00000000cef00000| Untracked 
| 240|0x00000000cf000000, 0x00000000cf000000, 0x00000000cf100000|  0%| F|  |TAMS 0x00000000cf000000, 0x00000000cf000000| Untracked 
| 241|0x00000000cf100000, 0x00000000cf100000, 0x00000000cf200000|  0%| F|  |TAMS 0x00000000cf100000, 0x00000000cf100000| Untracked 
| 242|0x00000000cf200000, 0x00000000cf200000, 0x00000000cf300000|  0%| F|  |TAMS 0x00000000cf200000, 0x00000000cf200000| Untracked 
| 243|0x00000000cf300000, 0x00000000cf300000, 0x00000000cf400000|  0%| F|  |TAMS 0x00000000cf300000, 0x00000000cf300000| Untracked 
| 244|0x00000000cf400000, 0x00000000cf400000, 0x00000000cf500000|  0%| F|  |TAMS 0x00000000cf400000, 0x00000000cf400000| Untracked 
| 245|0x00000000cf500000, 0x00000000cf600000, 0x00000000cf600000|100%| S|CS|TAMS 0x00000000cf500000, 0x00000000cf500000| Complete 
| 246|0x00000000cf600000, 0x00000000cf700000, 0x00000000cf700000|100%| S|CS|TAMS 0x00000000cf600000, 0x00000000cf600000| Complete 
| 247|0x00000000cf700000, 0x00000000cf800000, 0x00000000cf800000|100%| S|CS|TAMS 0x00000000cf700000, 0x00000000cf700000| Complete 
| 248|0x00000000cf800000, 0x00000000cf900000, 0x00000000cf900000|100%| S|CS|TAMS 0x00000000cf800000, 0x00000000cf800000| Complete 
| 249|0x00000000cf900000, 0x00000000cfa00000, 0x00000000cfa00000|100%| S|CS|TAMS 0x00000000cf900000, 0x00000000cf900000| Complete 
| 250|0x00000000cfa00000, 0x00000000cfb00000, 0x00000000cfb00000|100%| S|CS|TAMS 0x00000000cfa00000, 0x00000000cfa00000| Complete 
| 251|0x00000000cfb00000, 0x00000000cfc00000, 0x00000000cfc00000|100%| S|CS|TAMS 0x00000000cfb00000, 0x00000000cfb00000| Complete 
| 252|0x00000000cfc00000, 0x00000000cfd00000, 0x00000000cfd00000|100%| S|CS|TAMS 0x00000000cfc00000, 0x00000000cfc00000| Complete 
| 253|0x00000000cfd00000, 0x00000000cfd00000, 0x00000000cfe00000|  0%| F|  |TAMS 0x00000000cfd00000, 0x00000000cfd00000| Untracked 
| 254|0x00000000cfe00000, 0x00000000cfe00000, 0x00000000cff00000|  0%| F|  |TAMS 0x00000000cfe00000, 0x00000000cfe00000| Untracked 
| 255|0x00000000cff00000, 0x00000000cff00000, 0x00000000d0000000|  0%| F|  |TAMS 0x00000000cff00000, 0x00000000cff00000| Untracked 
| 256|0x00000000d0000000, 0x00000000d0000000, 0x00000000d0100000|  0%| F|  |TAMS 0x00000000d0000000, 0x00000000d0000000| Untracked 
| 257|0x00000000d0100000, 0x00000000d0100000, 0x00000000d0200000|  0%| F|  |TAMS 0x00000000d0100000, 0x00000000d0100000| Untracked 
| 258|0x00000000d0200000, 0x00000000d0200000, 0x00000000d0300000|  0%| F|  |TAMS 0x00000000d0200000, 0x00000000d0200000| Untracked 
| 259|0x00000000d0300000, 0x00000000d0300000, 0x00000000d0400000|  0%| F|  |TAMS 0x00000000d0300000, 0x00000000d0300000| Untracked 
| 260|0x00000000d0400000, 0x00000000d0400000, 0x00000000d0500000|  0%| F|  |TAMS 0x00000000d0400000, 0x00000000d0400000| Untracked 
| 261|0x00000000d0500000, 0x00000000d0500000, 0x00000000d0600000|  0%| F|  |TAMS 0x00000000d0500000, 0x00000000d0500000| Untracked 
| 262|0x00000000d0600000, 0x00000000d0600000, 0x00000000d0700000|  0%| F|  |TAMS 0x00000000d0600000, 0x00000000d0600000| Untracked 
| 263|0x00000000d0700000, 0x00000000d0700000, 0x00000000d0800000|  0%| F|  |TAMS 0x00000000d0700000, 0x00000000d0700000| Untracked 
| 264|0x00000000d0800000, 0x00000000d0888e78, 0x00000000d0900000| 53%| E|  |TAMS 0x00000000d0800000, 0x00000000d0800000| Complete 

Card table byte_map: [0x0000026cb2050000,0x0000026cb2250000] _byte_map_base: 0x0000026cb1a50000

Marking Bits (Prev, Next): (CMBitMap*) 0x0000026c9ab7dd88, (CMBitMap*) 0x0000026c9ab7dd48
 Prev Bits: [0x0000026cb3450000, 0x0000026cb4450000)
 Next Bits: [0x0000026cb2450000, 0x0000026cb3450000)

Polling page: 0x0000026c98ab0000

Metaspace:

Usage:
  Non-class:     38.26 MB capacity,    36.99 MB ( 97%) used,     1.20 MB (  3%) free+waste,    76.31 KB ( <1%) overhead. 
      Class:      5.22 MB capacity,     4.38 MB ( 84%) used,   814.38 KB ( 15%) free+waste,    36.94 KB ( <1%) overhead. 
       Both:     43.47 MB capacity,    41.37 MB ( 95%) used,     1.99 MB (  5%) free+waste,   113.25 KB ( <1%) overhead. 

Virtual space:
  Non-class space:       40.00 MB reserved,      38.42 MB ( 96%) committed 
      Class space:        1.00 GB reserved,       5.25 MB ( <1%) committed 
             Both:        1.04 GB reserved,      43.67 MB (  4%) committed 

Chunk freelists:
   Non-Class:  39.00 KB
       Class:  3.00 KB
        Both:  42.00 KB

MaxMetaspaceSize: 17179869184.00 GB
CompressedClassSpaceSize: 1.00 GB

CodeHeap 'non-profiled nmethods': size=120064Kb used=3812Kb max_used=3922Kb free=116251Kb
 bounds [0x0000026caab10000, 0x0000026caaef0000, 0x0000026cb2050000]
CodeHeap 'profiled nmethods': size=120000Kb used=12000Kb max_used=12841Kb free=108000Kb
 bounds [0x0000026ca35e0000, 0x0000026ca4270000, 0x0000026caab10000]
CodeHeap 'non-nmethods': size=5696Kb used=1343Kb max_used=1399Kb free=4352Kb
 bounds [0x0000026ca3050000, 0x0000026ca32c0000, 0x0000026ca35e0000]
 total_blobs=8705 nmethods=5029 adapters=545
 compilation: enabled
              stopped_count=0, restarted_count=0
 full_count=0

Compilation events (20 events):
Event: 238.759 Thread 0x0000026cb67e2000 5963       3       java.util.zip.ZipFile$ZipEntryIterator::hasMoreElements (5 bytes)
Event: 238.760 Thread 0x0000026cb67e2000 nmethod 5963 0x0000026ca3f46810 code [0x0000026ca3f469c0, 0x0000026ca3f46c18]
Event: 240.372 Thread 0x0000026cb67e2000 5964       3       java.util.zip.ZipFile$ZipEntryIterator::nextElement (5 bytes)
Event: 240.373 Thread 0x0000026cb67e2000 nmethod 5964 0x0000026ca3643e10 code [0x0000026ca3643fc0, 0x0000026ca36441f0]
Event: 240.373 Thread 0x0000026cb67e2000 5965       3       java.util.zip.ZipFile$$Lambda$24/0x0000000800ba6840::apply (12 bytes)
Event: 240.373 Thread 0x0000026cb67e2000 nmethod 5965 0x0000026ca360d910 code [0x0000026ca360dac0, 0x0000026ca360de10]
Event: 244.327 Thread 0x0000026cb67e2000 5966  s    3       org.eclipse.jdt.internal.core.search.processing.JobManager::currentJob (30 bytes)
Event: 244.328 Thread 0x0000026cb67e2000 nmethod 5966 0x0000026ca3664690 code [0x0000026ca3664840, 0x0000026ca3664c58]
Event: 251.082 Thread 0x0000026cb67e2000 5967       3       org.eclipse.jdt.ls.core.internal.handlers.ProgressReporterManager$ProgressReporter::subTask (40 bytes)
Event: 251.083 Thread 0x0000026cb67e2000 nmethod 5967 0x0000026ca36c0890 code [0x0000026ca36c0a60, 0x0000026ca36c0e40]
Event: 252.106 Thread 0x0000026cb67e2000 5968  s    3       java.io.BufferedOutputStream::flush (12 bytes)
Event: 252.107 Thread 0x0000026cb67e2000 nmethod 5968 0x0000026ca3b3de10 code [0x0000026ca3b3dfe0, 0x0000026ca3b3e560]
Event: 253.434 Thread 0x0000026cb67e2000 5969       3       org.eclipse.jdt.internal.core.util.Messages::bind (17 bytes)
Event: 253.435 Thread 0x0000026cb67e2000 nmethod 5969 0x0000026ca4167610 code [0x0000026ca4167840, 0x0000026ca41681f0]
Event: 254.106 Thread 0x0000026cb67e2000 5970       3       org.eclipse.jdt.internal.core.search.indexing.AddJrtToIndex::getJobFamily (22 bytes)
Event: 254.107 Thread 0x0000026cb67e2000 nmethod 5970 0x0000026ca36b6710 code [0x0000026ca36b68e0, 0x0000026ca36b6c20]
Event: 254.107 Thread 0x0000026cb67e2000 5971  s    3       org.eclipse.jdt.internal.core.search.processing.JobManager::awaitingJobsCount (23 bytes)
Event: 254.108 Thread 0x0000026cb67e2000 nmethod 5971 0x0000026ca3a18010 code [0x0000026ca3a181c0, 0x0000026ca3a18538]
Event: 254.108 Thread 0x0000026cb67e2000 5972       3       org.eclipse.core.runtime.jobs.Job::setName (6 bytes)
Event: 254.108 Thread 0x0000026cb67e2000 nmethod 5972 0x0000026ca3ebe190 code [0x0000026ca3ebe360, 0x0000026ca3ebe650]

GC Heap History (20 events):
Event: 197.511 GC heap before
{Heap before GC invocations=83 (full 0):
 garbage-first heap   total 222208K, used 157999K [0x00000000c0000000, 0x0000000100000000)
  region size 1024K, 45 young (46080K), 6 survivors (6144K)
 Metaspace       used 42298K, capacity 44518K, committed 44720K, reserved 1089536K
  class space    used 4481K, capacity 5341K, committed 5376K, reserved 1048576K
}
Event: 197.574 GC heap after
{Heap after GC invocations=84 (full 0):
 garbage-first heap   total 222208K, used 121939K [0x00000000c0000000, 0x0000000100000000)
  region size 1024K, 4 young (4096K), 4 survivors (4096K)
 Metaspace       used 42298K, capacity 44518K, committed 44720K, reserved 1089536K
  class space    used 4481K, capacity 5341K, committed 5376K, reserved 1048576K
}
Event: 198.356 GC heap before
{Heap before GC invocations=84 (full 0):
 garbage-first heap   total 222208K, used 171091K [0x00000000c0000000, 0x0000000100000000)
  region size 1024K, 52 young (53248K), 4 survivors (4096K)
 Metaspace       used 42298K, capacity 44518K, committed 44720K, reserved 1089536K
  class space    used 4481K, capacity 5341K, committed 5376K, reserved 1048576K
}
Event: 198.403 GC heap after
{Heap after GC invocations=85 (full 0):
 garbage-first heap   total 222208K, used 126462K [0x00000000c0000000, 0x0000000100000000)
  region size 1024K, 7 young (7168K), 7 survivors (7168K)
 Metaspace       used 42298K, capacity 44518K, committed 44720K, reserved 1089536K
  class space    used 4481K, capacity 5341K, committed 5376K, reserved 1048576K
}
Event: 199.632 GC heap before
{Heap before GC invocations=86 (full 0):
 garbage-first heap   total 244736K, used 174590K [0x00000000c0000000, 0x0000000100000000)
  region size 1024K, 55 young (56320K), 7 survivors (7168K)
 Metaspace       used 42298K, capacity 44518K, committed 44720K, reserved 1089536K
  class space    used 4481K, capacity 5341K, committed 5376K, reserved 1048576K
}
Event: 199.699 GC heap after
{Heap after GC invocations=87 (full 0):
 garbage-first heap   total 244736K, used 131818K [0x00000000c0000000, 0x0000000100000000)
  region size 1024K, 5 young (5120K), 5 survivors (5120K)
 Metaspace       used 42298K, capacity 44518K, committed 44720K, reserved 1089536K
  class space    used 4481K, capacity 5341K, committed 5376K, reserved 1048576K
}
Event: 202.057 GC heap before
{Heap before GC invocations=87 (full 0):
 garbage-first heap   total 244736K, used 190186K [0x00000000c0000000, 0x0000000100000000)
  region size 1024K, 62 young (63488K), 5 survivors (5120K)
 Metaspace       used 42324K, capacity 44518K, committed 44720K, reserved 1089536K
  class space    used 4488K, capacity 5341K, committed 5376K, reserved 1048576K
}
Event: 202.101 GC heap after
{Heap after GC invocations=88 (full 0):
 garbage-first heap   total 244736K, used 138752K [0x00000000c0000000, 0x0000000100000000)
  region size 1024K, 7 young (7168K), 7 survivors (7168K)
 Metaspace       used 42324K, capacity 44518K, committed 44720K, reserved 1089536K
  class space    used 4488K, capacity 5341K, committed 5376K, reserved 1048576K
}
Event: 204.196 GC heap before
{Heap before GC invocations=89 (full 0):
 garbage-first heap   total 244736K, used 197120K [0x00000000c0000000, 0x0000000100000000)
  region size 1024K, 64 young (65536K), 7 survivors (7168K)
 Metaspace       used 42331K, capacity 44518K, committed 44720K, reserved 1089536K
  class space    used 4488K, capacity 5341K, committed 5376K, reserved 1048576K
}
Event: 204.248 GC heap after
{Heap after GC invocations=90 (full 0):
 garbage-first heap   total 244736K, used 144364K [0x00000000c0000000, 0x0000000100000000)
  region size 1024K, 6 young (6144K), 6 survivors (6144K)
 Metaspace       used 42331K, capacity 44518K, committed 44720K, reserved 1089536K
  class space    used 4488K, capacity 5341K, committed 5376K, reserved 1048576K
}
Event: 205.901 GC heap before
{Heap before GC invocations=90 (full 0):
 garbage-first heap   total 244736K, used 201708K [0x00000000c0000000, 0x0000000100000000)
  region size 1024K, 62 young (63488K), 6 survivors (6144K)
 Metaspace       used 42331K, capacity 44518K, committed 44720K, reserved 1089536K
  class space    used 4488K, capacity 5341K, committed 5376K, reserved 1048576K
}
Event: 205.944 GC heap after
{Heap after GC invocations=91 (full 0):
 garbage-first heap   total 244736K, used 150528K [0x00000000c0000000, 0x0000000100000000)
  region size 1024K, 6 young (6144K), 6 survivors (6144K)
 Metaspace       used 42331K, capacity 44518K, committed 44720K, reserved 1089536K
  class space    used 4488K, capacity 5341K, committed 5376K, reserved 1048576K
}
Event: 207.938 GC heap before
{Heap before GC invocations=92 (full 0):
 garbage-first heap   total 252928K, used 203776K [0x00000000c0000000, 0x0000000100000000)
  region size 1024K, 58 young (59392K), 6 survivors (6144K)
 Metaspace       used 42331K, capacity 44518K, committed 44720K, reserved 1089536K
  class space    used 4488K, capacity 5341K, committed 5376K, reserved 1048576K
}
Event: 207.993 GC heap after
{Heap after GC invocations=93 (full 0):
 garbage-first heap   total 252928K, used 157184K [0x00000000c0000000, 0x0000000100000000)
  region size 1024K, 7 young (7168K), 7 survivors (7168K)
 Metaspace       used 42331K, capacity 44518K, committed 44720K, reserved 1089536K
  class space    used 4488K, capacity 5341K, committed 5376K, reserved 1048576K
}
Event: 210.153 GC heap before
{Heap before GC invocations=93 (full 0):
 garbage-first heap   total 252928K, used 209408K [0x00000000c0000000, 0x0000000100000000)
  region size 1024K, 59 young (60416K), 7 survivors (7168K)
 Metaspace       used 42331K, capacity 44518K, committed 44720K, reserved 1089536K
  class space    used 4488K, capacity 5341K, committed 5376K, reserved 1048576K
}
Event: 210.195 GC heap after
{Heap after GC invocations=94 (full 0):
 garbage-first heap   total 252928K, used 160768K [0x00000000c0000000, 0x0000000100000000)
  region size 1024K, 4 young (4096K), 4 survivors (4096K)
 Metaspace       used 42331K, capacity 44518K, committed 44720K, reserved 1089536K
  class space    used 4488K, capacity 5341K, committed 5376K, reserved 1048576K
}
Event: 239.264 GC heap before
{Heap before GC invocations=95 (full 0):
 garbage-first heap   total 271360K, used 211968K [0x00000000c0000000, 0x0000000100000000)
  region size 1024K, 55 young (56320K), 4 survivors (4096K)
 Metaspace       used 42360K, capacity 44518K, committed 44720K, reserved 1089536K
  class space    used 4489K, capacity 5341K, committed 5376K, reserved 1048576K
}
Event: 239.334 GC heap after
{Heap after GC invocations=96 (full 0):
 garbage-first heap   total 271360K, used 167424K [0x00000000c0000000, 0x0000000100000000)
  region size 1024K, 7 young (7168K), 7 survivors (7168K)
 Metaspace       used 42360K, capacity 44518K, committed 44720K, reserved 1089536K
  class space    used 4489K, capacity 5341K, committed 5376K, reserved 1048576K
}
Event: 256.321 GC heap before
{Heap before GC invocations=96 (full 0):
 garbage-first heap   total 271360K, used 177664K [0x00000000c0000000, 0x0000000100000000)
  region size 1024K, 19 young (19456K), 7 survivors (7168K)
 Metaspace       used 42366K, capacity 44518K, committed 44720K, reserved 1089536K
  class space    used 4489K, capacity 5341K, committed 5376K, reserved 1048576K
}
Event: 256.391 GC heap after
{Heap after GC invocations=97 (full 0):
 garbage-first heap   total 271360K, used 176448K [0x00000000c0000000, 0x0000000100000000)
  region size 1024K, 8 young (8192K), 8 survivors (8192K)
 Metaspace       used 42366K, capacity 44518K, committed 44720K, reserved 1089536K
  class space    used 4489K, capacity 5341K, committed 5376K, reserved 1048576K
}

Deoptimization events (20 events):
Event: 229.173 Thread 0x0000026cb7a84000 Uncommon trap: trap_request=0xffffff45 fr.pc=0x0000026caabbbe40 relative=0x00000000000009e0
Event: 229.173 Thread 0x0000026cb7a84000 Uncommon trap: reason=unstable_if action=reinterpret pc=0x0000026caabbbe40 method=org.eclipse.jdt.internal.compiler.util.HashtableOfObject.putUnsafely([CLjava/lang/Object;)V @ 23 c2
Event: 229.173 Thread 0x0000026cb7a84000 DEOPT PACKING pc=0x0000026caabbbe40 sp=0x0000009096afeb00
Event: 229.173 Thread 0x0000026cb7a84000 DEOPT UNPACKING pc=0x0000026ca309942f sp=0x0000009096afea48 mode 2
Event: 230.150 Thread 0x0000026cb7a84000 DEOPT PACKING pc=0x0000026ca3e69ad8 sp=0x0000009096afebe0
Event: 230.150 Thread 0x0000026cb7a84000 DEOPT UNPACKING pc=0x0000026ca309994e sp=0x0000009096afe0b0 mode 0
Event: 230.242 Thread 0x0000026cb7a84000 DEOPT PACKING pc=0x0000026ca38636cc sp=0x0000009096afeb90
Event: 230.242 Thread 0x0000026cb7a84000 DEOPT UNPACKING pc=0x0000026ca309994e sp=0x0000009096afe030 mode 0
Event: 230.272 Thread 0x0000026cb7a84000 Uncommon trap: trap_request=0xfffffff4 fr.pc=0x0000026caae01b14 relative=0x00000000000029b4
Event: 230.272 Thread 0x0000026cb7a84000 Uncommon trap: reason=null_check action=make_not_entrant pc=0x0000026caae01b14 method=org.eclipse.jdt.internal.core.index.DiskIndex.copyQueryResults(Lorg/eclipse/jdt/internal/compiler/util/HashtableOfObject;I)V @ 51 c2
Event: 230.272 Thread 0x0000026cb7a84000 DEOPT PACKING pc=0x0000026caae01b14 sp=0x0000009096afebf0
Event: 230.272 Thread 0x0000026cb7a84000 DEOPT UNPACKING pc=0x0000026ca309942f sp=0x0000009096afebc8 mode 2
Event: 235.256 Thread 0x0000026cba11c800 DEOPT PACKING pc=0x0000026ca3675008 sp=0x00000090973fe710
Event: 235.257 Thread 0x0000026cba11c800 DEOPT UNPACKING pc=0x0000026ca309994e sp=0x00000090973fdbc8 mode 0
Event: 241.488 Thread 0x0000026cba11c800 DEOPT PACKING pc=0x0000026ca3675008 sp=0x00000090973fe710
Event: 241.488 Thread 0x0000026cba11c800 DEOPT UNPACKING pc=0x0000026ca309994e sp=0x00000090973fdbc8 mode 0
Event: 247.208 Thread 0x0000026cba11c800 DEOPT PACKING pc=0x0000026ca3675008 sp=0x00000090973fe710
Event: 247.208 Thread 0x0000026cba11c800 DEOPT UNPACKING pc=0x0000026ca309994e sp=0x00000090973fdbc8 mode 0
Event: 255.841 Thread 0x0000026cba11c800 DEOPT PACKING pc=0x0000026ca3675008 sp=0x00000090973fe710
Event: 255.841 Thread 0x0000026cba11c800 DEOPT UNPACKING pc=0x0000026ca309994e sp=0x00000090973fdbc8 mode 0

Classes unloaded (0 events):
No events

Classes redefined (0 events):
No events

Internal exceptions (20 events):
Event: 96.212 Thread 0x0000026cb7426800 Exception <a 'sun/nio/fs/WindowsException'{0x00000000c3c692a0}> (0x00000000c3c692a0) 
thrown [t:/workspace/open/src/hotspot/share/prims/jni.cpp, line 598]
Event: 96.214 Thread 0x0000026cb7426800 Exception <a 'sun/nio/fs/WindowsException'{0x00000000c3c6c868}> (0x00000000c3c6c868) 
thrown [t:/workspace/open/src/hotspot/share/prims/jni.cpp, line 598]
Event: 96.221 Thread 0x0000026cb7426800 Exception <a 'sun/nio/fs/WindowsException'{0x00000000c3c6fe30}> (0x00000000c3c6fe30) 
thrown [t:/workspace/open/src/hotspot/share/prims/jni.cpp, line 598]
Event: 96.249 Thread 0x0000026cb7426800 Exception <a 'sun/nio/fs/WindowsException'{0x00000000c3c733f8}> (0x00000000c3c733f8) 
thrown [t:/workspace/open/src/hotspot/share/prims/jni.cpp, line 598]
Event: 96.254 Thread 0x0000026cb7426800 Exception <a 'sun/nio/fs/WindowsException'{0x00000000c3c769c0}> (0x00000000c3c769c0) 
thrown [t:/workspace/open/src/hotspot/share/prims/jni.cpp, line 598]
Event: 96.255 Thread 0x0000026cb7426800 Exception <a 'sun/nio/fs/WindowsException'{0x00000000c3c79f88}> (0x00000000c3c79f88) 
thrown [t:/workspace/open/src/hotspot/share/prims/jni.cpp, line 598]
Event: 96.257 Thread 0x0000026cb7426800 Exception <a 'sun/nio/fs/WindowsException'{0x00000000c3c7d550}> (0x00000000c3c7d550) 
thrown [t:/workspace/open/src/hotspot/share/prims/jni.cpp, line 598]
Event: 96.259 Thread 0x0000026cb7426800 Exception <a 'sun/nio/fs/WindowsException'{0x00000000c3c80b20}> (0x00000000c3c80b20) 
thrown [t:/workspace/open/src/hotspot/share/prims/jni.cpp, line 598]
Event: 96.261 Thread 0x0000026cb7426800 Exception <a 'sun/nio/fs/WindowsException'{0x00000000c3c84810}> (0x00000000c3c84810) 
thrown [t:/workspace/open/src/hotspot/share/prims/jni.cpp, line 598]
Event: 96.264 Thread 0x0000026cb7426800 Exception <a 'sun/nio/fs/WindowsException'{0x00000000c3c88168}> (0x00000000c3c88168) 
thrown [t:/workspace/open/src/hotspot/share/prims/jni.cpp, line 598]
Event: 96.266 Thread 0x0000026cb7426800 Exception <a 'sun/nio/fs/WindowsException'{0x00000000c3c8b490}> (0x00000000c3c8b490) 
thrown [t:/workspace/open/src/hotspot/share/prims/jni.cpp, line 598]
Event: 96.306 Thread 0x0000026cb7426800 Exception <a 'sun/nio/fs/WindowsException'{0x00000000c3c8ea18}> (0x00000000c3c8ea18) 
thrown [t:/workspace/open/src/hotspot/share/prims/jni.cpp, line 598]
Event: 96.319 Thread 0x0000026cb7426800 Exception <a 'sun/nio/fs/WindowsException'{0x00000000c3c91fb0}> (0x00000000c3c91fb0) 
thrown [t:/workspace/open/src/hotspot/share/prims/jni.cpp, line 598]
Event: 96.322 Thread 0x0000026cb7426800 Exception <a 'sun/nio/fs/WindowsException'{0x00000000c3c95800}> (0x00000000c3c95800) 
thrown [t:/workspace/open/src/hotspot/share/prims/jni.cpp, line 598]
Event: 96.323 Thread 0x0000026cb7426800 Exception <a 'sun/nio/fs/WindowsException'{0x00000000c3c98c90}> (0x00000000c3c98c90) 
thrown [t:/workspace/open/src/hotspot/share/prims/jni.cpp, line 598]
Event: 97.020 Thread 0x0000026cb7426800 Exception <a 'java/io/FileNotFoundException'{0x00000000c3952008}> (0x00000000c3952008) 
thrown [t:/workspace/open/src/hotspot/share/prims/jni.cpp, line 598]
Event: 100.545 Thread 0x0000026cb9f92800 Exception <a 'sun/nio/fs/WindowsException'{0x00000000c347d658}> (0x00000000c347d658) 
thrown [t:/workspace/open/src/hotspot/share/prims/jni.cpp, line 598]
Event: 113.449 Thread 0x0000026cb7a84000 Implicit null exception at 0x0000026caad676dc to 0x0000026caad677f2
Event: 118.327 Thread 0x0000026cb7a84000 Implicit null exception at 0x0000026caadf206a to 0x0000026caadf922a
Event: 120.485 Thread 0x0000026cb7a84000 Implicit null exception at 0x0000026caae087fd to 0x0000026caae10cbe

Events (20 events):
Event: 204.990 Thread 0x0000026cb9f99000 Thread exited: 0x0000026cb9f99000
Event: 205.901 Executing VM operation: G1CollectForAllocation
Event: 205.947 Executing VM operation: G1CollectForAllocation done
Event: 206.447 Executing VM operation: G1Concurrent
Event: 206.495 Executing VM operation: G1Concurrent done
Event: 206.803 Executing VM operation: G1Concurrent
Event: 206.829 Executing VM operation: G1Concurrent done
Event: 207.938 Executing VM operation: G1CollectForAllocation
Event: 207.994 Executing VM operation: G1CollectForAllocation done
Event: 210.153 Executing VM operation: G1CollectForAllocation
Event: 210.195 Executing VM operation: G1CollectForAllocation done
Event: 210.714 Executing VM operation: G1Concurrent
Event: 210.760 Executing VM operation: G1Concurrent done
Event: 211.094 Executing VM operation: G1Concurrent
Event: 214.387 Executing VM operation: G1Concurrent done
Event: 239.264 Executing VM operation: G1CollectForAllocation
Event: 239.334 Executing VM operation: G1CollectForAllocation done
Event: 256.321 Executing VM operation: G1CollectForAllocation
Event: 256.391 Executing VM operation: G1CollectForAllocation done
Event: 257.019 Executing VM operation: G1Concurrent


Dynamic libraries:
0x00007ff7025a0000 - 0x00007ff7025af000 	F:\Programs\JDK\bin\java.exe
0x00007ff8d2060000 - 0x00007ff8d2250000 	C:\Windows\SYSTEM32\ntdll.dll
0x00007ff8d08c0000 - 0x00007ff8d0972000 	C:\Windows\System32\KERNEL32.DLL
0x00007ff8cfa70000 - 0x00007ff8cfd13000 	C:\Windows\System32\KERNELBASE.dll
0x00007ff8cf8c0000 - 0x00007ff8cf9ba000 	C:\Windows\System32\ucrtbase.dll
0x00007ff8c0a30000 - 0x00007ff8c0a48000 	F:\Programs\JDK\bin\jli.dll
0x00007ff8d1190000 - 0x00007ff8d1233000 	C:\Windows\System32\ADVAPI32.dll
0x00007ff8d0b70000 - 0x00007ff8d0c0e000 	C:\Windows\System32\msvcrt.dll
0x00007ff8d0ed0000 - 0x00007ff8d0f67000 	C:\Windows\System32\sechost.dll
0x00007ff8d0980000 - 0x00007ff8d0aa0000 	C:\Windows\System32\RPCRT4.dll
0x00007ff8d0d30000 - 0x00007ff8d0ec4000 	C:\Windows\System32\USER32.dll
0x00007ff8cfa10000 - 0x00007ff8cfa31000 	C:\Windows\System32\win32u.dll
0x00007ff8d18d0000 - 0x00007ff8d18f6000 	C:\Windows\System32\GDI32.dll
0x00007ff8cfe20000 - 0x00007ff8cffb4000 	C:\Windows\System32\gdi32full.dll
0x00007ff8d0070000 - 0x00007ff8d010e000 	C:\Windows\System32\msvcp_win.dll
0x00007ff8c1010000 - 0x00007ff8c1025000 	F:\Programs\JDK\bin\VCRUNTIME140.dll
0x00007ff8c0d70000 - 0x00007ff8c0ff5000 	C:\Windows\WinSxS\amd64_microsoft.windows.common-controls_6595b64144ccf1df_6.0.18362.592_none_e6c0b1911312be02\COMCTL32.dll
0x00007ff8d1b30000 - 0x00007ff8d1e66000 	C:\Windows\System32\combase.dll
0x00007ff8cfda0000 - 0x00007ff8cfe20000 	C:\Windows\System32\bcryptPrimitives.dll
0x00007ff8c6df0000 - 0x00007ff8c6dfa000 	C:\Windows\SYSTEM32\VERSION.dll
0x00007ff8d1900000 - 0x00007ff8d192e000 	C:\Windows\System32\IMM32.DLL
0x00007ff8ba6d0000 - 0x00007ff8ba76b000 	F:\Programs\JDK\bin\msvcp140.dll
0x00007ff8947f0000 - 0x00007ff895356000 	F:\Programs\JDK\bin\server\jvm.dll
0x00007ff8d2010000 - 0x00007ff8d2018000 	C:\Windows\System32\PSAPI.DLL
0x00007ff8bd050000 - 0x00007ff8bd059000 	C:\Windows\SYSTEM32\WSOCK32.dll
0x00007ff8d0c10000 - 0x00007ff8d0c7f000 	C:\Windows\System32\WS2_32.dll
0x00007ff8cd090000 - 0x00007ff8cd0b4000 	C:\Windows\SYSTEM32\WINMM.dll
0x00007ff8cd060000 - 0x00007ff8cd08d000 	C:\Windows\SYSTEM32\WINMMBASE.dll
0x00007ff8cf9c0000 - 0x00007ff8cfa0a000 	C:\Windows\System32\cfgmgr32.dll
0x00007ff8cef40000 - 0x00007ff8cef51000 	C:\Windows\System32\kernel.appcore.dll
0x00007ff8c7110000 - 0x00007ff8c7120000 	F:\Programs\JDK\bin\verify.dll
0x00007ff8bdd30000 - 0x00007ff8bdf24000 	C:\Windows\SYSTEM32\DBGHELP.DLL
0x00007ff8bdfa0000 - 0x00007ff8bdfca000 	C:\Windows\SYSTEM32\dbgcore.DLL
0x00007ff8c0a00000 - 0x00007ff8c0a26000 	F:\Programs\JDK\bin\java.dll
0x00007ff8c09e0000 - 0x00007ff8c09f7000 	F:\Programs\JDK\bin\zip.dll
0x00007ff8c1090000 - 0x00007ff8c109a000 	F:\Programs\JDK\bin\jimage.dll
0x00007ff8d01d0000 - 0x00007ff8d08b5000 	C:\Windows\System32\SHELL32.dll
0x00007ff8d0c80000 - 0x00007ff8d0d29000 	C:\Windows\System32\shcore.dll
0x00007ff8cf140000 - 0x00007ff8cf8bf000 	C:\Windows\System32\windows.storage.dll
0x00007ff8cef60000 - 0x00007ff8cef7f000 	C:\Windows\System32\profapi.dll
0x00007ff8cefa0000 - 0x00007ff8cefea000 	C:\Windows\System32\powrprof.dll
0x00007ff8cef30000 - 0x00007ff8cef40000 	C:\Windows\System32\UMPDC.dll
0x00007ff8d0170000 - 0x00007ff8d01c2000 	C:\Windows\System32\shlwapi.dll
0x00007ff8cfd80000 - 0x00007ff8cfd97000 	C:\Windows\System32\cryptsp.dll
0x00007ff8c09b0000 - 0x00007ff8c09c9000 	F:\Programs\JDK\bin\net.dll
0x00007ff8c27e0000 - 0x00007ff8c28d0000 	C:\Windows\SYSTEM32\WINHTTP.dll
0x00007ff8ce740000 - 0x00007ff8ce7a7000 	C:\Windows\system32\mswsock.dll
0x00007ff8c0990000 - 0x00007ff8c09a3000 	F:\Programs\JDK\bin\nio.dll
0x00007ff8ce2b0000 - 0x00007ff8ce2e3000 	C:\Windows\system32\rsaenh.dll
0x00007ff8cfa40000 - 0x00007ff8cfa66000 	C:\Windows\System32\bcrypt.dll
0x00007ff8cee50000 - 0x00007ff8cee75000 	C:\Windows\SYSTEM32\USERENV.dll
0x00007ff8ce910000 - 0x00007ff8ce91c000 	C:\Windows\SYSTEM32\CRYPTBASE.dll
0x00007ff8ce450000 - 0x00007ff8ce48a000 	C:\Windows\SYSTEM32\IPHLPAPI.DLL
0x00007ff8d1240000 - 0x00007ff8d1248000 	C:\Windows\System32\NSI.dll
0x00007ff8c55a0000 - 0x00007ff8c55b6000 	C:\Windows\SYSTEM32\dhcpcsvc6.DLL
0x00007ff8c5700000 - 0x00007ff8c571c000 	C:\Windows\SYSTEM32\dhcpcsvc.DLL
0x00007ff8ce490000 - 0x00007ff8ce55a000 	C:\Windows\SYSTEM32\DNSAPI.dll
0x00007ff8ba900000 - 0x00007ff8ba929000 	C:\Users\samda\.vscode\extensions\redhat.java-0.55.1\server\config_win\org.eclipse.equinox.launcher\org.eclipse.equinox.launcher.win32.win32.x86_64_1.1.1100.v20190907-0426\eclipse_1902.dll
0x00007ff8bfa40000 - 0x00007ff8bfa51000 	C:\Users\samda\.vscode\extensions\redhat.java-0.55.1\server\config_win\org.eclipse.osgi\20\0\.cp\jWinHttp-1.0.0.dll
0x00007ff8d1260000 - 0x00007ff8d13b6000 	C:\Windows\System32\ole32.dll
0x00007ff8c2660000 - 0x00007ff8c266e000 	F:\Programs\JDK\bin\sunmscapi.dll
0x00007ff8ceff0000 - 0x00007ff8cf139000 	C:\Windows\System32\CRYPT32.dll
0x00007ff8cef80000 - 0x00007ff8cef92000 	C:\Windows\System32\MSASN1.dll
0x00007ff8cea10000 - 0x00007ff8cea36000 	C:\Windows\SYSTEM32\ncrypt.dll
0x00007ff8ce9d0000 - 0x00007ff8cea0b000 	C:\Windows\SYSTEM32\NTASN1.dll
0x00007ff8c2630000 - 0x00007ff8c2655000 	F:\Programs\JDK\bin\sunec.dll
0x000000005cb70000 - 0x000000005cb7a000 	C:\Program Files\National Instruments\Shared\mDNS Responder\nimdnsNSP.dll
0x000000005cb60000 - 0x000000005cb70000 	C:\Windows\SYSTEM32\nimdnsResponder.dll
0x00007ff8c24a0000 - 0x00007ff8c24aa000 	C:\Windows\System32\rasadhlp.dll
0x00007ff8c4050000 - 0x00007ff8c40c7000 	C:\Windows\System32\fwpuclnt.dll

dbghelp: loaded successfully - version: 4.0.5 - missing functions: none
symbol engine: initialized successfully - sym options: 0x614 - pdb path: .;F:\Programs\JDK\bin;C:\Windows\SYSTEM32;C:\Windows\WinSxS\amd64_microsoft.windows.common-controls_6595b64144ccf1df_6.0.18362.592_none_e6c0b1911312be02;F:\Programs\JDK\bin\server;C:\Users\samda\.vscode\extensions\redhat.java-0.55.1\server\config_win\org.eclipse.equinox.launcher\org.eclipse.equinox.launcher.win32.win32.x86_64_1.1.1100.v20190907-0426;C:\Users\samda\.vscode\extensions\redhat.java-0.55.1\server\config_win\org.eclipse.osgi\20\0\.cp;C:\Program Files\National Instruments\Shared\mDNS Responder

VM Arguments:
jvm_args: --add-modules=ALL-SYSTEM --add-opens=java.base/java.util=ALL-UNNAMED --add-opens=java.base/java.lang=ALL-UNNAMED -Declipse.application=org.eclipse.jdt.ls.core.id1 -Dosgi.bundles.defaultStartLevel=4 -Declipse.product=org.eclipse.jdt.ls.core.product -Dfile.encoding=utf8 -DwatchParentProcess=false -Xverify:none -Xmx1G -XX:+UseG1GC -XX:+UseStringDeduplication 
java_command: c:\Users\samda\.vscode\extensions\redhat.java-0.55.1\server\plugins\org.eclipse.equinox.launcher_1.5.600.v20191014-2022.jar -configuration c:\Users\samda\.vscode\extensions\redhat.java-0.55.1\server\config_win -data c:\Users\samda\AppData\Roaming\Code\User\workspaceStorage\07c03c04871282faabae7c1f4f40eecc\redhat.java\jdt_ws
java_class_path (initial): c:\Users\samda\.vscode\extensions\redhat.java-0.55.1\server\plugins\org.eclipse.equinox.launcher_1.5.600.v20191014-2022.jar
Launcher Type: SUN_STANDARD

[Global flags]
     intx CICompilerCount                          = 2                                         {product} {ergonomic}
     uint ConcGCThreads                            = 1                                         {product} {ergonomic}
     uint G1ConcRefinementThreads                  = 2                                         {product} {ergonomic}
   size_t G1HeapRegionSize                         = 1048576                                   {product} {ergonomic}
    uintx GCDrainStackTargetSize                   = 64                                        {product} {ergonomic}
   size_t InitialHeapSize                          = 67108864                                  {product} {ergonomic}
   size_t MarkStackSize                            = 4194304                                   {product} {ergonomic}
   size_t MaxHeapSize                              = 1073741824                                {product} {command line}
   size_t MaxNewSize                               = 643825664                                 {product} {ergonomic}
   size_t MinHeapDeltaBytes                        = 1048576                                   {product} {ergonomic}
   size_t MinHeapSize                              = 8388608                                   {product} {ergonomic}
    uintx NonNMethodCodeHeapSize                   = 5825164                                {pd product} {ergonomic}
    uintx NonProfiledCodeHeapSize                  = 122916538                              {pd product} {ergonomic}
    uintx ProfiledCodeHeapSize                     = 122916538                              {pd product} {ergonomic}
    uintx ReservedCodeCacheSize                    = 251658240                              {pd product} {ergonomic}
     bool SegmentedCodeCache                       = true                                      {product} {ergonomic}
   size_t SoftMaxHeapSize                          = 1073741824                             {manageable} {ergonomic}
     bool UseCompressedClassPointers               = true                                 {lp64_product} {ergonomic}
     bool UseCompressedOops                        = true                                 {lp64_product} {ergonomic}
     bool UseG1GC                                  = true                                      {product} {command line}
     bool UseLargePagesIndividualAllocation        = false                                  {pd product} {ergonomic}
     bool UseStringDeduplication                   = true                                      {product} {command line}

Logging:
Log output configuration:
 #0: stdout all=warning uptime,level,tags
 #1: stderr all=off uptime,level,tags

Environment Variables:
PATH=C:\Program Files\National Instruments\Shared\OpenVINO\;C:\Program Files (x86)\Common Files\Oracle\Java\javapath;C:\Windows\system32;C:\Windows;C:\Windows\System32\Wbem;C:\Windows\System32\WindowsPowerShell\v1.0\;C:\Windows\System32\OpenSSH\;C:\Program Files\Java\jdk-12.0.2\bin;F:\Programs\Microsoft VS Code\bin;F:\Programs\Git\cmd;C:\Users\samda\AppData\Local\Microsoft\WindowsApps;C:\Program Files\Java\jdk-12.0.2\bin;
USERNAME=samda
OS=Windows_NT
PROCESSOR_IDENTIFIER=AMD64 Family 21 Model 112 Stepping 0, AuthenticAMD



---------------  S Y S T E M  ---------------

OS: Windows 10 , 64 bit Build 18362 (10.0.18362.329)

CPU:total 2 (initial active 2) (2 cores per cpu, 1 threads per core) family 21 model 112 stepping 0, cmov, cx8, fxsr, mmx, sse, sse2, sse3, ssse3, sse4.1, sse4.2, popcnt, avx, avx2, aes, clmul, mmxext, 3dnowpref, lzcnt, sse4a, tsc, tscinvbit, tscinv, bmi1, bmi2, fma

Memory: 4k page, system-wide physical 3974M (242M free)
TotalPageFile size 4400M (AvailPageFile size 35M)
current process WorkingSet (physical memory assigned to process): 528M, peak: 548M
current process commit charge ("private bytes"): 432M, peak: 461M

vm_info: Java HotSpot(TM) 64-Bit Server VM (13.0.1+9) for windows-amd64 JRE (13.0.1+9), built on Oct  6 2019 12:37:49 by "mach5one" with unknown MS VC++:1916

END.
