#
# There is insufficient memory for the Java Runtime Environment to continue.
# Native memory allocation (malloc) failed to allocate 32744 bytes for ChunkPool::allocate
# Possible reasons:
#   The system is out of physical RAM or swap space
#   The process is running with CompressedOops enabled, and the Java Heap may be blocking the growth of the native heap
# Possible solutions:
#   Reduce memory load on the system
#   Increase physical memory or swap space
#   Check if swap backing store is full
#   Decrease Java heap size (-Xmx/-Xms)
#   Decrease number of Java threads
#   Decrease Java thread stack sizes (-Xss)
#   Set larger code cache with -XX:ReservedCodeCacheSize=
#   JVM is running with Unscaled Compressed Oops mode in which the Java heap is
#     placed in the first 4GB address space. The Java Heap base address is the
#     maximum limit for the native heap growth. Please use -XX:HeapBaseMinAddress
#     to set the Java Heap base and to place the Java Heap above 4GB virtual address.
# This output file may be truncated or incomplete.
#
#  Out of Memory Error (t:/workspace/open/src/hotspot/share/memory/arena.cpp:80), pid=6308, tid=2364
#
# JRE version: Java(TM) SE Runtime Environment (13.0.1+9) (build 13.0.1+9)
# Java VM: Java HotSpot(TM) 64-Bit Server VM (13.0.1+9, mixed mode, sharing, tiered, compressed oops, g1 gc, windows-amd64)
# No core dump will be written. Minidumps are not enabled by default on client versions of Windows
#

---------------  S U M M A R Y ------------

Command Line: --add-modules=ALL-SYSTEM --add-opens=java.base/java.util=ALL-UNNAMED --add-opens=java.base/java.lang=ALL-UNNAMED -Declipse.application=org.eclipse.jdt.ls.core.id1 -Dosgi.bundles.defaultStartLevel=4 -Declipse.product=org.eclipse.jdt.ls.core.product -Dfile.encoding=utf8 -DwatchParentProcess=false -Xverify:none -Xmx1G -XX:+UseG1GC -XX:+UseStringDeduplication c:\Users\samda\.vscode\extensions\redhat.java-0.55.1\server\plugins\org.eclipse.equinox.launcher_1.5.600.v20191014-2022.jar -configuration c:\Users\samda\.vscode\extensions\redhat.java-0.55.1\server\config_win -data c:\Users\samda\AppData\Roaming\Code\User\workspaceStorage\07c03c04871282faabae7c1f4f40eecc\redhat.java\jdt_ws

Host: AMD A6-9220e RADEON R4, 5 COMPUTE CORES 2C+3G  , 2 cores, 3G,  Windows 10 , 64 bit Build 18362 (10.0.18362.329)
Time: Wed Jan 15 20:27:50 2020 Mountain Standard Time elapsed time: 486 seconds (0d 0h 8m 6s)

---------------  T H R E A D  ---------------

Current thread (0x000002803de0d000):  JavaThread "C1 CompilerThread0" daemon [_thread_in_native, id=2364, stack(0x000000d457200000,0x000000d457300000)]


Current CompileTask:
C1: 486817 6130       3       org.eclipse.jdt.internal.compiler.classfmt.AnnotationInfo::decodeDefaultValue (902 bytes)

Stack: [0x000000d457200000,0x000000d457300000]
Native frames: (J=compiled Java code, j=interpreted, Vv=VM code, C=native code)
V  [jvm.dll+0x626eca]
V  [jvm.dll+0x772c6a]
V  [jvm.dll+0x77441f]
V  [jvm.dll+0x774a23]
V  [jvm.dll+0x24da58]
V  [jvm.dll+0xc3d16]
V  [jvm.dll+0xc406c]
V  [jvm.dll+0x15d024]
V  [jvm.dll+0x1577fe]
V  [jvm.dll+0x143c50]
V  [jvm.dll+0x12bdf9]
V  [jvm.dll+0x12b6ff]
V  [jvm.dll+0x12b92f]
V  [jvm.dll+0x12abc7]
V  [jvm.dll+0x12cae7]
V  [jvm.dll+0x2159bd]
V  [jvm.dll+0x213e6b]
V  [jvm.dll+0x738b16]
V  [jvm.dll+0x731c0a]
V  [jvm.dll+0x6260c6]
C  [ucrtbase.dll+0x20e72]
C  [KERNEL32.DLL+0x17bd4]
C  [ntdll.dll+0x6ced1]


---------------  P R O C E S S  ---------------

Threads class SMR info:
_java_thread_list=0x000002803f054060, length=28, elements={
0x0000028022181800, 0x000002803dde8000, 0x000002803dde9000, 0x000002803de06800,
0x000002803de08800, 0x000002803de09800, 0x000002803de0d000, 0x000002803de0e800,
0x000002803e83c000, 0x000002803e976800, 0x000002803eefd000, 0x000002803f0aa800,
0x000002803ef73800, 0x000002803eb78000, 0x000002803e891000, 0x000002803e966800,
0x000002803fd32800, 0x000002803fd70800, 0x000002803f6aa000, 0x0000028041fcd000,
0x0000028041fcf800, 0x0000028041fcd800, 0x0000028041fcc000, 0x0000028041fd1000,
0x0000028041fce800, 0x0000028041fcb800, 0x0000028041fd0000, 0x000002803fd54800
}

Java Threads: ( => current thread )
  0x0000028022181800 JavaThread "main" [_thread_blocked, id=4756, stack(0x000000d456500000,0x000000d456600000)]
  0x000002803dde8000 JavaThread "Reference Handler" daemon [_thread_blocked, id=3448, stack(0x000000d456d00000,0x000000d456e00000)]
  0x000002803dde9000 JavaThread "Finalizer" daemon [_thread_blocked, id=1032, stack(0x000000d456e00000,0x000000d456f00000)]
  0x000002803de06800 JavaThread "Signal Dispatcher" daemon [_thread_blocked, id=1012, stack(0x000000d456f00000,0x000000d457000000)]
  0x000002803de08800 JavaThread "Attach Listener" daemon [_thread_blocked, id=700, stack(0x000000d457000000,0x000000d457100000)]
  0x000002803de09800 JavaThread "C2 CompilerThread0" daemon [_thread_blocked, id=7268, stack(0x000000d457100000,0x000000d457200000)]
=>0x000002803de0d000 JavaThread "C1 CompilerThread0" daemon [_thread_in_native, id=2364, stack(0x000000d457200000,0x000000d457300000)]
  0x000002803de0e800 JavaThread "Sweeper thread" daemon [_thread_blocked, id=712, stack(0x000000d457300000,0x000000d457400000)]
  0x000002803e83c000 JavaThread "Common-Cleaner" daemon [_thread_blocked, id=7372, stack(0x000000d457400000,0x000000d457500000)]
  0x000002803e976800 JavaThread "Service Thread" daemon [_thread_blocked, id=1972, stack(0x000000d457500000,0x000000d457600000)]
  0x000002803eefd000 JavaThread "Active Thread: Equinox Container: 75443881-cdc8-4a36-b9ee-303e0aca6865" [_thread_blocked, id=5716, stack(0x000000d457800000,0x000000d457900000)]
  0x000002803f0aa800 JavaThread "Framework Event Dispatcher: Equinox Container: 75443881-cdc8-4a36-b9ee-303e0aca6865" daemon [_thread_blocked, id=2380, stack(0x000000d457900000,0x000000d457a00000)]
  0x000002803ef73800 JavaThread "Start Level: Equinox Container: 75443881-cdc8-4a36-b9ee-303e0aca6865" daemon [_thread_blocked, id=7976, stack(0x000000d457a00000,0x000000d457b00000)]
  0x000002803eb78000 JavaThread "Bundle File Closer" daemon [_thread_blocked, id=5068, stack(0x000000d457b00000,0x000000d457c00000)]
  0x000002803e891000 JavaThread "Worker-JM" [_thread_blocked, id=3236, stack(0x000000d457c00000,0x000000d457d00000)]
  0x000002803e966800 JavaThread "Worker-1" [_thread_blocked, id=2088, stack(0x000000d457e00000,0x000000d457f00000)]
  0x000002803fd32800 JavaThread "Java indexing" daemon [_thread_in_Java, id=1156, stack(0x000000d457f00000,0x000000d458000000)]
  0x000002803fd70800 JavaThread "Worker-2: Initialize Workspace" [_thread_blocked, id=4580, stack(0x000000d458000000,0x000000d458100000)]
  0x000002803f6aa000 JavaThread "pool-1-thread-1" [_thread_blocked, id=5132, stack(0x000000d458100000,0x000000d458200000)]
  0x0000028041fcd000 JavaThread "Worker-3: Update Installed JREs" [_thread_blocked, id=6480, stack(0x000000d458200000,0x000000d458300000)]
  0x0000028041fcf800 JavaThread "Worker-5: Synchronize Gradle projects with workspace" [_thread_blocked, id=3268, stack(0x000000d458400000,0x000000d458500000)]
  0x0000028041fcd800 JavaThread "Timer-0" [_thread_blocked, id=2536, stack(0x000000d456200000,0x000000d456300000)]
  0x0000028041fcc000 JavaThread "Timer-1" [_thread_blocked, id=412, stack(0x000000d456300000,0x000000d456400000)]
  0x0000028041fd1000 JavaThread "Worker-6: Synchronizing projects" [_thread_blocked, id=5780, stack(0x000000d456400000,0x000000d456500000)]
  0x0000028041fce800 JavaThread "Timer-2" [_thread_blocked, id=996, stack(0x000000d457d00000,0x000000d457e00000)]
  0x0000028041fcb800 JavaThread "Worker-7: Java indexing... " [_thread_blocked, id=4964, stack(0x000000d458300000,0x000000d458400000)]
  0x0000028041fd0000 JavaThread "Timer-3" [_thread_blocked, id=3400, stack(0x000000d458500000,0x000000d458600000)]
  0x000002803fd54800 JavaThread "Worker-9" [_thread_blocked, id=7264, stack(0x000000d458800000,0x000000d458900000)]

Other Threads:
  0x000002803dde3000 VMThread "VM Thread" [stack: 0x000000d456c00000,0x000000d456d00000] [id=7300] _threads_hazard_ptr=0x000002803f054060
  0x000002803e97c000 WatcherThread [stack: 0x000000d457600000,0x000000d457700000] [id=5468]
  0x00000280221b0000 GCTaskThread "GC Thread#0" [stack: 0x000000d456600000,0x000000d456700000] [id=6616]
  0x000002803eef0800 GCTaskThread "GC Thread#1" [stack: 0x000000d457700000,0x000000d457800000] [id=2184]
  0x00000280221b9800 ConcurrentGCThread "G1 Main Marker" [stack: 0x000000d456700000,0x000000d456800000] [id=7212]
  0x00000280221bc800 ConcurrentGCThread "G1 Conc#0" [stack: 0x000000d456800000,0x000000d456900000] [id=1864]
  0x0000028022209000 ConcurrentGCThread "G1 Refine#0" [stack: 0x000000d456900000,0x000000d456a00000] [id=3276]
  0x000002802220a000 ConcurrentGCThread "G1 Young RemSet Sampling" [stack: 0x000000d456a00000,0x000000d456b00000] [id=2340]
  0x0000028022210000 ConcurrentGCThread "StrDedup" [stack: 0x000000d456b00000,0x000000d456c00000] [id=7080]

Threads with active compile tasks:
C1 CompilerThread0   487529 6130       3       org.eclipse.jdt.internal.compiler.classfmt.AnnotationInfo::decodeDefaultValue (902 bytes)

VM state:synchronizing (normal execution)

VM Mutex/Monitor currently owned by a thread:  ([mutex/lock_event])
[0x000002802217ed40] Threads_lock - owner thread: 0x000002803dde3000

Heap address: 0x00000000c0000000, size: 1024 MB, Compressed Oops mode: 32-bit
Narrow klass base: 0x0000000800000000, Narrow klass shift: 3
Compressed class space size: 1073741824 Address: 0x0000000800b40000

Heap:
 garbage-first heap   total 287744K, used 193250K [0x00000000c0000000, 0x0000000100000000)
  region size 1024K, 55 young (56320K), 11 survivors (11264K)
 Metaspace       used 48385K, capacity 50638K, committed 50864K, reserved 1093632K
  class space    used 5674K, capacity 6576K, committed 6656K, reserved 1048576K
Heap Regions: E=young(eden), S=young(survivor), O=old, HS=humongous(starts), HC=humongous(continues), CS=collection set, F=free, A=archive, TAMS=top-at-mark-start (previous, next)
|   0|0x00000000c0000000, 0x00000000c0100000, 0x00000000c0100000|100%| O|  |TAMS 0x00000000c0100000, 0x00000000c0000000| Untracked 
|   1|0x00000000c0100000, 0x00000000c0200000, 0x00000000c0200000|100%| O|  |TAMS 0x00000000c0200000, 0x00000000c0100000| Untracked 
|   2|0x00000000c0200000, 0x00000000c0300000, 0x00000000c0300000|100%| O|  |TAMS 0x00000000c0300000, 0x00000000c0200000| Untracked 
|   3|0x00000000c0300000, 0x00000000c0400000, 0x00000000c0400000|100%| O|  |TAMS 0x00000000c0400000, 0x00000000c0300000| Untracked 
|   4|0x00000000c0400000, 0x00000000c0500000, 0x00000000c0500000|100%| O|  |TAMS 0x00000000c0500000, 0x00000000c0400000| Untracked 
|   5|0x00000000c0500000, 0x00000000c0600000, 0x00000000c0600000|100%| O|  |TAMS 0x00000000c0600000, 0x00000000c0500000| Untracked 
|   6|0x00000000c0600000, 0x00000000c0700000, 0x00000000c0700000|100%|HS|  |TAMS 0x00000000c0700000, 0x00000000c0600000| Complete 
|   7|0x00000000c0700000, 0x00000000c0800000, 0x00000000c0800000|100%| O|  |TAMS 0x00000000c0800000, 0x00000000c0700000| Untracked 
|   8|0x00000000c0800000, 0x00000000c0900000, 0x00000000c0900000|100%| O|  |TAMS 0x00000000c0900000, 0x00000000c0800000| Untracked 
|   9|0x00000000c0900000, 0x00000000c0a00000, 0x00000000c0a00000|100%| O|  |TAMS 0x00000000c0a00000, 0x00000000c0900000| Untracked 
|  10|0x00000000c0a00000, 0x00000000c0b00000, 0x00000000c0b00000|100%| O|  |TAMS 0x00000000c0b00000, 0x00000000c0a00000| Untracked 
|  11|0x00000000c0b00000, 0x00000000c0c00000, 0x00000000c0c00000|100%| O|  |TAMS 0x00000000c0c00000, 0x00000000c0b00000| Untracked 
|  12|0x00000000c0c00000, 0x00000000c0d00000, 0x00000000c0d00000|100%| O|  |TAMS 0x00000000c0d00000, 0x00000000c0c00000| Untracked 
|  13|0x00000000c0d00000, 0x00000000c0e00000, 0x00000000c0e00000|100%| O|  |TAMS 0x00000000c0e00000, 0x00000000c0d00000| Untracked 
|  14|0x00000000c0e00000, 0x00000000c0f00000, 0x00000000c0f00000|100%| O|  |TAMS 0x00000000c0f00000, 0x00000000c0e00000| Untracked 
|  15|0x00000000c0f00000, 0x00000000c1000000, 0x00000000c1000000|100%| O|  |TAMS 0x00000000c1000000, 0x00000000c0f00000| Untracked 
|  16|0x00000000c1000000, 0x00000000c1100000, 0x00000000c1100000|100%| O|  |TAMS 0x00000000c1100000, 0x00000000c1000000| Untracked 
|  17|0x00000000c1100000, 0x00000000c1200000, 0x00000000c1200000|100%| O|  |TAMS 0x00000000c1200000, 0x00000000c1100000| Untracked 
|  18|0x00000000c1200000, 0x00000000c1300000, 0x00000000c1300000|100%| O|  |TAMS 0x00000000c1300000, 0x00000000c1200000| Untracked 
|  19|0x00000000c1300000, 0x00000000c1400000, 0x00000000c1400000|100%| O|  |TAMS 0x00000000c1400000, 0x00000000c1300000| Untracked 
|  20|0x00000000c1400000, 0x00000000c1500000, 0x00000000c1500000|100%| O|  |TAMS 0x00000000c1500000, 0x00000000c1400000| Untracked 
|  21|0x00000000c1500000, 0x00000000c1600000, 0x00000000c1600000|100%| O|  |TAMS 0x00000000c1600000, 0x00000000c1500000| Untracked 
|  22|0x00000000c1600000, 0x00000000c1700000, 0x00000000c1700000|100%| O|  |TAMS 0x00000000c1700000, 0x00000000c1600000| Untracked 
|  23|0x00000000c1700000, 0x00000000c1800000, 0x00000000c1800000|100%| O|  |TAMS 0x00000000c1800000, 0x00000000c1700000| Untracked 
|  24|0x00000000c1800000, 0x00000000c1900000, 0x00000000c1900000|100%| O|  |TAMS 0x00000000c1900000, 0x00000000c1800000| Untracked 
|  25|0x00000000c1900000, 0x00000000c1a00000, 0x00000000c1a00000|100%| O|  |TAMS 0x00000000c1a00000, 0x00000000c1900000| Untracked 
|  26|0x00000000c1a00000, 0x00000000c1b00000, 0x00000000c1b00000|100%| O|  |TAMS 0x00000000c1b00000, 0x00000000c1a00000| Untracked 
|  27|0x00000000c1b00000, 0x00000000c1c00000, 0x00000000c1c00000|100%| O|  |TAMS 0x00000000c1c00000, 0x00000000c1b00000| Untracked 
|  28|0x00000000c1c00000, 0x00000000c1d00000, 0x00000000c1d00000|100%| O|  |TAMS 0x00000000c1d00000, 0x00000000c1c00000| Untracked 
|  29|0x00000000c1d00000, 0x00000000c1e00000, 0x00000000c1e00000|100%| O|  |TAMS 0x00000000c1e00000, 0x00000000c1d00000| Untracked 
|  30|0x00000000c1e00000, 0x00000000c1f00000, 0x00000000c1f00000|100%| O|  |TAMS 0x00000000c1f00000, 0x00000000c1e00000| Untracked 
|  31|0x00000000c1f00000, 0x00000000c2000000, 0x00000000c2000000|100%| O|  |TAMS 0x00000000c2000000, 0x00000000c1f00000| Untracked 
|  32|0x00000000c2000000, 0x00000000c2100000, 0x00000000c2100000|100%| O|  |TAMS 0x00000000c2100000, 0x00000000c2000000| Untracked 
|  33|0x00000000c2100000, 0x00000000c2200000, 0x00000000c2200000|100%| O|  |TAMS 0x00000000c2200000, 0x00000000c2100000| Untracked 
|  34|0x00000000c2200000, 0x00000000c2300000, 0x00000000c2300000|100%| O|  |TAMS 0x00000000c2300000, 0x00000000c2200000| Untracked 
|  35|0x00000000c2300000, 0x00000000c2400000, 0x00000000c2400000|100%| O|  |TAMS 0x00000000c2400000, 0x00000000c2300000| Untracked 
|  36|0x00000000c2400000, 0x00000000c2500000, 0x00000000c2500000|100%| O|  |TAMS 0x00000000c2500000, 0x00000000c2400000| Untracked 
|  37|0x00000000c2500000, 0x00000000c2600000, 0x00000000c2600000|100%| O|  |TAMS 0x00000000c2600000, 0x00000000c2500000| Untracked 
|  38|0x00000000c2600000, 0x00000000c2700000, 0x00000000c2700000|100%| O|  |TAMS 0x00000000c2700000, 0x00000000c2600000| Untracked 
|  39|0x00000000c2700000, 0x00000000c2800000, 0x00000000c2800000|100%| O|  |TAMS 0x00000000c2800000, 0x00000000c2700000| Untracked 
|  40|0x00000000c2800000, 0x00000000c2900000, 0x00000000c2900000|100%| O|  |TAMS 0x00000000c2900000, 0x00000000c2800000| Untracked 
|  41|0x00000000c2900000, 0x00000000c2a00000, 0x00000000c2a00000|100%| O|  |TAMS 0x00000000c2a00000, 0x00000000c2900000| Untracked 
|  42|0x00000000c2a00000, 0x00000000c2b00000, 0x00000000c2b00000|100%| O|  |TAMS 0x00000000c2b00000, 0x00000000c2a00000| Untracked 
|  43|0x00000000c2b00000, 0x00000000c2c00000, 0x00000000c2c00000|100%| O|  |TAMS 0x00000000c2c00000, 0x00000000c2b00000| Untracked 
|  44|0x00000000c2c00000, 0x00000000c2d00000, 0x00000000c2d00000|100%| O|  |TAMS 0x00000000c2d00000, 0x00000000c2c00000| Untracked 
|  45|0x00000000c2d00000, 0x00000000c2e00000, 0x00000000c2e00000|100%| O|  |TAMS 0x00000000c2e00000, 0x00000000c2d00000| Untracked 
|  46|0x00000000c2e00000, 0x00000000c2f00000, 0x00000000c2f00000|100%| O|  |TAMS 0x00000000c2f00000, 0x00000000c2e00000| Untracked 
|  47|0x00000000c2f00000, 0x00000000c3000000, 0x00000000c3000000|100%| O|  |TAMS 0x00000000c3000000, 0x00000000c2f00000| Untracked 
|  48|0x00000000c3000000, 0x00000000c3100000, 0x00000000c3100000|100%| O|  |TAMS 0x00000000c3100000, 0x00000000c3000000| Untracked 
|  49|0x00000000c3100000, 0x00000000c3200000, 0x00000000c3200000|100%| O|  |TAMS 0x00000000c3200000, 0x00000000c3100000| Untracked 
|  50|0x00000000c3200000, 0x00000000c3300000, 0x00000000c3300000|100%| O|  |TAMS 0x00000000c3300000, 0x00000000c3200000| Untracked 
|  51|0x00000000c3300000, 0x00000000c3400000, 0x00000000c3400000|100%| O|  |TAMS 0x00000000c3400000, 0x00000000c3300000| Untracked 
|  52|0x00000000c3400000, 0x00000000c3500000, 0x00000000c3500000|100%| O|  |TAMS 0x00000000c3500000, 0x00000000c3400000| Untracked 
|  53|0x00000000c3500000, 0x00000000c3600000, 0x00000000c3600000|100%| O|  |TAMS 0x00000000c3600000, 0x00000000c3500000| Untracked 
|  54|0x00000000c3600000, 0x00000000c3700000, 0x00000000c3700000|100%| O|  |TAMS 0x00000000c3700000, 0x00000000c3600000| Untracked 
|  55|0x00000000c3700000, 0x00000000c3800000, 0x00000000c3800000|100%| O|  |TAMS 0x00000000c3800000, 0x00000000c3700000| Untracked 
|  56|0x00000000c3800000, 0x00000000c3900000, 0x00000000c3900000|100%| O|  |TAMS 0x00000000c3900000, 0x00000000c3800000| Untracked 
|  57|0x00000000c3900000, 0x00000000c3a00000, 0x00000000c3a00000|100%| O|  |TAMS 0x00000000c3a00000, 0x00000000c3900000| Untracked 
|  58|0x00000000c3a00000, 0x00000000c3b00000, 0x00000000c3b00000|100%| O|  |TAMS 0x00000000c3b00000, 0x00000000c3a00000| Untracked 
|  59|0x00000000c3b00000, 0x00000000c3c00000, 0x00000000c3c00000|100%| O|  |TAMS 0x00000000c3c00000, 0x00000000c3b00000| Untracked 
|  60|0x00000000c3c00000, 0x00000000c3d00000, 0x00000000c3d00000|100%| O|  |TAMS 0x00000000c3d00000, 0x00000000c3c00000| Untracked 
|  61|0x00000000c3d00000, 0x00000000c3e00000, 0x00000000c3e00000|100%| O|  |TAMS 0x00000000c3e00000, 0x00000000c3d00000| Untracked 
|  62|0x00000000c3e00000, 0x00000000c3f00000, 0x00000000c3f00000|100%| O|  |TAMS 0x00000000c3f00000, 0x00000000c3e00000| Untracked 
|  63|0x00000000c3f00000, 0x00000000c4000000, 0x00000000c4000000|100%| O|  |TAMS 0x00000000c4000000, 0x00000000c3f00000| Untracked 
|  64|0x00000000c4000000, 0x00000000c4100000, 0x00000000c4100000|100%| O|  |TAMS 0x00000000c4100000, 0x00000000c4000000| Untracked 
|  65|0x00000000c4100000, 0x00000000c4200000, 0x00000000c4200000|100%| O|  |TAMS 0x00000000c4200000, 0x00000000c4100000| Untracked 
|  66|0x00000000c4200000, 0x00000000c4300000, 0x00000000c4300000|100%| O|  |TAMS 0x00000000c4300000, 0x00000000c4200000| Untracked 
|  67|0x00000000c4300000, 0x00000000c4400000, 0x00000000c4400000|100%| O|  |TAMS 0x00000000c4400000, 0x00000000c4300000| Untracked 
|  68|0x00000000c4400000, 0x00000000c4500000, 0x00000000c4500000|100%| O|  |TAMS 0x00000000c4500000, 0x00000000c4400000| Untracked 
|  69|0x00000000c4500000, 0x00000000c4600000, 0x00000000c4600000|100%| O|  |TAMS 0x00000000c4600000, 0x00000000c4500000| Untracked 
|  70|0x00000000c4600000, 0x00000000c4700000, 0x00000000c4700000|100%| O|  |TAMS 0x00000000c4700000, 0x00000000c4600000| Untracked 
|  71|0x00000000c4700000, 0x00000000c4800000, 0x00000000c4800000|100%| O|  |TAMS 0x00000000c4800000, 0x00000000c4700000| Untracked 
|  72|0x00000000c4800000, 0x00000000c4900000, 0x00000000c4900000|100%| O|  |TAMS 0x00000000c4900000, 0x00000000c4800000| Untracked 
|  73|0x00000000c4900000, 0x00000000c4a00000, 0x00000000c4a00000|100%| O|  |TAMS 0x00000000c4a00000, 0x00000000c4900000| Untracked 
|  74|0x00000000c4a00000, 0x00000000c4b00000, 0x00000000c4b00000|100%| O|  |TAMS 0x00000000c4b00000, 0x00000000c4a00000| Untracked 
|  75|0x00000000c4b00000, 0x00000000c4c00000, 0x00000000c4c00000|100%| O|  |TAMS 0x00000000c4c00000, 0x00000000c4b00000| Untracked 
|  76|0x00000000c4c00000, 0x00000000c4d00000, 0x00000000c4d00000|100%| O|  |TAMS 0x00000000c4d00000, 0x00000000c4c00000| Untracked 
|  77|0x00000000c4d00000, 0x00000000c4e00000, 0x00000000c4e00000|100%| O|  |TAMS 0x00000000c4e00000, 0x00000000c4d00000| Untracked 
|  78|0x00000000c4e00000, 0x00000000c4f00000, 0x00000000c4f00000|100%| O|  |TAMS 0x00000000c4f00000, 0x00000000c4e00000| Untracked 
|  79|0x00000000c4f00000, 0x00000000c5000000, 0x00000000c5000000|100%| O|  |TAMS 0x00000000c5000000, 0x00000000c4f00000| Untracked 
|  80|0x00000000c5000000, 0x00000000c5100000, 0x00000000c5100000|100%| O|  |TAMS 0x00000000c5100000, 0x00000000c5000000| Untracked 
|  81|0x00000000c5100000, 0x00000000c5200000, 0x00000000c5200000|100%| O|  |TAMS 0x00000000c5200000, 0x00000000c5100000| Untracked 
|  82|0x00000000c5200000, 0x00000000c5300000, 0x00000000c5300000|100%| O|  |TAMS 0x00000000c5300000, 0x00000000c5200000| Untracked 
|  83|0x00000000c5300000, 0x00000000c5400000, 0x00000000c5400000|100%| O|  |TAMS 0x00000000c5400000, 0x00000000c5300000| Untracked 
|  84|0x00000000c5400000, 0x00000000c5500000, 0x00000000c5500000|100%| O|  |TAMS 0x00000000c5500000, 0x00000000c5400000| Untracked 
|  85|0x00000000c5500000, 0x00000000c5600000, 0x00000000c5600000|100%| O|  |TAMS 0x00000000c5600000, 0x00000000c5500000| Untracked 
|  86|0x00000000c5600000, 0x00000000c5700000, 0x00000000c5700000|100%| O|  |TAMS 0x00000000c5700000, 0x00000000c5600000| Untracked 
|  87|0x00000000c5700000, 0x00000000c5800000, 0x00000000c5800000|100%| O|  |TAMS 0x00000000c5800000, 0x00000000c5700000| Untracked 
|  88|0x00000000c5800000, 0x00000000c5900000, 0x00000000c5900000|100%| O|  |TAMS 0x00000000c5900000, 0x00000000c5800000| Untracked 
|  89|0x00000000c5900000, 0x00000000c5a00000, 0x00000000c5a00000|100%| O|  |TAMS 0x00000000c5a00000, 0x00000000c5900000| Untracked 
|  90|0x00000000c5a00000, 0x00000000c5b00000, 0x00000000c5b00000|100%| O|  |TAMS 0x00000000c5b00000, 0x00000000c5a00000| Untracked 
|  91|0x00000000c5b00000, 0x00000000c5c00000, 0x00000000c5c00000|100%| O|  |TAMS 0x00000000c5c00000, 0x00000000c5b00000| Untracked 
|  92|0x00000000c5c00000, 0x00000000c5d00000, 0x00000000c5d00000|100%| O|  |TAMS 0x00000000c5d00000, 0x00000000c5c00000| Untracked 
|  93|0x00000000c5d00000, 0x00000000c5e00000, 0x00000000c5e00000|100%| O|  |TAMS 0x00000000c5e00000, 0x00000000c5d00000| Untracked 
|  94|0x00000000c5e00000, 0x00000000c5f00000, 0x00000000c5f00000|100%| O|  |TAMS 0x00000000c5f00000, 0x00000000c5e00000| Untracked 
|  95|0x00000000c5f00000, 0x00000000c6000000, 0x00000000c6000000|100%| O|  |TAMS 0x00000000c6000000, 0x00000000c5f00000| Untracked 
|  96|0x00000000c6000000, 0x00000000c6100000, 0x00000000c6100000|100%| O|  |TAMS 0x00000000c6100000, 0x00000000c6000000| Untracked 
|  97|0x00000000c6100000, 0x00000000c6200000, 0x00000000c6200000|100%| O|  |TAMS 0x00000000c6200000, 0x00000000c6100000| Untracked 
|  98|0x00000000c6200000, 0x00000000c6300000, 0x00000000c6300000|100%| O|  |TAMS 0x00000000c6300000, 0x00000000c6200000| Untracked 
|  99|0x00000000c6300000, 0x00000000c6400000, 0x00000000c6400000|100%| O|  |TAMS 0x00000000c6400000, 0x00000000c6300000| Untracked 
| 100|0x00000000c6400000, 0x00000000c6500000, 0x00000000c6500000|100%|HS|  |TAMS 0x00000000c6500000, 0x00000000c6400000| Complete 
| 101|0x00000000c6500000, 0x00000000c6600000, 0x00000000c6600000|100%|HC|  |TAMS 0x00000000c6600000, 0x00000000c6500000| Complete 
| 102|0x00000000c6600000, 0x00000000c6700000, 0x00000000c6700000|100%|HC|  |TAMS 0x00000000c6700000, 0x00000000c6600000| Complete 
| 103|0x00000000c6700000, 0x00000000c6800000, 0x00000000c6800000|100%|HC|  |TAMS 0x00000000c6800000, 0x00000000c6700000| Complete 
| 104|0x00000000c6800000, 0x00000000c6900000, 0x00000000c6900000|100%| O|  |TAMS 0x00000000c6900000, 0x00000000c6800000| Untracked 
| 105|0x00000000c6900000, 0x00000000c6a00000, 0x00000000c6a00000|100%| O|  |TAMS 0x00000000c6a00000, 0x00000000c6900000| Untracked 
| 106|0x00000000c6a00000, 0x00000000c6b00000, 0x00000000c6b00000|100%| O|  |TAMS 0x00000000c6b00000, 0x00000000c6a00000| Untracked 
| 107|0x00000000c6b00000, 0x00000000c6c00000, 0x00000000c6c00000|100%| O|  |TAMS 0x00000000c6c00000, 0x00000000c6b00000| Untracked 
| 108|0x00000000c6c00000, 0x00000000c6d00000, 0x00000000c6d00000|100%| O|  |TAMS 0x00000000c6d00000, 0x00000000c6c00000| Untracked 
| 109|0x00000000c6d00000, 0x00000000c6e00000, 0x00000000c6e00000|100%| O|  |TAMS 0x00000000c6e00000, 0x00000000c6d00000| Untracked 
| 110|0x00000000c6e00000, 0x00000000c6f00000, 0x00000000c6f00000|100%| O|  |TAMS 0x00000000c6f00000, 0x00000000c6e00000| Untracked 
| 111|0x00000000c6f00000, 0x00000000c7000000, 0x00000000c7000000|100%| O|  |TAMS 0x00000000c7000000, 0x00000000c6f00000| Untracked 
| 112|0x00000000c7000000, 0x00000000c7100000, 0x00000000c7100000|100%| O|  |TAMS 0x00000000c7100000, 0x00000000c7000000| Untracked 
| 113|0x00000000c7100000, 0x00000000c7200000, 0x00000000c7200000|100%| O|  |TAMS 0x00000000c7200000, 0x00000000c7100000| Untracked 
| 114|0x00000000c7200000, 0x00000000c7300000, 0x00000000c7300000|100%|HS|  |TAMS 0x00000000c7300000, 0x00000000c7200000| Complete 
| 115|0x00000000c7300000, 0x00000000c7400000, 0x00000000c7400000|100%|HS|  |TAMS 0x00000000c7400000, 0x00000000c7300000| Complete 
| 116|0x00000000c7400000, 0x00000000c7500000, 0x00000000c7500000|100%|HC|  |TAMS 0x00000000c7500000, 0x00000000c7400000| Complete 
| 117|0x00000000c7500000, 0x00000000c7600000, 0x00000000c7600000|100%| O|  |TAMS 0x00000000c7600000, 0x00000000c7500000| Untracked 
| 118|0x00000000c7600000, 0x00000000c7700000, 0x00000000c7700000|100%| O|  |TAMS 0x00000000c7700000, 0x00000000c7600000| Untracked 
| 119|0x00000000c7700000, 0x00000000c7800000, 0x00000000c7800000|100%| O|  |TAMS 0x00000000c7800000, 0x00000000c7700000| Untracked 
| 120|0x00000000c7800000, 0x00000000c7900000, 0x00000000c7900000|100%| O|  |TAMS 0x00000000c7900000, 0x00000000c7800000| Untracked 
| 121|0x00000000c7900000, 0x00000000c7a00000, 0x00000000c7a00000|100%| O|  |TAMS 0x00000000c7a00000, 0x00000000c7900000| Untracked 
| 122|0x00000000c7a00000, 0x00000000c7b00000, 0x00000000c7b00000|100%| O|  |TAMS 0x00000000c7b00000, 0x00000000c7a00000| Untracked 
| 123|0x00000000c7b00000, 0x00000000c7c00000, 0x00000000c7c00000|100%| O|  |TAMS 0x00000000c7c00000, 0x00000000c7b00000| Untracked 
| 124|0x00000000c7c00000, 0x00000000c7d00000, 0x00000000c7d00000|100%| O|  |TAMS 0x00000000c7d00000, 0x00000000c7c00000| Untracked 
| 125|0x00000000c7d00000, 0x00000000c7e00000, 0x00000000c7e00000|100%| O|  |TAMS 0x00000000c7e00000, 0x00000000c7d00000| Untracked 
| 126|0x00000000c7e00000, 0x00000000c7f00000, 0x00000000c7f00000|100%| O|  |TAMS 0x00000000c7f00000, 0x00000000c7e00000| Untracked 
| 127|0x00000000c7f00000, 0x00000000c8000000, 0x00000000c8000000|100%| O|  |TAMS 0x00000000c8000000, 0x00000000c7f00000| Untracked 
| 128|0x00000000c8000000, 0x00000000c8100000, 0x00000000c8100000|100%| O|  |TAMS 0x00000000c8100000, 0x00000000c8000000| Untracked 
| 129|0x00000000c8100000, 0x00000000c8200000, 0x00000000c8200000|100%| O|  |TAMS 0x00000000c8200000, 0x00000000c8100000| Untracked 
| 130|0x00000000c8200000, 0x00000000c8300000, 0x00000000c8300000|100%| O|  |TAMS 0x00000000c8300000, 0x00000000c8200000| Untracked 
| 131|0x00000000c8300000, 0x00000000c8400000, 0x00000000c8400000|100%| O|  |TAMS 0x00000000c83ce600, 0x00000000c8300000| Untracked 
| 132|0x00000000c8400000, 0x00000000c8500000, 0x00000000c8500000|100%| O|  |TAMS 0x00000000c8400000, 0x00000000c8400000| Untracked 
| 133|0x00000000c8500000, 0x00000000c8600000, 0x00000000c8600000|100%| O|  |TAMS 0x00000000c8500000, 0x00000000c8500000| Untracked 
| 134|0x00000000c8600000, 0x00000000c86b8800, 0x00000000c8700000| 72%| O|  |TAMS 0x00000000c8600000, 0x00000000c8600000| Untracked 
| 135|0x00000000c8700000, 0x00000000c8700000, 0x00000000c8800000|  0%| F|  |TAMS 0x00000000c8700000, 0x00000000c8700000| Untracked 
| 136|0x00000000c8800000, 0x00000000c8800000, 0x00000000c8900000|  0%| F|  |TAMS 0x00000000c8800000, 0x00000000c8800000| Untracked 
| 137|0x00000000c8900000, 0x00000000c8900000, 0x00000000c8a00000|  0%| F|  |TAMS 0x00000000c8900000, 0x00000000c8900000| Untracked 
| 138|0x00000000c8a00000, 0x00000000c8a00000, 0x00000000c8b00000|  0%| F|  |TAMS 0x00000000c8a00000, 0x00000000c8a00000| Untracked 
| 139|0x00000000c8b00000, 0x00000000c8b00000, 0x00000000c8c00000|  0%| F|  |TAMS 0x00000000c8b00000, 0x00000000c8b00000| Untracked 
| 140|0x00000000c8c00000, 0x00000000c8c00000, 0x00000000c8d00000|  0%| F|  |TAMS 0x00000000c8c00000, 0x00000000c8c00000| Untracked 
| 141|0x00000000c8d00000, 0x00000000c8d00000, 0x00000000c8e00000|  0%| F|  |TAMS 0x00000000c8d00000, 0x00000000c8d00000| Untracked 
| 142|0x00000000c8e00000, 0x00000000c8e00000, 0x00000000c8f00000|  0%| F|  |TAMS 0x00000000c8e00000, 0x00000000c8e00000| Untracked 
| 143|0x00000000c8f00000, 0x00000000c8f00000, 0x00000000c9000000|  0%| F|  |TAMS 0x00000000c8f00000, 0x00000000c8f00000| Untracked 
| 144|0x00000000c9000000, 0x00000000c9000000, 0x00000000c9100000|  0%| F|  |TAMS 0x00000000c9000000, 0x00000000c9000000| Untracked 
| 145|0x00000000c9100000, 0x00000000c9100000, 0x00000000c9200000|  0%| F|  |TAMS 0x00000000c9100000, 0x00000000c9100000| Untracked 
| 146|0x00000000c9200000, 0x00000000c9200000, 0x00000000c9300000|  0%| F|  |TAMS 0x00000000c9200000, 0x00000000c9200000| Untracked 
| 147|0x00000000c9300000, 0x00000000c9300000, 0x00000000c9400000|  0%| F|  |TAMS 0x00000000c9300000, 0x00000000c9300000| Untracked 
| 148|0x00000000c9400000, 0x00000000c9400000, 0x00000000c9500000|  0%| F|  |TAMS 0x00000000c9400000, 0x00000000c9400000| Untracked 
| 149|0x00000000c9500000, 0x00000000c9500000, 0x00000000c9600000|  0%| F|  |TAMS 0x00000000c9500000, 0x00000000c9500000| Untracked 
| 150|0x00000000c9600000, 0x00000000c9600000, 0x00000000c9700000|  0%| F|  |TAMS 0x00000000c9600000, 0x00000000c9600000| Untracked 
| 151|0x00000000c9700000, 0x00000000c9700000, 0x00000000c9800000|  0%| F|  |TAMS 0x00000000c9700000, 0x00000000c9700000| Untracked 
| 152|0x00000000c9800000, 0x00000000c9800000, 0x00000000c9900000|  0%| F|  |TAMS 0x00000000c9800000, 0x00000000c9800000| Untracked 
| 153|0x00000000c9900000, 0x00000000c9900000, 0x00000000c9a00000|  0%| F|  |TAMS 0x00000000c9900000, 0x00000000c9900000| Untracked 
| 154|0x00000000c9a00000, 0x00000000c9a00000, 0x00000000c9b00000|  0%| F|  |TAMS 0x00000000c9a00000, 0x00000000c9a00000| Untracked 
| 155|0x00000000c9b00000, 0x00000000c9b00000, 0x00000000c9c00000|  0%| F|  |TAMS 0x00000000c9b00000, 0x00000000c9b00000| Untracked 
| 156|0x00000000c9c00000, 0x00000000c9c00000, 0x00000000c9d00000|  0%| F|  |TAMS 0x00000000c9c00000, 0x00000000c9c00000| Untracked 
| 157|0x00000000c9d00000, 0x00000000c9d00000, 0x00000000c9e00000|  0%| F|  |TAMS 0x00000000c9d00000, 0x00000000c9d00000| Untracked 
| 158|0x00000000c9e00000, 0x00000000c9e00000, 0x00000000c9f00000|  0%| F|  |TAMS 0x00000000c9e00000, 0x00000000c9e00000| Untracked 
| 159|0x00000000c9f00000, 0x00000000c9f00000, 0x00000000ca000000|  0%| F|  |TAMS 0x00000000c9f00000, 0x00000000c9f00000| Untracked 
| 160|0x00000000ca000000, 0x00000000ca000000, 0x00000000ca100000|  0%| F|  |TAMS 0x00000000ca000000, 0x00000000ca000000| Untracked 
| 161|0x00000000ca100000, 0x00000000ca100000, 0x00000000ca200000|  0%| F|  |TAMS 0x00000000ca100000, 0x00000000ca100000| Untracked 
| 162|0x00000000ca200000, 0x00000000ca200000, 0x00000000ca300000|  0%| F|  |TAMS 0x00000000ca200000, 0x00000000ca200000| Untracked 
| 163|0x00000000ca300000, 0x00000000ca300000, 0x00000000ca400000|  0%| F|  |TAMS 0x00000000ca300000, 0x00000000ca300000| Untracked 
| 164|0x00000000ca400000, 0x00000000ca400000, 0x00000000ca500000|  0%| F|  |TAMS 0x00000000ca400000, 0x00000000ca400000| Untracked 
| 165|0x00000000ca500000, 0x00000000ca500000, 0x00000000ca600000|  0%| F|  |TAMS 0x00000000ca500000, 0x00000000ca500000| Untracked 
| 166|0x00000000ca600000, 0x00000000ca600000, 0x00000000ca700000|  0%| F|  |TAMS 0x00000000ca600000, 0x00000000ca600000| Untracked 
| 167|0x00000000ca700000, 0x00000000ca700000, 0x00000000ca800000|  0%| F|  |TAMS 0x00000000ca700000, 0x00000000ca700000| Untracked 
| 168|0x00000000ca800000, 0x00000000ca800000, 0x00000000ca900000|  0%| F|  |TAMS 0x00000000ca800000, 0x00000000ca800000| Untracked 
| 169|0x00000000ca900000, 0x00000000ca900000, 0x00000000caa00000|  0%| F|  |TAMS 0x00000000ca900000, 0x00000000ca900000| Untracked 
| 170|0x00000000caa00000, 0x00000000caa00000, 0x00000000cab00000|  0%| F|  |TAMS 0x00000000caa00000, 0x00000000caa00000| Untracked 
| 171|0x00000000cab00000, 0x00000000cab00000, 0x00000000cac00000|  0%| F|  |TAMS 0x00000000cab00000, 0x00000000cab00000| Untracked 
| 172|0x00000000cac00000, 0x00000000cac00000, 0x00000000cad00000|  0%| F|  |TAMS 0x00000000cac00000, 0x00000000cac00000| Untracked 
| 173|0x00000000cad00000, 0x00000000cad00000, 0x00000000cae00000|  0%| F|  |TAMS 0x00000000cad00000, 0x00000000cad00000| Untracked 
| 174|0x00000000cae00000, 0x00000000cae00000, 0x00000000caf00000|  0%| F|  |TAMS 0x00000000cae00000, 0x00000000cae00000| Untracked 
| 175|0x00000000caf00000, 0x00000000caf00000, 0x00000000cb000000|  0%| F|  |TAMS 0x00000000caf00000, 0x00000000caf00000| Untracked 
| 176|0x00000000cb000000, 0x00000000cb000000, 0x00000000cb100000|  0%| F|  |TAMS 0x00000000cb000000, 0x00000000cb000000| Untracked 
| 177|0x00000000cb100000, 0x00000000cb100000, 0x00000000cb200000|  0%| F|  |TAMS 0x00000000cb100000, 0x00000000cb100000| Untracked 
| 178|0x00000000cb200000, 0x00000000cb200000, 0x00000000cb300000|  0%| F|  |TAMS 0x00000000cb200000, 0x00000000cb200000| Untracked 
| 179|0x00000000cb300000, 0x00000000cb300000, 0x00000000cb400000|  0%| F|  |TAMS 0x00000000cb300000, 0x00000000cb300000| Untracked 
| 180|0x00000000cb400000, 0x00000000cb400000, 0x00000000cb500000|  0%| F|  |TAMS 0x00000000cb400000, 0x00000000cb400000| Untracked 
| 181|0x00000000cb500000, 0x00000000cb500000, 0x00000000cb600000|  0%| F|  |TAMS 0x00000000cb500000, 0x00000000cb500000| Untracked 
| 182|0x00000000cb600000, 0x00000000cb700000, 0x00000000cb700000|100%| S|CS|TAMS 0x00000000cb600000, 0x00000000cb600000| Complete 
| 183|0x00000000cb700000, 0x00000000cb800000, 0x00000000cb800000|100%| S|CS|TAMS 0x00000000cb700000, 0x00000000cb700000| Complete 
| 184|0x00000000cb800000, 0x00000000cb900000, 0x00000000cb900000|100%| S|CS|TAMS 0x00000000cb800000, 0x00000000cb800000| Complete 
| 185|0x00000000cb900000, 0x00000000cba00000, 0x00000000cba00000|100%| S|CS|TAMS 0x00000000cb900000, 0x00000000cb900000| Complete 
| 186|0x00000000cba00000, 0x00000000cbb00000, 0x00000000cbb00000|100%| S|CS|TAMS 0x00000000cba00000, 0x00000000cba00000| Complete 
| 187|0x00000000cbb00000, 0x00000000cbc00000, 0x00000000cbc00000|100%| S|CS|TAMS 0x00000000cbb00000, 0x00000000cbb00000| Complete 
| 188|0x00000000cbc00000, 0x00000000cbd00000, 0x00000000cbd00000|100%| S|CS|TAMS 0x00000000cbc00000, 0x00000000cbc00000| Complete 
| 189|0x00000000cbd00000, 0x00000000cbe00000, 0x00000000cbe00000|100%| S|CS|TAMS 0x00000000cbd00000, 0x00000000cbd00000| Complete 
| 190|0x00000000cbe00000, 0x00000000cbf00000, 0x00000000cbf00000|100%| S|CS|TAMS 0x00000000cbe00000, 0x00000000cbe00000| Complete 
| 191|0x00000000cbf00000, 0x00000000cc000000, 0x00000000cc000000|100%| S|CS|TAMS 0x00000000cbf00000, 0x00000000cbf00000| Complete 
| 192|0x00000000cc000000, 0x00000000cc100000, 0x00000000cc100000|100%| S|CS|TAMS 0x00000000cc000000, 0x00000000cc000000| Complete 
| 193|0x00000000cc100000, 0x00000000cc100000, 0x00000000cc200000|  0%| F|  |TAMS 0x00000000cc100000, 0x00000000cc100000| Untracked 
| 194|0x00000000cc200000, 0x00000000cc200000, 0x00000000cc300000|  0%| F|  |TAMS 0x00000000cc200000, 0x00000000cc200000| Untracked 
| 195|0x00000000cc300000, 0x00000000cc300000, 0x00000000cc400000|  0%| F|  |TAMS 0x00000000cc300000, 0x00000000cc300000| Untracked 
| 196|0x00000000cc400000, 0x00000000cc400000, 0x00000000cc500000|  0%| F|  |TAMS 0x00000000cc400000, 0x00000000cc400000| Untracked 
| 197|0x00000000cc500000, 0x00000000cc500000, 0x00000000cc600000|  0%| F|  |TAMS 0x00000000cc500000, 0x00000000cc500000| Untracked 
| 198|0x00000000cc600000, 0x00000000cc600000, 0x00000000cc700000|  0%| F|  |TAMS 0x00000000cc600000, 0x00000000cc600000| Untracked 
| 199|0x00000000cc700000, 0x00000000cc700000, 0x00000000cc800000|  0%| F|  |TAMS 0x00000000cc700000, 0x00000000cc700000| Untracked 
| 200|0x00000000cc800000, 0x00000000cc800000, 0x00000000cc900000|  0%| F|  |TAMS 0x00000000cc800000, 0x00000000cc800000| Untracked 
| 201|0x00000000cc900000, 0x00000000cc900000, 0x00000000cca00000|  0%| F|  |TAMS 0x00000000cc900000, 0x00000000cc900000| Untracked 
| 202|0x00000000cca00000, 0x00000000cca00000, 0x00000000ccb00000|  0%| F|  |TAMS 0x00000000cca00000, 0x00000000cca00000| Untracked 
| 203|0x00000000ccb00000, 0x00000000ccb00000, 0x00000000ccc00000|  0%| F|  |TAMS 0x00000000ccb00000, 0x00000000ccb00000| Untracked 
| 204|0x00000000ccc00000, 0x00000000ccc00000, 0x00000000ccd00000|  0%| F|  |TAMS 0x00000000ccc00000, 0x00000000ccc00000| Untracked 
| 205|0x00000000ccd00000, 0x00000000ccd00000, 0x00000000cce00000|  0%| F|  |TAMS 0x00000000ccd00000, 0x00000000ccd00000| Untracked 
| 206|0x00000000cce00000, 0x00000000cce00000, 0x00000000ccf00000|  0%| F|  |TAMS 0x00000000cce00000, 0x00000000cce00000| Untracked 
| 207|0x00000000ccf00000, 0x00000000ccf00000, 0x00000000cd000000|  0%| F|  |TAMS 0x00000000ccf00000, 0x00000000ccf00000| Untracked 
| 208|0x00000000cd000000, 0x00000000cd000000, 0x00000000cd100000|  0%| F|  |TAMS 0x00000000cd000000, 0x00000000cd000000| Untracked 
| 209|0x00000000cd100000, 0x00000000cd100000, 0x00000000cd200000|  0%| F|  |TAMS 0x00000000cd100000, 0x00000000cd100000| Untracked 
| 210|0x00000000cd200000, 0x00000000cd200000, 0x00000000cd300000|  0%| F|  |TAMS 0x00000000cd200000, 0x00000000cd200000| Untracked 
| 211|0x00000000cd300000, 0x00000000cd300000, 0x00000000cd400000|  0%| F|  |TAMS 0x00000000cd300000, 0x00000000cd300000| Untracked 
| 212|0x00000000cd400000, 0x00000000cd400000, 0x00000000cd500000|  0%| F|  |TAMS 0x00000000cd400000, 0x00000000cd400000| Untracked 
| 213|0x00000000cd500000, 0x00000000cd500000, 0x00000000cd600000|  0%| F|  |TAMS 0x00000000cd500000, 0x00000000cd500000| Untracked 
| 214|0x00000000cd600000, 0x00000000cd600000, 0x00000000cd700000|  0%| F|  |TAMS 0x00000000cd600000, 0x00000000cd600000| Untracked 
| 215|0x00000000cd700000, 0x00000000cd700000, 0x00000000cd800000|  0%| F|  |TAMS 0x00000000cd700000, 0x00000000cd700000| Untracked 
| 216|0x00000000cd800000, 0x00000000cd800000, 0x00000000cd900000|  0%| F|  |TAMS 0x00000000cd800000, 0x00000000cd800000| Untracked 
| 217|0x00000000cd900000, 0x00000000cd900000, 0x00000000cda00000|  0%| F|  |TAMS 0x00000000cd900000, 0x00000000cd900000| Untracked 
| 218|0x00000000cda00000, 0x00000000cda00000, 0x00000000cdb00000|  0%| F|  |TAMS 0x00000000cda00000, 0x00000000cda00000| Untracked 
| 219|0x00000000cdb00000, 0x00000000cdb00000, 0x00000000cdc00000|  0%| F|  |TAMS 0x00000000cdb00000, 0x00000000cdb00000| Untracked 
| 220|0x00000000cdc00000, 0x00000000cdc00000, 0x00000000cdd00000|  0%| F|  |TAMS 0x00000000cdc00000, 0x00000000cdc00000| Untracked 
| 221|0x00000000cdd00000, 0x00000000cdd00000, 0x00000000cde00000|  0%| F|  |TAMS 0x00000000cdd00000, 0x00000000cdd00000| Untracked 
| 222|0x00000000cde00000, 0x00000000cde00000, 0x00000000cdf00000|  0%| F|  |TAMS 0x00000000cde00000, 0x00000000cde00000| Untracked 
| 223|0x00000000cdf00000, 0x00000000cdf00000, 0x00000000ce000000|  0%| F|  |TAMS 0x00000000cdf00000, 0x00000000cdf00000| Untracked 
| 224|0x00000000ce000000, 0x00000000ce000000, 0x00000000ce100000|  0%| F|  |TAMS 0x00000000ce000000, 0x00000000ce000000| Untracked 
| 225|0x00000000ce100000, 0x00000000ce100000, 0x00000000ce200000|  0%| F|  |TAMS 0x00000000ce100000, 0x00000000ce100000| Untracked 
| 226|0x00000000ce200000, 0x00000000ce200000, 0x00000000ce300000|  0%| F|  |TAMS 0x00000000ce200000, 0x00000000ce200000| Untracked 
| 227|0x00000000ce300000, 0x00000000ce300000, 0x00000000ce400000|  0%| F|  |TAMS 0x00000000ce300000, 0x00000000ce300000| Untracked 
| 228|0x00000000ce400000, 0x00000000ce400000, 0x00000000ce500000|  0%| F|  |TAMS 0x00000000ce400000, 0x00000000ce400000| Untracked 
| 229|0x00000000ce500000, 0x00000000ce500000, 0x00000000ce600000|  0%| F|  |TAMS 0x00000000ce500000, 0x00000000ce500000| Untracked 
| 230|0x00000000ce600000, 0x00000000ce600000, 0x00000000ce700000|  0%| F|  |TAMS 0x00000000ce600000, 0x00000000ce600000| Untracked 
| 231|0x00000000ce700000, 0x00000000ce700000, 0x00000000ce800000|  0%| F|  |TAMS 0x00000000ce700000, 0x00000000ce700000| Untracked 
| 232|0x00000000ce800000, 0x00000000ce800000, 0x00000000ce900000|  0%| F|  |TAMS 0x00000000ce800000, 0x00000000ce800000| Untracked 
| 233|0x00000000ce900000, 0x00000000ce900000, 0x00000000cea00000|  0%| F|  |TAMS 0x00000000ce900000, 0x00000000ce900000| Untracked 
| 234|0x00000000cea00000, 0x00000000cea00000, 0x00000000ceb00000|  0%| F|  |TAMS 0x00000000cea00000, 0x00000000cea00000| Untracked 
| 235|0x00000000ceb00000, 0x00000000ceb00000, 0x00000000cec00000|  0%| F|  |TAMS 0x00000000ceb00000, 0x00000000ceb00000| Untracked 
| 236|0x00000000cec00000, 0x00000000cec00000, 0x00000000ced00000|  0%| F|  |TAMS 0x00000000cec00000, 0x00000000cec00000| Untracked 
| 237|0x00000000ced00000, 0x00000000ced80800, 0x00000000cee00000| 50%| E|  |TAMS 0x00000000ced00000, 0x00000000ced00000| Complete 
| 238|0x00000000cee00000, 0x00000000cef00000, 0x00000000cef00000|100%| E|CS|TAMS 0x00000000cee00000, 0x00000000cee00000| Complete 
| 239|0x00000000cef00000, 0x00000000cf000000, 0x00000000cf000000|100%| E|CS|TAMS 0x00000000cef00000, 0x00000000cef00000| Complete 
| 240|0x00000000cf000000, 0x00000000cf100000, 0x00000000cf100000|100%| E|CS|TAMS 0x00000000cf000000, 0x00000000cf000000| Complete 
| 241|0x00000000cf100000, 0x00000000cf200000, 0x00000000cf200000|100%| E|CS|TAMS 0x00000000cf100000, 0x00000000cf100000| Complete 
| 242|0x00000000cf200000, 0x00000000cf300000, 0x00000000cf300000|100%| E|CS|TAMS 0x00000000cf200000, 0x00000000cf200000| Complete 
| 243|0x00000000cf300000, 0x00000000cf400000, 0x00000000cf400000|100%| E|CS|TAMS 0x00000000cf300000, 0x00000000cf300000| Complete 
| 244|0x00000000cf400000, 0x00000000cf500000, 0x00000000cf500000|100%| E|CS|TAMS 0x00000000cf400000, 0x00000000cf400000| Complete 
| 245|0x00000000cf500000, 0x00000000cf600000, 0x00000000cf600000|100%| E|CS|TAMS 0x00000000cf500000, 0x00000000cf500000| Complete 
| 246|0x00000000cf600000, 0x00000000cf700000, 0x00000000cf700000|100%| E|CS|TAMS 0x00000000cf600000, 0x00000000cf600000| Complete 
| 247|0x00000000cf700000, 0x00000000cf800000, 0x00000000cf800000|100%| E|CS|TAMS 0x00000000cf700000, 0x00000000cf700000| Complete 
| 248|0x00000000cf800000, 0x00000000cf900000, 0x00000000cf900000|100%| E|CS|TAMS 0x00000000cf800000, 0x00000000cf800000| Complete 
| 249|0x00000000cf900000, 0x00000000cfa00000, 0x00000000cfa00000|100%| E|CS|TAMS 0x00000000cf900000, 0x00000000cf900000| Complete 
| 250|0x00000000cfa00000, 0x00000000cfb00000, 0x00000000cfb00000|100%| E|CS|TAMS 0x00000000cfa00000, 0x00000000cfa00000| Complete 
| 251|0x00000000cfb00000, 0x00000000cfc00000, 0x00000000cfc00000|100%| E|CS|TAMS 0x00000000cfb00000, 0x00000000cfb00000| Complete 
| 252|0x00000000cfc00000, 0x00000000cfd00000, 0x00000000cfd00000|100%| E|CS|TAMS 0x00000000cfc00000, 0x00000000cfc00000| Complete 
| 253|0x00000000cfd00000, 0x00000000cfe00000, 0x00000000cfe00000|100%| E|CS|TAMS 0x00000000cfd00000, 0x00000000cfd00000| Complete 
| 254|0x00000000cfe00000, 0x00000000cff00000, 0x00000000cff00000|100%| E|CS|TAMS 0x00000000cfe00000, 0x00000000cfe00000| Complete 
| 255|0x00000000cff00000, 0x00000000d0000000, 0x00000000d0000000|100%| E|CS|TAMS 0x00000000cff00000, 0x00000000cff00000| Complete 
| 256|0x00000000d0000000, 0x00000000d0100000, 0x00000000d0100000|100%| E|CS|TAMS 0x00000000d0000000, 0x00000000d0000000| Complete 
| 257|0x00000000d0100000, 0x00000000d0200000, 0x00000000d0200000|100%| E|CS|TAMS 0x00000000d0100000, 0x00000000d0100000| Complete 
| 258|0x00000000d0200000, 0x00000000d0300000, 0x00000000d0300000|100%| E|CS|TAMS 0x00000000d0200000, 0x00000000d0200000| Complete 
| 259|0x00000000d0300000, 0x00000000d0400000, 0x00000000d0400000|100%| E|CS|TAMS 0x00000000d0300000, 0x00000000d0300000| Complete 
| 260|0x00000000d0400000, 0x00000000d0500000, 0x00000000d0500000|100%| E|CS|TAMS 0x00000000d0400000, 0x00000000d0400000| Complete 
| 261|0x00000000d0500000, 0x00000000d0600000, 0x00000000d0600000|100%| E|CS|TAMS 0x00000000d0500000, 0x00000000d0500000| Complete 
| 262|0x00000000d0600000, 0x00000000d0700000, 0x00000000d0700000|100%| E|CS|TAMS 0x00000000d0600000, 0x00000000d0600000| Complete 
| 263|0x00000000d0700000, 0x00000000d0800000, 0x00000000d0800000|100%| E|CS|TAMS 0x00000000d0700000, 0x00000000d0700000| Complete 
| 264|0x00000000d0800000, 0x00000000d0900000, 0x00000000d0900000|100%| E|CS|TAMS 0x00000000d0800000, 0x00000000d0800000| Complete 
| 265|0x00000000d0900000, 0x00000000d0a00000, 0x00000000d0a00000|100%| E|CS|TAMS 0x00000000d0900000, 0x00000000d0900000| Complete 
| 266|0x00000000d0a00000, 0x00000000d0b00000, 0x00000000d0b00000|100%| E|CS|TAMS 0x00000000d0a00000, 0x00000000d0a00000| Complete 
| 267|0x00000000d0b00000, 0x00000000d0c00000, 0x00000000d0c00000|100%| E|CS|TAMS 0x00000000d0b00000, 0x00000000d0b00000| Complete 
| 268|0x00000000d0c00000, 0x00000000d0d00000, 0x00000000d0d00000|100%| E|CS|TAMS 0x00000000d0c00000, 0x00000000d0c00000| Complete 
| 269|0x00000000d0d00000, 0x00000000d0e00000, 0x00000000d0e00000|100%| E|CS|TAMS 0x00000000d0d00000, 0x00000000d0d00000| Complete 
| 270|0x00000000d0e00000, 0x00000000d0f00000, 0x00000000d0f00000|100%| E|CS|TAMS 0x00000000d0e00000, 0x00000000d0e00000| Complete 
| 271|0x00000000d0f00000, 0x00000000d1000000, 0x00000000d1000000|100%| E|CS|TAMS 0x00000000d0f00000, 0x00000000d0f00000| Complete 
| 272|0x00000000d1000000, 0x00000000d1100000, 0x00000000d1100000|100%| E|CS|TAMS 0x00000000d1000000, 0x00000000d1000000| Complete 
| 273|0x00000000d1100000, 0x00000000d1200000, 0x00000000d1200000|100%| E|CS|TAMS 0x00000000d1100000, 0x00000000d1100000| Complete 
| 274|0x00000000d1200000, 0x00000000d1300000, 0x00000000d1300000|100%| E|CS|TAMS 0x00000000d1200000, 0x00000000d1200000| Complete 
| 275|0x00000000d1300000, 0x00000000d1400000, 0x00000000d1400000|100%| E|CS|TAMS 0x00000000d1300000, 0x00000000d1300000| Complete 
| 276|0x00000000d1400000, 0x00000000d1500000, 0x00000000d1500000|100%| E|CS|TAMS 0x00000000d1400000, 0x00000000d1400000| Complete 
| 277|0x00000000d1500000, 0x00000000d1600000, 0x00000000d1600000|100%| E|CS|TAMS 0x00000000d1500000, 0x00000000d1500000| Complete 
| 278|0x00000000d1600000, 0x00000000d1700000, 0x00000000d1700000|100%| E|CS|TAMS 0x00000000d1600000, 0x00000000d1600000| Complete 
| 279|0x00000000d1700000, 0x00000000d1800000, 0x00000000d1800000|100%| E|CS|TAMS 0x00000000d1700000, 0x00000000d1700000| Complete 
| 280|0x00000000d1800000, 0x00000000d1900000, 0x00000000d1900000|100%| E|CS|TAMS 0x00000000d1800000, 0x00000000d1800000| Complete 

Card table byte_map: [0x0000028039680000,0x0000028039880000] _byte_map_base: 0x0000028039080000

Marking Bits (Prev, Next): (CMBitMap*) 0x00000280221b08f8, (CMBitMap*) 0x00000280221b0938
 Prev Bits: [0x0000028039a80000, 0x000002803aa80000)
 Next Bits: [0x000002803aa80000, 0x000002803ba80000)

Polling page: 0x0000028020190000

Metaspace:

Usage:
  Non-class:     43.03 MB capacity,    41.71 MB ( 97%) used,     1.24 MB (  3%) free+waste,    85.00 KB ( <1%) overhead. 
      Class:      6.42 MB capacity,     5.54 MB ( 86%) used,   859.20 KB ( 13%) free+waste,    41.94 KB ( <1%) overhead. 
       Both:     49.45 MB capacity,    47.25 MB ( 96%) used,     2.08 MB (  4%) free+waste,   126.94 KB ( <1%) overhead. 

Virtual space:
  Non-class space:       44.00 MB reserved,      43.17 MB ( 98%) committed 
      Class space:        1.00 GB reserved,       6.50 MB ( <1%) committed 
             Both:        1.04 GB reserved,      49.67 MB (  5%) committed 

Chunk freelists:
   Non-Class:  18.00 KB
       Class:  16.00 KB
        Both:  34.00 KB

MaxMetaspaceSize: 17179869184.00 GB
CompressedClassSpaceSize: 1.00 GB

CodeHeap 'non-profiled nmethods': size=120064Kb used=3689Kb max_used=3836Kb free=116374Kb
 bounds [0x0000028032140000, 0x0000028032500000, 0x0000028039680000]
CodeHeap 'profiled nmethods': size=120000Kb used=11252Kb max_used=12519Kb free=108747Kb
 bounds [0x000002802ac10000, 0x000002802b850000, 0x0000028032140000]
CodeHeap 'non-nmethods': size=5696Kb used=1330Kb max_used=1387Kb free=4365Kb
 bounds [0x000002802a680000, 0x000002802a8f0000, 0x000002802ac10000]
 total_blobs=8846 nmethods=4948 adapters=536
 compilation: enabled
              stopped_count=0, restarted_count=0
 full_count=0

Compilation events (20 events):
Event: 485.236 Thread 0x000002803de0d000 nmethod 6120 0x000002802afe6c90 code [0x000002802afe6e20, 0x000002802afe6f58]
Event: 486.266 Thread 0x000002803de0d000 6121       1       java.util.concurrent.ThreadPoolExecutor::getQueue (5 bytes)
Event: 486.267 Thread 0x000002803de0d000 nmethod 6121 0x00000280323a5010 code [0x00000280323a51a0, 0x00000280323a52d8]
Event: 486.287 Thread 0x000002803de0d000 6122       3       java.util.concurrent.ScheduledThreadPoolExecutor$DelayedWorkQueue::setIndex (16 bytes)
Event: 486.288 Thread 0x000002803de0d000 nmethod 6122 0x000002802ae49290 code [0x000002802ae49440, 0x000002802ae497d8]
Event: 486.414 Thread 0x000002803de0d000 6123       3       java.util.concurrent.locks.AbstractQueuedSynchronizer::isOnSyncQueue (33 bytes)
Event: 486.415 Thread 0x000002803de0d000 nmethod 6123 0x000002802b6e4990 code [0x000002802b6e4b60, 0x000002802b6e4f38]
Event: 486.793 Thread 0x000002803de09800 6124       4       java.lang.Character::isHighSurrogate (18 bytes)
Event: 486.794 Thread 0x000002803de0d000 6126       3       java.nio.Buffer::checkIndex (24 bytes)
Event: 486.794 Thread 0x000002803de09800 nmethod 6124 0x00000280323a4d10 code [0x00000280323a4ea0, 0x00000280323a4ef8]
Event: 486.794 Thread 0x000002803de09800 6125       4       java.lang.Character::codePointAt (51 bytes)
Event: 486.795 Thread 0x000002803de0d000 nmethod 6126 0x000002802b524a10 code [0x000002802b524bc0, 0x000002802b524e90]
Event: 486.795 Thread 0x000002803de0d000 6127       3       java.nio.CharBuffer::charAt (16 bytes)
Event: 486.795 Thread 0x000002803de0d000 nmethod 6127 0x000002802ad8ff10 code [0x000002802ad900e0, 0x000002802ad90500]
Event: 486.796 Thread 0x000002803de0d000 6128       3       java.nio.HeapCharBuffer::get (15 bytes)
Event: 486.796 Thread 0x000002803de0d000 nmethod 6128 0x000002802b536e90 code [0x000002802b537040, 0x000002802b537298]
Event: 486.797 Thread 0x000002803de0d000 6129       3       java.util.regex.Matcher::find (69 bytes)
Event: 486.798 Thread 0x000002803de0d000 nmethod 6129 0x000002802aeb8e10 code [0x000002802aeb8fe0, 0x000002802aeb9350]
Event: 486.799 Thread 0x000002803de09800 nmethod 6125 0x00000280323a4890 code [0x00000280323a4a20, 0x00000280323a4b48]
Event: 486.804 Thread 0x000002803de0d000 6130       3       org.eclipse.jdt.internal.compiler.classfmt.AnnotationInfo::decodeDefaultValue (902 bytes)

GC Heap History (20 events):
Event: 461.598 GC heap before
{Heap before GC invocations=54 (full 0):
 garbage-first heap   total 176128K, used 130050K [0x00000000c0000000, 0x0000000100000000)
  region size 1024K, 36 young (36864K), 5 survivors (5120K)
 Metaspace       used 38935K, capacity 41059K, committed 41264K, reserved 1085440K
  class space    used 4045K, capacity 4883K, committed 4992K, reserved 1048576K
}
Event: 461.645 GC heap after
{Heap after GC invocations=55 (full 0):
 garbage-first heap   total 176128K, used 102168K [0x00000000c0000000, 0x0000000100000000)
  region size 1024K, 4 young (4096K), 4 survivors (4096K)
 Metaspace       used 38935K, capacity 41059K, committed 41264K, reserved 1085440K
  class space    used 4045K, capacity 4883K, committed 4992K, reserved 1048576K
}
Event: 462.261 GC heap before
{Heap before GC invocations=55 (full 0):
 garbage-first heap   total 176128K, used 138008K [0x00000000c0000000, 0x0000000100000000)
  region size 1024K, 40 young (40960K), 4 survivors (4096K)
 Metaspace       used 38935K, capacity 41059K, committed 41264K, reserved 1085440K
  class space    used 4045K, capacity 4883K, committed 4992K, reserved 1048576K
}
Event: 462.304 GC heap after
{Heap after GC invocations=56 (full 0):
 garbage-first heap   total 176128K, used 105616K [0x00000000c0000000, 0x0000000100000000)
  region size 1024K, 4 young (4096K), 4 survivors (4096K)
 Metaspace       used 38935K, capacity 41059K, committed 41264K, reserved 1085440K
  class space    used 4045K, capacity 4883K, committed 4992K, reserved 1048576K
}
Event: 463.780 GC heap before
{Heap before GC invocations=57 (full 0):
 garbage-first heap   total 186368K, used 145552K [0x00000000c0000000, 0x0000000100000000)
  region size 1024K, 39 young (39936K), 4 survivors (4096K)
 Metaspace       used 38937K, capacity 41059K, committed 41264K, reserved 1085440K
  class space    used 4045K, capacity 4883K, committed 4992K, reserved 1048576K
}
Event: 463.844 GC heap after
{Heap after GC invocations=58 (full 0):
 garbage-first heap   total 186368K, used 113678K [0x00000000c0000000, 0x0000000100000000)
  region size 1024K, 4 young (4096K), 4 survivors (4096K)
 Metaspace       used 38937K, capacity 41059K, committed 41264K, reserved 1085440K
  class space    used 4045K, capacity 4883K, committed 4992K, reserved 1048576K
}
Event: 464.430 GC heap before
{Heap before GC invocations=58 (full 0):
 garbage-first heap   total 186368K, used 151566K [0x00000000c0000000, 0x0000000100000000)
  region size 1024K, 41 young (41984K), 4 survivors (4096K)
 Metaspace       used 38937K, capacity 41059K, committed 41264K, reserved 1085440K
  class space    used 4045K, capacity 4883K, committed 4992K, reserved 1048576K
}
Event: 464.486 GC heap after
{Heap after GC invocations=59 (full 0):
 garbage-first heap   total 221184K, used 118650K [0x00000000c0000000, 0x0000000100000000)
  region size 1024K, 5 young (5120K), 5 survivors (5120K)
 Metaspace       used 38937K, capacity 41059K, committed 41264K, reserved 1085440K
  class space    used 4045K, capacity 4883K, committed 4992K, reserved 1048576K
}
Event: 465.587 GC heap before
{Heap before GC invocations=60 (full 0):
 garbage-first heap   total 221184K, used 132986K [0x00000000c0000000, 0x0000000100000000)
  region size 1024K, 23 young (23552K), 5 survivors (5120K)
 Metaspace       used 39132K, capacity 41347K, committed 41520K, reserved 1085440K
  class space    used 4075K, capacity 4955K, committed 4992K, reserved 1048576K
}
Event: 465.647 GC heap after
{Heap after GC invocations=61 (full 0):
 garbage-first heap   total 221184K, used 119808K [0x00000000c0000000, 0x0000000100000000)
  region size 1024K, 3 young (3072K), 3 survivors (3072K)
 Metaspace       used 39132K, capacity 41347K, committed 41520K, reserved 1085440K
  class space    used 4075K, capacity 4955K, committed 4992K, reserved 1048576K
}
Event: 467.674 GC heap before
{Heap before GC invocations=62 (full 0):
 garbage-first heap   total 221184K, used 167936K [0x00000000c0000000, 0x0000000100000000)
  region size 1024K, 48 young (49152K), 3 survivors (3072K)
 Metaspace       used 40744K, capacity 42960K, committed 43056K, reserved 1087488K
  class space    used 4323K, capacity 5218K, committed 5248K, reserved 1048576K
}
Event: 467.730 GC heap after
{Heap after GC invocations=63 (full 0):
 garbage-first heap   total 221184K, used 127822K [0x00000000c0000000, 0x0000000100000000)
  region size 1024K, 6 young (6144K), 6 survivors (6144K)
 Metaspace       used 40744K, capacity 42960K, committed 43056K, reserved 1087488K
  class space    used 4323K, capacity 5218K, committed 5248K, reserved 1048576K
}
Event: 469.289 GC heap before
{Heap before GC invocations=63 (full 0):
 garbage-first heap   total 221184K, used 170830K [0x00000000c0000000, 0x0000000100000000)
  region size 1024K, 49 young (50176K), 6 survivors (6144K)
 Metaspace       used 40845K, capacity 43144K, committed 43440K, reserved 1087488K
  class space    used 4343K, capacity 5258K, committed 5376K, reserved 1048576K
}
Event: 469.356 GC heap after
{Heap after GC invocations=64 (full 0):
 garbage-first heap   total 221184K, used 135063K [0x00000000c0000000, 0x0000000100000000)
  region size 1024K, 7 young (7168K), 7 survivors (7168K)
 Metaspace       used 40845K, capacity 43144K, committed 43440K, reserved 1087488K
  class space    used 4343K, capacity 5258K, committed 5376K, reserved 1048576K
}
Event: 470.917 GC heap before
{Heap before GC invocations=65 (full 0):
 garbage-first heap   total 256000K, used 172951K [0x00000000c0000000, 0x0000000100000000)
  region size 1024K, 45 young (46080K), 7 survivors (7168K)
 Metaspace       used 43640K, capacity 46018K, committed 46128K, reserved 1089536K
  class space    used 4766K, capacity 5683K, committed 5760K, reserved 1048576K
}
Event: 470.996 GC heap after
{Heap after GC invocations=66 (full 0):
 garbage-first heap   total 287744K, used 139065K [0x00000000c0000000, 0x0000000100000000)
  region size 1024K, 4 young (4096K), 4 survivors (4096K)
 Metaspace       used 43640K, capacity 46018K, committed 46128K, reserved 1089536K
  class space    used 4766K, capacity 5683K, committed 5760K, reserved 1048576K
}
Event: 473.821 GC heap before
{Heap before GC invocations=66 (full 0):
 garbage-first heap   total 287744K, used 204601K [0x00000000c0000000, 0x0000000100000000)
  region size 1024K, 68 young (69632K), 4 survivors (4096K)
 Metaspace       used 46981K, capacity 49272K, committed 49328K, reserved 1091584K
  class space    used 5492K, capacity 6396K, committed 6400K, reserved 1048576K
}
Event: 473.889 GC heap after
{Heap after GC invocations=67 (full 0):
 garbage-first heap   total 287744K, used 142137K [0x00000000c0000000, 0x0000000100000000)
  region size 1024K, 7 young (7168K), 7 survivors (7168K)
 Metaspace       used 46981K, capacity 49272K, committed 49328K, reserved 1091584K
  class space    used 5492K, capacity 6396K, committed 6400K, reserved 1048576K
}
Event: 481.535 GC heap before
{Heap before GC invocations=68 (full 0):
 garbage-first heap   total 287744K, used 225081K [0x00000000c0000000, 0x0000000100000000)
  region size 1024K, 88 young (90112K), 7 survivors (7168K)
 Metaspace       used 48060K, capacity 50337K, committed 50608K, reserved 1093632K
  class space    used 5632K, capacity 6540K, committed 6656K, reserved 1048576K
}
Event: 481.617 GC heap after
{Heap after GC invocations=69 (full 0):
 garbage-first heap   total 287744K, used 149218K [0x00000000c0000000, 0x0000000100000000)
  region size 1024K, 11 young (11264K), 11 survivors (11264K)
 Metaspace       used 48060K, capacity 50337K, committed 50608K, reserved 1093632K
  class space    used 5632K, capacity 6540K, committed 6656K, reserved 1048576K
}

Deoptimization events (20 events):
Event: 486.793 Thread 0x000002803fd55000 Uncommon trap: trap_request=0xffffffc6 fr.pc=0x00000280322b245c relative=0x000000000000021c
Event: 486.793 Thread 0x000002803fd55000 Uncommon trap: reason=bimorphic_or_optimized_type_check action=maybe_recompile pc=0x00000280322b245c method=java.util.regex.Pattern$BmpCharProperty.match(Ljava/util/regex/Matcher;ILjava/lang/CharSequence;)Z @ 14 c2
Event: 486.793 Thread 0x000002803fd55000 DEOPT PACKING pc=0x00000280322b245c sp=0x000000d458afe540
Event: 486.793 Thread 0x000002803fd55000 DEOPT UNPACKING pc=0x000002802a6c942f sp=0x000000d458afe4e0 mode 2
Event: 486.793 Thread 0x000002803fd55000 Uncommon trap: trap_request=0xffffffbe fr.pc=0x00000280324f1f98 relative=0x00000000000002d8
Event: 486.793 Thread 0x000002803fd55000 Uncommon trap: reason=profile_predicate action=maybe_recompile pc=0x00000280324f1f98 method=java.util.regex.Pattern$Slice.match(Ljava/util/regex/Matcher;ILjava/lang/CharSequence;)Z @ 18 c2
Event: 486.793 Thread 0x000002803fd55000 DEOPT PACKING pc=0x00000280324f1f98 sp=0x000000d458afe530
Event: 486.793 Thread 0x000002803fd55000 DEOPT UNPACKING pc=0x000002802a6c942f sp=0x000000d458afe4d0 mode 2
Event: 486.793 Thread 0x000002803fd55000 Uncommon trap: trap_request=0xffffffc6 fr.pc=0x00000280322b245c relative=0x000000000000021c
Event: 486.793 Thread 0x000002803fd55000 Uncommon trap: reason=bimorphic_or_optimized_type_check action=maybe_recompile pc=0x00000280322b245c method=java.util.regex.Pattern$BmpCharProperty.match(Ljava/util/regex/Matcher;ILjava/lang/CharSequence;)Z @ 14 c2
Event: 486.793 Thread 0x000002803fd55000 DEOPT PACKING pc=0x00000280322b245c sp=0x000000d458afe540
Event: 486.793 Thread 0x000002803fd55000 DEOPT UNPACKING pc=0x000002802a6c942f sp=0x000000d458afe4e0 mode 2
Event: 486.794 Thread 0x000002803fd55000 Uncommon trap: trap_request=0xffffffbe fr.pc=0x00000280324f1f98 relative=0x00000000000002d8
Event: 486.794 Thread 0x000002803fd55000 Uncommon trap: reason=profile_predicate action=maybe_recompile pc=0x00000280324f1f98 method=java.util.regex.Pattern$Slice.match(Ljava/util/regex/Matcher;ILjava/lang/CharSequence;)Z @ 18 c2
Event: 486.794 Thread 0x000002803fd55000 DEOPT PACKING pc=0x00000280324f1f98 sp=0x000000d458afe530
Event: 486.794 Thread 0x000002803fd55000 DEOPT UNPACKING pc=0x000002802a6c942f sp=0x000000d458afe4d0 mode 2
Event: 486.794 Thread 0x000002803fd55000 Uncommon trap: trap_request=0xffffffc6 fr.pc=0x00000280322b245c relative=0x000000000000021c
Event: 486.794 Thread 0x000002803fd55000 Uncommon trap: reason=bimorphic_or_optimized_type_check action=maybe_recompile pc=0x00000280322b245c method=java.util.regex.Pattern$BmpCharProperty.match(Ljava/util/regex/Matcher;ILjava/lang/CharSequence;)Z @ 14 c2
Event: 486.794 Thread 0x000002803fd55000 DEOPT PACKING pc=0x00000280322b245c sp=0x000000d458afe540
Event: 486.794 Thread 0x000002803fd55000 DEOPT UNPACKING pc=0x000002802a6c942f sp=0x000000d458afe4e0 mode 2

Classes unloaded (0 events):
No events

Classes redefined (0 events):
No events

Internal exceptions (20 events):
Event: 418.973 Thread 0x000002803fd70800 Exception <a 'sun/nio/fs/WindowsException'{0x00000000c3406ec8}> (0x00000000c3406ec8) 
thrown [t:/workspace/open/src/hotspot/share/prims/jni.cpp, line 598]
Event: 418.976 Thread 0x000002803fd70800 Exception <a 'sun/nio/fs/WindowsException'{0x00000000c340a820}> (0x00000000c340a820) 
thrown [t:/workspace/open/src/hotspot/share/prims/jni.cpp, line 598]
Event: 418.978 Thread 0x000002803fd70800 Exception <a 'sun/nio/fs/WindowsException'{0x00000000c340db48}> (0x00000000c340db48) 
thrown [t:/workspace/open/src/hotspot/share/prims/jni.cpp, line 598]
Event: 419.011 Thread 0x000002803fd70800 Exception <a 'sun/nio/fs/WindowsException'{0x00000000c34110d0}> (0x00000000c34110d0) 
thrown [t:/workspace/open/src/hotspot/share/prims/jni.cpp, line 598]
Event: 419.023 Thread 0x000002803fd70800 Exception <a 'sun/nio/fs/WindowsException'{0x00000000c3414668}> (0x00000000c3414668) 
thrown [t:/workspace/open/src/hotspot/share/prims/jni.cpp, line 598]
Event: 419.025 Thread 0x000002803fd70800 Exception <a 'sun/nio/fs/WindowsException'{0x00000000c3417eb8}> (0x00000000c3417eb8) 
thrown [t:/workspace/open/src/hotspot/share/prims/jni.cpp, line 598]
Event: 419.026 Thread 0x000002803fd70800 Exception <a 'sun/nio/fs/WindowsException'{0x00000000c341b5c8}> (0x00000000c341b5c8) 
thrown [t:/workspace/open/src/hotspot/share/prims/jni.cpp, line 598]
Event: 419.429 Thread 0x000002803fd70800 Exception <a 'java/io/FileNotFoundException'{0x00000000c32e5200}> (0x00000000c32e5200) 
thrown [t:/workspace/open/src/hotspot/share/prims/jni.cpp, line 598]
Event: 427.987 Thread 0x000002803fd32800 Implicit null exception at 0x000002803235e7dc to 0x000002803235e8f2
Event: 432.311 Thread 0x000002803fd32800 Implicit null exception at 0x00000280323e8369 to 0x00000280323ef35e
Event: 434.161 Thread 0x000002803fd32800 Implicit null exception at 0x00000280323fd80c to 0x0000028032406b86
Event: 466.702 Thread 0x0000028041fd2000 Exception <a 'java/lang/NoSuchMethodError'{0x00000000cbf9b858}: 'java.lang.Object java.lang.invoke.DirectMethodHandle$Holder.invokeVirtual(java.lang.Object, java.lang.Object, java.lang.Object, java.lang.Object, java.lang.Object)'> (0x00000000cbf9b858) 
thrown [t:/workspace/open/src/hotspot/share/interpreter/linkResolver.cpp, line 767]
Event: 469.695 Thread 0x0000028041fd2000 Exception <a 'java/lang/NoSuchMethodError'{0x00000000ccc04598}: 'java.lang.Object java.lang.invoke.Invokers$Holder.invoker(java.lang.Object, java.lang.Object, java.lang.Object, java.lang.Object, java.lang.Object)'> (0x00000000ccc04598) 
thrown [t:/workspace/open/src/hotspot/share/interpreter/linkResolver.cpp, line 767]
Event: 469.717 Thread 0x0000028041fd2000 Exception <a 'java/lang/NoSuchMethodError'{0x00000000ccc0e4b8}: 'void java.lang.invoke.DirectMethodHandle$Holder.invokeStatic(java.lang.Object, java.lang.Object, int, java.lang.Object)'> (0x00000000ccc0e4b8) 
thrown [t:/workspace/open/src/hotspot/share/interpreter/linkResolver.cpp, line 767]
Event: 469.718 Thread 0x0000028041fd2000 Exception <a 'java/lang/NoSuchMethodError'{0x00000000ccc118f0}: 'void java.lang.invoke.DelegatingMethodHandle$Holder.delegate(java.lang.Object, java.lang.Object, int, java.lang.Object)'> (0x00000000ccc118f0) 
thrown [t:/workspace/open/src/hotspot/share/interpreter/linkResolver.cpp, line 767]
Event: 470.065 Thread 0x0000028041fd2000 Exception <a 'java/lang/NoClassDefFoundError'{0x00000000cf85f758}: org/slf4j/impl/StaticMarkerBinder> (0x00000000cf85f758) 
thrown [t:/workspace/open/src/hotspot/share/classfile/systemDictionary.cpp, line 221]
Event: 479.865 Thread 0x000002803fd55000 Exception <a 'java/lang/NoSuchMethodError'{0x00000000cde199e0}: 'void java.lang.invoke.DirectMethodHandle$Holder.invokeStatic(java.lang.Object, long)'> (0x00000000cde199e0) 
thrown [t:/workspace/open/src/hotspot/share/interpreter/linkResolver.cpp, line 767]
Event: 479.933 Thread 0x000002803fd55000 Exception <a 'java/lang/NoSuchMethodError'{0x00000000cde211b0}: 'java.lang.Object java.lang.invoke.DirectMethodHandle$Holder.invokeStatic(java.lang.Object, java.lang.Object, long, java.lang.Object)'> (0x00000000cde211b0) 
thrown [t:/workspace/open/src/hotspot/share/interpreter/linkResolver.cpp, line 767]
Event: 479.934 Thread 0x000002803fd55000 Exception <a 'java/lang/NoSuchMethodError'{0x00000000cde24148}: 'java.lang.Object java.lang.invoke.DirectMethodHandle$Holder.invokeStaticInit(java.lang.Object, java.lang.Object, long, java.lang.Object)'> (0x00000000cde24148) 
thrown [t:/workspace/open/src/hotspot/share/interpreter/linkResolver.cpp, line 767]
Event: 479.935 Thread 0x000002803fd55000 Exception <a 'java/lang/NoSuchMethodError'{0x00000000cde29a28}: 'java.lang.Object java.lang.invoke.Invokers$Holder.linkToTargetMethod(java.lang.Object, long, java.lang.Object)'> (0x00000000cde29a28) 
thrown [t:/workspace/open/src/hotspot/share/interpreter/linkResolver.cpp, line 767]

Events (20 events):
Event: 479.950 loading class org/gradle/process/ExecResult
Event: 479.950 loading class org/gradle/process/ExecResult done
Event: 479.950 Executing VM operation: RevokeBias
Event: 479.959 Executing VM operation: RevokeBias done
Event: 479.959 Executing VM operation: RevokeBias
Event: 479.959 Thread 0x000002803fd57000 Thread exited: 0x000002803fd57000
Event: 479.966 Thread 0x000002803fd56000 Thread added: 0x000002803fd56000
Event: 479.966 loading class java/util/Scanner
Event: 479.968 loading class java/util/Scanner done
Event: 479.971 loading class java/util/Scanner$PatternLRUCache
Event: 479.971 loading class java/util/Scanner$PatternLRUCache done
Event: 479.991 Executing VM operation: RevokeBias done
Event: 480.015 loading class org/gradle/internal/concurrent/CompositeStoppable$2
Event: 480.015 loading class org/gradle/internal/concurrent/CompositeStoppable$2 done
Event: 480.016 Executing VM operation: RevokeBias
Event: 480.021 Executing VM operation: RevokeBias done
Event: 481.535 Executing VM operation: G1CollectForAllocation
Event: 481.617 Executing VM operation: G1CollectForAllocation done
Event: 486.604 loading class java/util/regex/Matcher$ImmutableMatchResult
Event: 486.605 loading class java/util/regex/Matcher$ImmutableMatchResult done


Dynamic libraries:
0x00007ff7025a0000 - 0x00007ff7025af000 	F:\Programs\JDK\bin\java.exe
0x00007ff8d2060000 - 0x00007ff8d2250000 	C:\Windows\SYSTEM32\ntdll.dll
0x00007ff8d08c0000 - 0x00007ff8d0972000 	C:\Windows\System32\KERNEL32.DLL
0x00007ff8cfa70000 - 0x00007ff8cfd13000 	C:\Windows\System32\KERNELBASE.dll
0x00007ff8cf8c0000 - 0x00007ff8cf9ba000 	C:\Windows\System32\ucrtbase.dll
0x00007ff8c0a30000 - 0x00007ff8c0a48000 	F:\Programs\JDK\bin\jli.dll
0x00007ff8c1010000 - 0x00007ff8c1025000 	F:\Programs\JDK\bin\VCRUNTIME140.dll
0x00007ff8d1190000 - 0x00007ff8d1233000 	C:\Windows\System32\ADVAPI32.dll
0x00007ff8d0b70000 - 0x00007ff8d0c0e000 	C:\Windows\System32\msvcrt.dll
0x00007ff8d0ed0000 - 0x00007ff8d0f67000 	C:\Windows\System32\sechost.dll
0x00007ff8d0980000 - 0x00007ff8d0aa0000 	C:\Windows\System32\RPCRT4.dll
0x00007ff8d0d30000 - 0x00007ff8d0ec4000 	C:\Windows\System32\USER32.dll
0x00007ff8cfa10000 - 0x00007ff8cfa31000 	C:\Windows\System32\win32u.dll
0x00007ff8d18d0000 - 0x00007ff8d18f6000 	C:\Windows\System32\GDI32.dll
0x00007ff8cfe20000 - 0x00007ff8cffb4000 	C:\Windows\System32\gdi32full.dll
0x00007ff8d0070000 - 0x00007ff8d010e000 	C:\Windows\System32\msvcp_win.dll
0x00007ff8c0d70000 - 0x00007ff8c0ff5000 	C:\Windows\WinSxS\amd64_microsoft.windows.common-controls_6595b64144ccf1df_6.0.18362.592_none_e6c0b1911312be02\COMCTL32.dll
0x00007ff8d1b30000 - 0x00007ff8d1e66000 	C:\Windows\System32\combase.dll
0x00007ff8cfda0000 - 0x00007ff8cfe20000 	C:\Windows\System32\bcryptPrimitives.dll
0x00007ff8c6df0000 - 0x00007ff8c6dfa000 	C:\Windows\SYSTEM32\VERSION.dll
0x00007ff8d1900000 - 0x00007ff8d192e000 	C:\Windows\System32\IMM32.DLL
0x00007ff8ba6d0000 - 0x00007ff8ba76b000 	F:\Programs\JDK\bin\msvcp140.dll
0x00007ff8947f0000 - 0x00007ff895356000 	F:\Programs\JDK\bin\server\jvm.dll
0x00007ff8d2010000 - 0x00007ff8d2018000 	C:\Windows\System32\PSAPI.DLL
0x00007ff8bd050000 - 0x00007ff8bd059000 	C:\Windows\SYSTEM32\WSOCK32.dll
0x00007ff8d0c10000 - 0x00007ff8d0c7f000 	C:\Windows\System32\WS2_32.dll
0x00007ff8cd090000 - 0x00007ff8cd0b4000 	C:\Windows\SYSTEM32\WINMM.dll
0x00007ff8cd060000 - 0x00007ff8cd08d000 	C:\Windows\SYSTEM32\WINMMBASE.dll
0x00007ff8cf9c0000 - 0x00007ff8cfa0a000 	C:\Windows\System32\cfgmgr32.dll
0x00007ff8cef40000 - 0x00007ff8cef51000 	C:\Windows\System32\kernel.appcore.dll
0x00007ff8c7110000 - 0x00007ff8c7120000 	F:\Programs\JDK\bin\verify.dll
0x00007ff8bdd30000 - 0x00007ff8bdf24000 	C:\Windows\SYSTEM32\DBGHELP.DLL
0x00007ff8bdfa0000 - 0x00007ff8bdfca000 	C:\Windows\SYSTEM32\dbgcore.DLL
0x00007ff8c0a00000 - 0x00007ff8c0a26000 	F:\Programs\JDK\bin\java.dll
0x00007ff8c09e0000 - 0x00007ff8c09f7000 	F:\Programs\JDK\bin\zip.dll
0x00007ff8c1090000 - 0x00007ff8c109a000 	F:\Programs\JDK\bin\jimage.dll
0x00007ff8d01d0000 - 0x00007ff8d08b5000 	C:\Windows\System32\SHELL32.dll
0x00007ff8d0c80000 - 0x00007ff8d0d29000 	C:\Windows\System32\shcore.dll
0x00007ff8cf140000 - 0x00007ff8cf8bf000 	C:\Windows\System32\windows.storage.dll
0x00007ff8cef60000 - 0x00007ff8cef7f000 	C:\Windows\System32\profapi.dll
0x00007ff8cefa0000 - 0x00007ff8cefea000 	C:\Windows\System32\powrprof.dll
0x00007ff8cef30000 - 0x00007ff8cef40000 	C:\Windows\System32\UMPDC.dll
0x00007ff8d0170000 - 0x00007ff8d01c2000 	C:\Windows\System32\shlwapi.dll
0x00007ff8cfd80000 - 0x00007ff8cfd97000 	C:\Windows\System32\cryptsp.dll
0x00007ff8c09b0000 - 0x00007ff8c09c9000 	F:\Programs\JDK\bin\net.dll
0x00007ff8c27e0000 - 0x00007ff8c28d0000 	C:\Windows\SYSTEM32\WINHTTP.dll
0x00007ff8ce740000 - 0x00007ff8ce7a7000 	C:\Windows\system32\mswsock.dll
0x00007ff8c0990000 - 0x00007ff8c09a3000 	F:\Programs\JDK\bin\nio.dll
0x00007ff8ce2b0000 - 0x00007ff8ce2e3000 	C:\Windows\system32\rsaenh.dll
0x00007ff8cfa40000 - 0x00007ff8cfa66000 	C:\Windows\System32\bcrypt.dll
0x00007ff8cee50000 - 0x00007ff8cee75000 	C:\Windows\SYSTEM32\USERENV.dll
0x00007ff8ce910000 - 0x00007ff8ce91c000 	C:\Windows\SYSTEM32\CRYPTBASE.dll
0x00007ff8ce450000 - 0x00007ff8ce48a000 	C:\Windows\SYSTEM32\IPHLPAPI.DLL
0x00007ff8d1240000 - 0x00007ff8d1248000 	C:\Windows\System32\NSI.dll
0x00007ff8c55a0000 - 0x00007ff8c55b6000 	C:\Windows\SYSTEM32\dhcpcsvc6.DLL
0x00007ff8c5700000 - 0x00007ff8c571c000 	C:\Windows\SYSTEM32\dhcpcsvc.DLL
0x00007ff8ce490000 - 0x00007ff8ce55a000 	C:\Windows\SYSTEM32\DNSAPI.dll
0x00007ff8ba900000 - 0x00007ff8ba929000 	C:\Users\samda\.vscode\extensions\redhat.java-0.55.1\server\config_win\org.eclipse.equinox.launcher\org.eclipse.equinox.launcher.win32.win32.x86_64_1.1.1100.v20190907-0426\eclipse_1902.dll
0x00007ff8bfa40000 - 0x00007ff8bfa51000 	C:\Users\samda\.vscode\extensions\redhat.java-0.55.1\server\config_win\org.eclipse.osgi\20\0\.cp\jWinHttp-1.0.0.dll
0x00007ff8d1260000 - 0x00007ff8d13b6000 	C:\Windows\System32\ole32.dll
0x00007ff8c25f0000 - 0x00007ff8c25f9000 	F:\Programs\JDK\bin\management.dll
0x00007ff8c0840000 - 0x00007ff8c084b000 	F:\Programs\JDK\bin\management_ext.dll
0x00007ff8bf9a0000 - 0x00007ff8bf9be000 	C:\Users\samda\.gradle\native\25\windows-amd64\native-platform.dll

dbghelp: loaded successfully - version: 4.0.5 - missing functions: none
symbol engine: initialized successfully - sym options: 0x614 - pdb path: .;F:\Programs\JDK\bin;C:\Windows\SYSTEM32;C:\Windows\WinSxS\amd64_microsoft.windows.common-controls_6595b64144ccf1df_6.0.18362.592_none_e6c0b1911312be02;F:\Programs\JDK\bin\server;C:\Users\samda\.vscode\extensions\redhat.java-0.55.1\server\config_win\org.eclipse.equinox.launcher\org.eclipse.equinox.launcher.win32.win32.x86_64_1.1.1100.v20190907-0426;C:\Users\samda\.vscode\extensions\redhat.java-0.55.1\server\config_win\org.eclipse.osgi\20\0\.cp;C:\Users\samda\.gradle\native\25\windows-amd64

VM Arguments:
jvm_args: --add-modules=ALL-SYSTEM --add-opens=java.base/java.util=ALL-UNNAMED --add-opens=java.base/java.lang=ALL-UNNAMED -Declipse.application=org.eclipse.jdt.ls.core.id1 -Dosgi.bundles.defaultStartLevel=4 -Declipse.product=org.eclipse.jdt.ls.core.product -Dfile.encoding=utf8 -DwatchParentProcess=false -Xverify:none -Xmx1G -XX:+UseG1GC -XX:+UseStringDeduplication 
java_command: c:\Users\samda\.vscode\extensions\redhat.java-0.55.1\server\plugins\org.eclipse.equinox.launcher_1.5.600.v20191014-2022.jar -configuration c:\Users\samda\.vscode\extensions\redhat.java-0.55.1\server\config_win -data c:\Users\samda\AppData\Roaming\Code\User\workspaceStorage\07c03c04871282faabae7c1f4f40eecc\redhat.java\jdt_ws
java_class_path (initial): c:\Users\samda\.vscode\extensions\redhat.java-0.55.1\server\plugins\org.eclipse.equinox.launcher_1.5.600.v20191014-2022.jar
Launcher Type: SUN_STANDARD

[Global flags]
     intx CICompilerCount                          = 2                                         {product} {ergonomic}
     uint ConcGCThreads                            = 1                                         {product} {ergonomic}
     uint G1ConcRefinementThreads                  = 2                                         {product} {ergonomic}
   size_t G1HeapRegionSize                         = 1048576                                   {product} {ergonomic}
    uintx GCDrainStackTargetSize                   = 64                                        {product} {ergonomic}
   size_t InitialHeapSize                          = 67108864                                  {product} {ergonomic}
   size_t MarkStackSize                            = 4194304                                   {product} {ergonomic}
   size_t MaxHeapSize                              = 1073741824                                {product} {command line}
   size_t MaxNewSize                               = 643825664                                 {product} {ergonomic}
   size_t MinHeapDeltaBytes                        = 1048576                                   {product} {ergonomic}
   size_t MinHeapSize                              = 8388608                                   {product} {ergonomic}
    uintx NonNMethodCodeHeapSize                   = 5825164                                {pd product} {ergonomic}
    uintx NonProfiledCodeHeapSize                  = 122916538                              {pd product} {ergonomic}
    uintx ProfiledCodeHeapSize                     = 122916538                              {pd product} {ergonomic}
    uintx ReservedCodeCacheSize                    = 251658240                              {pd product} {ergonomic}
     bool SegmentedCodeCache                       = true                                      {product} {ergonomic}
   size_t SoftMaxHeapSize                          = 1073741824                             {manageable} {ergonomic}
     bool UseCompressedClassPointers               = true                                 {lp64_product} {ergonomic}
     bool UseCompressedOops                        = true                                 {lp64_product} {ergonomic}
     bool UseG1GC                                  = true                                      {product} {command line}
     bool UseLargePagesIndividualAllocation        = false                                  {pd product} {ergonomic}
     bool UseStringDeduplication                   = true                                      {product} {command line}

Logging:
Log output configuration:
 #0: stdout all=warning uptime,level,tags
 #1: stderr all=off uptime,level,tags

Environment Variables:
PATH=C:\Program Files\National Instruments\Shared\OpenVINO\;C:\Program Files (x86)\Common Files\Oracle\Java\javapath;C:\Windows\system32;C:\Windows;C:\Windows\System32\Wbem;C:\Windows\System32\WindowsPowerShell\v1.0\;C:\Windows\System32\OpenSSH\;C:\Program Files\Java\jdk-12.0.2\bin;F:\Programs\Microsoft VS Code\bin;F:\Programs\Git\cmd;C:\Users\samda\AppData\Local\Microsoft\WindowsApps;C:\Program Files\Java\jdk-12.0.2\bin;
USERNAME=samda
OS=Windows_NT
PROCESSOR_IDENTIFIER=AMD64 Family 21 Model 112 Stepping 0, AuthenticAMD



---------------  S Y S T E M  ---------------

OS: Windows 10 , 64 bit Build 18362 (10.0.18362.329)

CPU:total 2 (initial active 2) (2 cores per cpu, 1 threads per core) family 21 model 112 stepping 0, cmov, cx8, fxsr, mmx, sse, sse2, sse3, ssse3, sse4.1, sse4.2, popcnt, avx, avx2, aes, clmul, mmxext, 3dnowpref, lzcnt, sse4a, tsc, tscinvbit, tscinv, bmi1, bmi2, fma

Memory: 4k page, system-wide physical 3974M (535M free)
TotalPageFile size 4400M (AvailPageFile size 152M)
current process WorkingSet (physical memory assigned to process): 527M, peak: 553M
current process commit charge ("private bytes"): 471M, peak: 503M

vm_info: Java HotSpot(TM) 64-Bit Server VM (13.0.1+9) for windows-amd64 JRE (13.0.1+9), built on Oct  6 2019 12:37:49 by "mach5one" with unknown MS VC++:1916

END.
